{"C:\\Users\\yejin\\Downloads\\cryo\\chalk-app\\App.tsx": {"path":"C:\\Users\\yejin\\Downloads\\cryo\\chalk-app\\App.tsx","statementMap":{"0":{"start":{"line":5,"column":2},"end":{"line":10,"column":4}},"1":{"start":{"line":13,"column":15},"end":{"line":20,"column":2}}},"fnMap":{"0":{"name":"App","decl":{"start":{"line":4,"column":24},"end":{"line":4,"column":27}},"loc":{"start":{"line":4,"column":30},"end":{"line":11,"column":1}},"line":4}},"branchMap":{},"s":{"0":0,"1":0},"f":{"0":0},"b":{}}
,"C:\\Users\\yejin\\Downloads\\cryo\\chalk-app\\expo-env.d.ts": {"path":"C:\\Users\\yejin\\Downloads\\cryo\\chalk-app\\expo-env.d.ts","statementMap":{},"fnMap":{},"branchMap":{},"s":{},"f":{},"b":{}}
,"C:\\Users\\yejin\\Downloads\\cryo\\chalk-app\\index.ts": {"path":"C:\\Users\\yejin\\Downloads\\cryo\\chalk-app\\index.ts","statementMap":{"0":{"start":{"line":8,"column":0},"end":{"line":8,"column":27}}},"fnMap":{},"branchMap":{},"s":{"0":0},"f":{},"b":{}}
,"C:\\Users\\yejin\\Downloads\\cryo\\chalk-app\\.expo\\types\\router.d.ts": {"path":"C:\\Users\\yejin\\Downloads\\cryo\\chalk-app\\.expo\\types\\router.d.ts","statementMap":{},"fnMap":{},"branchMap":{},"s":{},"f":{},"b":{}}
,"C:\\Users\\yejin\\Downloads\\cryo\\chalk-app\\app\\_layout.tsx": {"path":"C:\\Users\\yejin\\Downloads\\cryo\\chalk-app\\app\\_layout.tsx","statementMap":{"0":{"start":{"line":9,"column":4},"end":{"line":11,"column":11}},"1":{"start":{"line":10,"column":8},"end":{"line":10,"column":31}},"2":{"start":{"line":13,"column":4},"end":{"line":24,"column":6}}},"fnMap":{"0":{"name":"RootLayout","decl":{"start":{"line":8,"column":24},"end":{"line":8,"column":34}},"loc":{"start":{"line":8,"column":37},"end":{"line":25,"column":1}},"line":8},"1":{"name":"(anonymous_1)","decl":{"start":{"line":9,"column":14},"end":{"line":9,"column":15}},"loc":{"start":{"line":9,"column":20},"end":{"line":11,"column":5}},"line":9}},"branchMap":{},"s":{"0":0,"1":0,"2":0},"f":{"0":0,"1":0},"b":{}}
,"C:\\Users\\yejin\\Downloads\\cryo\\chalk-app\\app\\index.tsx": {"path":"C:\\Users\\yejin\\Downloads\\cryo\\chalk-app\\app\\index.tsx","statementMap":{"0":{"start":{"line":22,"column":4},"end":{"line":22,"column":50}},"1":{"start":{"line":22,"column":21},"end":{"line":22,"column":50}},"2":{"start":{"line":23,"column":4},"end":{"line":23,"column":50}},"3":{"start":{"line":23,"column":21},"end":{"line":23,"column":50}},"4":{"start":{"line":24,"column":4},"end":{"line":24,"column":50}},"5":{"start":{"line":24,"column":21},"end":{"line":24,"column":50}},"6":{"start":{"line":25,"column":4},"end":{"line":25,"column":48}},"7":{"start":{"line":25,"column":21},"end":{"line":25,"column":48}},"8":{"start":{"line":26,"column":4},"end":{"line":26,"column":29}},"9":{"start":{"line":29,"column":17},"end":{"line":60,"column":1}},"10":{"start":{"line":30,"column":20},"end":{"line":30,"column":65}},"11":{"start":{"line":32,"column":4},"end":{"line":47,"column":11}},"12":{"start":{"line":33,"column":8},"end":{"line":46,"column":18}},"13":{"start":{"line":49,"column":4},"end":{"line":59,"column":6}},"14":{"start":{"line":69,"column":8},"end":{"line":69,"column":18}},"15":{"start":{"line":71,"column":40},"end":{"line":71,"column":55}},"16":{"start":{"line":73,"column":4},"end":{"line":76,"column":11}},"17":{"start":{"line":74,"column":8},"end":{"line":74,"column":24}},"18":{"start":{"line":75,"column":8},"end":{"line":75,"column":24}},"19":{"start":{"line":78,"column":22},"end":{"line":82,"column":10}},"20":{"start":{"line":79,"column":8},"end":{"line":79,"column":28}},"21":{"start":{"line":80,"column":8},"end":{"line":80,"column":62}},"22":{"start":{"line":81,"column":8},"end":{"line":81,"column":29}},"23":{"start":{"line":85,"column":26},"end":{"line":85,"column":47}},"24":{"start":{"line":86,"column":30},"end":{"line":86,"column":89}},"25":{"start":{"line":86,"column":52},"end":{"line":86,"column":76}},"26":{"start":{"line":87,"column":23},"end":{"line":89,"column":11}},"27":{"start":{"line":88,"column":49},"end":{"line":88,"column":77}},"28":{"start":{"line":91,"column":4},"end":{"line":252,"column":6}},"29":{"start":{"line":118,"column":43},"end":{"line":118,"column":71}},"30":{"start":{"line":126,"column":43},"end":{"line":126,"column":67}},"31":{"start":{"line":138,"column":35},"end":{"line":138,"column":60}},"32":{"start":{"line":178,"column":28},"end":{"line":187,"column":35}},"33":{"start":{"line":191,"column":28},"end":{"line":215,"column":47}},"34":{"start":{"line":197,"column":47},"end":{"line":197,"column":85}},"35":{"start":{"line":229,"column":47},"end":{"line":229,"column":75}},"36":{"start":{"line":243,"column":35},"end":{"line":243,"column":59}},"37":{"start":{"line":255,"column":15},"end":{"line":509,"column":2}}},"fnMap":{"0":{"name":"getScoreColor","decl":{"start":{"line":21,"column":9},"end":{"line":21,"column":22}},"loc":{"start":{"line":21,"column":46},"end":{"line":27,"column":1}},"line":21},"1":{"name":"(anonymous_1)","decl":{"start":{"line":29,"column":17},"end":{"line":29,"column":18}},"loc":{"start":{"line":29,"column":121},"end":{"line":60,"column":1}},"line":29},"2":{"name":"(anonymous_2)","decl":{"start":{"line":32,"column":14},"end":{"line":32,"column":15}},"loc":{"start":{"line":32,"column":20},"end":{"line":47,"column":5}},"line":32},"3":{"name":"Dashboard","decl":{"start":{"line":62,"column":24},"end":{"line":62,"column":33}},"loc":{"start":{"line":62,"column":36},"end":{"line":253,"column":1}},"line":62},"4":{"name":"(anonymous_4)","decl":{"start":{"line":73,"column":14},"end":{"line":73,"column":15}},"loc":{"start":{"line":73,"column":20},"end":{"line":76,"column":5}},"line":73},"5":{"name":"(anonymous_5)","decl":{"start":{"line":78,"column":34},"end":{"line":78,"column":35}},"loc":{"start":{"line":78,"column":46},"end":{"line":82,"column":5}},"line":78},"6":{"name":"(anonymous_6)","decl":{"start":{"line":86,"column":47},"end":{"line":86,"column":48}},"loc":{"start":{"line":86,"column":52},"end":{"line":86,"column":76}},"line":86},"7":{"name":"(anonymous_7)","decl":{"start":{"line":88,"column":37},"end":{"line":88,"column":38}},"loc":{"start":{"line":88,"column":49},"end":{"line":88,"column":77}},"line":88},"8":{"name":"(anonymous_8)","decl":{"start":{"line":118,"column":37},"end":{"line":118,"column":38}},"loc":{"start":{"line":118,"column":43},"end":{"line":118,"column":71}},"line":118},"9":{"name":"(anonymous_9)","decl":{"start":{"line":126,"column":37},"end":{"line":126,"column":38}},"loc":{"start":{"line":126,"column":43},"end":{"line":126,"column":67}},"line":126},"10":{"name":"(anonymous_10)","decl":{"start":{"line":138,"column":29},"end":{"line":138,"column":30}},"loc":{"start":{"line":138,"column":35},"end":{"line":138,"column":60}},"line":138},"11":{"name":"(anonymous_11)","decl":{"start":{"line":177,"column":38},"end":{"line":177,"column":39}},"loc":{"start":{"line":178,"column":28},"end":{"line":187,"column":35}},"line":178},"12":{"name":"(anonymous_12)","decl":{"start":{"line":190,"column":50},"end":{"line":190,"column":51}},"loc":{"start":{"line":191,"column":28},"end":{"line":215,"column":47}},"line":191},"13":{"name":"(anonymous_13)","decl":{"start":{"line":197,"column":41},"end":{"line":197,"column":42}},"loc":{"start":{"line":197,"column":47},"end":{"line":197,"column":85}},"line":197},"14":{"name":"(anonymous_14)","decl":{"start":{"line":229,"column":41},"end":{"line":229,"column":42}},"loc":{"start":{"line":229,"column":47},"end":{"line":229,"column":75}},"line":229},"15":{"name":"(anonymous_15)","decl":{"start":{"line":243,"column":29},"end":{"line":243,"column":30}},"loc":{"start":{"line":243,"column":35},"end":{"line":243,"column":59}},"line":243}},"branchMap":{"0":{"loc":{"start":{"line":22,"column":4},"end":{"line":22,"column":50}},"type":"if","locations":[{"start":{"line":22,"column":4},"end":{"line":22,"column":50}},{"start":{},"end":{}}],"line":22},"1":{"loc":{"start":{"line":23,"column":4},"end":{"line":23,"column":50}},"type":"if","locations":[{"start":{"line":23,"column":4},"end":{"line":23,"column":50}},{"start":{},"end":{}}],"line":23},"2":{"loc":{"start":{"line":24,"column":4},"end":{"line":24,"column":50}},"type":"if","locations":[{"start":{"line":24,"column":4},"end":{"line":24,"column":50}},{"start":{},"end":{}}],"line":24},"3":{"loc":{"start":{"line":25,"column":4},"end":{"line":25,"column":48}},"type":"if","locations":[{"start":{"line":25,"column":4},"end":{"line":25,"column":48}},{"start":{},"end":{}}],"line":25},"4":{"loc":{"start":{"line":29,"column":35},"end":{"line":29,"column":59}},"type":"default-arg","locations":[{"start":{"line":29,"column":50},"end":{"line":29,"column":59}}],"line":29},"5":{"loc":{"start":{"line":85,"column":26},"end":{"line":85,"column":47}},"type":"binary-expr","locations":[{"start":{"line":85,"column":26},"end":{"line":85,"column":42}},{"start":{"line":85,"column":46},"end":{"line":85,"column":47}}],"line":85},"6":{"loc":{"start":{"line":86,"column":30},"end":{"line":86,"column":89}},"type":"binary-expr","locations":[{"start":{"line":86,"column":30},"end":{"line":86,"column":84}},{"start":{"line":86,"column":88},"end":{"line":86,"column":89}}],"line":86},"7":{"loc":{"start":{"line":87,"column":23},"end":{"line":89,"column":11}},"type":"cond-expr","locations":[{"start":{"line":88,"column":10},"end":{"line":88,"column":100}},{"start":{"line":89,"column":10},"end":{"line":89,"column":11}}],"line":87},"8":{"loc":{"start":{"line":88,"column":56},"end":{"line":88,"column":76}},"type":"binary-expr","locations":[{"start":{"line":88,"column":56},"end":{"line":88,"column":71}},{"start":{"line":88,"column":75},"end":{"line":88,"column":76}}],"line":88},"9":{"loc":{"start":{"line":152,"column":25},"end":{"line":152,"column":128}},"type":"cond-expr","locations":[{"start":{"line":152,"column":37},"end":{"line":152,"column":72}},{"start":{"line":152,"column":75},"end":{"line":152,"column":128}}],"line":152},"10":{"loc":{"start":{"line":156,"column":25},"end":{"line":156,"column":132}},"type":"cond-expr","locations":[{"start":{"line":156,"column":37},"end":{"line":156,"column":72}},{"start":{"line":156,"column":75},"end":{"line":156,"column":132}}],"line":156},"11":{"loc":{"start":{"line":160,"column":25},"end":{"line":169,"column":25}},"type":"cond-expr","locations":[{"start":{"line":161,"column":28},"end":{"line":161,"column":63}},{"start":{"line":163,"column":28},"end":{"line":168,"column":35}}],"line":160},"12":{"loc":{"start":{"line":176,"column":21},"end":{"line":217,"column":21}},"type":"cond-expr","locations":[{"start":{"line":177,"column":24},"end":{"line":188,"column":26}},{"start":{"line":190,"column":24},"end":{"line":216,"column":26}}],"line":176},"13":{"loc":{"start":{"line":178,"column":69},"end":{"line":178,"column":101}},"type":"binary-expr","locations":[{"start":{"line":178,"column":69},"end":{"line":178,"column":74}},{"start":{"line":178,"column":78},"end":{"line":178,"column":101}}],"line":178},"14":{"loc":{"start":{"line":195,"column":36},"end":{"line":195,"column":92}},"type":"binary-expr","locations":[{"start":{"line":195,"column":36},"end":{"line":195,"column":65}},{"start":{"line":195,"column":69},"end":{"line":195,"column":92}}],"line":195},"15":{"loc":{"start":{"line":211,"column":93},"end":{"line":211,"column":119}},"type":"binary-expr","locations":[{"start":{"line":211,"column":93},"end":{"line":211,"column":114}},{"start":{"line":211,"column":118},"end":{"line":211,"column":119}}],"line":211},"16":{"loc":{"start":{"line":212,"column":41},"end":{"line":212,"column":67}},"type":"binary-expr","locations":[{"start":{"line":212,"column":41},"end":{"line":212,"column":62}},{"start":{"line":212,"column":66},"end":{"line":212,"column":67}}],"line":212},"17":{"loc":{"start":{"line":218,"column":21},"end":{"line":237,"column":21}},"type":"binary-expr","locations":[{"start":{"line":218,"column":22},"end":{"line":218,"column":31}},{"start":{"line":218,"column":35},"end":{"line":218,"column":56}},{"start":{"line":219,"column":24},"end":{"line":236,"column":31}}],"line":218}},"s":{"0":0,"1":0,"2":0,"3":0,"4":0,"5":0,"6":0,"7":0,"8":0,"9":0,"10":0,"11":0,"12":0,"13":0,"14":0,"15":0,"16":0,"17":0,"18":0,"19":0,"20":0,"21":0,"22":0,"23":0,"24":0,"25":0,"26":0,"27":0,"28":0,"29":0,"30":0,"31":0,"32":0,"33":0,"34":0,"35":0,"36":0,"37":0},"f":{"0":0,"1":0,"2":0,"3":0,"4":0,"5":0,"6":0,"7":0,"8":0,"9":0,"10":0,"11":0,"12":0,"13":0,"14":0,"15":0},"b":{"0":[0,0],"1":[0,0],"2":[0,0],"3":[0,0],"4":[0],"5":[0,0],"6":[0,0],"7":[0,0],"8":[0,0],"9":[0,0],"10":[0,0],"11":[0,0],"12":[0,0],"13":[0,0],"14":[0,0],"15":[0,0],"16":[0,0],"17":[0,0,0]}}
,"C:\\Users\\yejin\\Downloads\\cryo\\chalk-app\\app\\login.tsx": {"path":"C:\\Users\\yejin\\Downloads\\cryo\\chalk-app\\app\\login.tsx","statementMap":{"0":{"start":{"line":22,"column":0},"end":{"line":22,"column":38}},"1":{"start":{"line":25,"column":24},"end":{"line":25,"column":34}},"2":{"start":{"line":27,"column":45},"end":{"line":31,"column":6}},"3":{"start":{"line":33,"column":4},"end":{"line":38,"column":19}},"4":{"start":{"line":34,"column":8},"end":{"line":37,"column":9}},"5":{"start":{"line":35,"column":33},"end":{"line":35,"column":48}},"6":{"start":{"line":36,"column":12},"end":{"line":36,"column":40}},"7":{"start":{"line":40,"column":30},"end":{"line":56,"column":5}},"8":{"start":{"line":41,"column":8},"end":{"line":55,"column":9}},"9":{"start":{"line":42,"column":36},"end":{"line":45,"column":14}},"10":{"start":{"line":47,"column":12},"end":{"line":47,"column":35}},"11":{"start":{"line":47,"column":23},"end":{"line":47,"column":35}},"12":{"start":{"line":49,"column":12},"end":{"line":52,"column":13}},"13":{"start":{"line":50,"column":16},"end":{"line":50,"column":35}},"14":{"start":{"line":51,"column":16},"end":{"line":51,"column":36}},"15":{"start":{"line":54,"column":12},"end":{"line":54,"column":49}},"16":{"start":{"line":58,"column":28},"end":{"line":61,"column":5}},"17":{"start":{"line":60,"column":8},"end":{"line":60,"column":28}},"18":{"start":{"line":63,"column":4},"end":{"line":117,"column":6}},"19":{"start":{"line":84,"column":39},"end":{"line":84,"column":52}},"20":{"start":{"line":120,"column":15},"end":{"line":232,"column":2}}},"fnMap":{"0":{"name":"LoginScreen","decl":{"start":{"line":24,"column":24},"end":{"line":24,"column":35}},"loc":{"start":{"line":24,"column":38},"end":{"line":118,"column":1}},"line":24},"1":{"name":"(anonymous_1)","decl":{"start":{"line":33,"column":14},"end":{"line":33,"column":15}},"loc":{"start":{"line":33,"column":20},"end":{"line":38,"column":5}},"line":33},"2":{"name":"(anonymous_2)","decl":{"start":{"line":40,"column":30},"end":{"line":40,"column":31}},"loc":{"start":{"line":40,"column":57},"end":{"line":56,"column":5}},"line":40},"3":{"name":"(anonymous_3)","decl":{"start":{"line":58,"column":28},"end":{"line":58,"column":29}},"loc":{"start":{"line":58,"column":34},"end":{"line":61,"column":5}},"line":58},"4":{"name":"(anonymous_4)","decl":{"start":{"line":84,"column":33},"end":{"line":84,"column":34}},"loc":{"start":{"line":84,"column":39},"end":{"line":84,"column":52}},"line":84}},"branchMap":{"0":{"loc":{"start":{"line":34,"column":8},"end":{"line":37,"column":9}},"type":"if","locations":[{"start":{"line":34,"column":8},"end":{"line":37,"column":9}},{"start":{},"end":{}}],"line":34},"1":{"loc":{"start":{"line":47,"column":12},"end":{"line":47,"column":35}},"type":"if","locations":[{"start":{"line":47,"column":12},"end":{"line":47,"column":35}},{"start":{},"end":{}}],"line":47},"2":{"loc":{"start":{"line":49,"column":12},"end":{"line":52,"column":13}},"type":"if","locations":[{"start":{"line":49,"column":12},"end":{"line":52,"column":13}},{"start":{},"end":{}}],"line":49}},"s":{"0":0,"1":0,"2":0,"3":0,"4":0,"5":0,"6":0,"7":0,"8":0,"9":0,"10":0,"11":0,"12":0,"13":0,"14":0,"15":0,"16":0,"17":0,"18":0,"19":0,"20":0},"f":{"0":0,"1":0,"2":0,"3":0,"4":0},"b":{"0":[0,0],"1":[0,0],"2":[0,0]}}
,"C:\\Users\\yejin\\Downloads\\cryo\\chalk-app\\app\\settings.tsx": {"path":"C:\\Users\\yejin\\Downloads\\cryo\\chalk-app\\app\\settings.tsx","statementMap":{"0":{"start":{"line":24,"column":30},"end":{"line":24,"column":40}},"1":{"start":{"line":25,"column":38},"end":{"line":25,"column":53}},"2":{"start":{"line":26,"column":28},"end":{"line":26,"column":74}},"3":{"start":{"line":27,"column":38},"end":{"line":27,"column":53}},"4":{"start":{"line":29,"column":24},"end":{"line":32,"column":5}},"5":{"start":{"line":30,"column":22},"end":{"line":30,"column":45}},"6":{"start":{"line":31,"column":8},"end":{"line":31,"column":32}},"7":{"start":{"line":34,"column":27},"end":{"line":46,"column":5}},"8":{"start":{"line":35,"column":8},"end":{"line":38,"column":9}},"9":{"start":{"line":36,"column":12},"end":{"line":36,"column":64}},"10":{"start":{"line":37,"column":12},"end":{"line":37,"column":19}},"11":{"start":{"line":44,"column":8},"end":{"line":44,"column":51}},"12":{"start":{"line":45,"column":8},"end":{"line":45,"column":28}},"13":{"start":{"line":48,"column":33},"end":{"line":57,"column":5}},"14":{"start":{"line":49,"column":8},"end":{"line":49,"column":27}},"15":{"start":{"line":50,"column":24},"end":{"line":50,"column":46}},"16":{"start":{"line":51,"column":8},"end":{"line":51,"column":28}},"17":{"start":{"line":52,"column":8},"end":{"line":56,"column":9}},"18":{"start":{"line":53,"column":12},"end":{"line":53,"column":95}},"19":{"start":{"line":55,"column":12},"end":{"line":55,"column":95}},"20":{"start":{"line":59,"column":25},"end":{"line":75,"column":5}},"21":{"start":{"line":60,"column":8},"end":{"line":74,"column":10}},"22":{"start":{"line":69,"column":24},"end":{"line":69,"column":40}},"23":{"start":{"line":70,"column":24},"end":{"line":70,"column":49}},"24":{"start":{"line":77,"column":4},"end":{"line":174,"column":6}},"25":{"start":{"line":81,"column":49},"end":{"line":81,"column":62}},"26":{"start":{"line":93,"column":86},"end":{"line":93,"column":104}},"27":{"start":{"line":151,"column":43},"end":{"line":151,"column":69}},"28":{"start":{"line":177,"column":15},"end":{"line":316,"column":2}}},"fnMap":{"0":{"name":"SettingsScreen","decl":{"start":{"line":23,"column":24},"end":{"line":23,"column":38}},"loc":{"start":{"line":23,"column":41},"end":{"line":175,"column":1}},"line":23},"1":{"name":"(anonymous_1)","decl":{"start":{"line":29,"column":24},"end":{"line":29,"column":25}},"loc":{"start":{"line":29,"column":42},"end":{"line":32,"column":5}},"line":29},"2":{"name":"(anonymous_2)","decl":{"start":{"line":34,"column":27},"end":{"line":34,"column":28}},"loc":{"start":{"line":34,"column":39},"end":{"line":46,"column":5}},"line":34},"3":{"name":"(anonymous_3)","decl":{"start":{"line":48,"column":33},"end":{"line":48,"column":34}},"loc":{"start":{"line":48,"column":45},"end":{"line":57,"column":5}},"line":48},"4":{"name":"(anonymous_4)","decl":{"start":{"line":59,"column":25},"end":{"line":59,"column":26}},"loc":{"start":{"line":59,"column":31},"end":{"line":75,"column":5}},"line":59},"5":{"name":"(anonymous_5)","decl":{"start":{"line":68,"column":29},"end":{"line":68,"column":30}},"loc":{"start":{"line":68,"column":41},"end":{"line":71,"column":21}},"line":68},"6":{"name":"(anonymous_6)","decl":{"start":{"line":81,"column":43},"end":{"line":81,"column":44}},"loc":{"start":{"line":81,"column":49},"end":{"line":81,"column":62}},"line":81},"7":{"name":"(anonymous_7)","decl":{"start":{"line":93,"column":80},"end":{"line":93,"column":81}},"loc":{"start":{"line":93,"column":86},"end":{"line":93,"column":104}},"line":93},"8":{"name":"(anonymous_8)","decl":{"start":{"line":151,"column":37},"end":{"line":151,"column":38}},"loc":{"start":{"line":151,"column":43},"end":{"line":151,"column":69}},"line":151}},"branchMap":{"0":{"loc":{"start":{"line":26,"column":37},"end":{"line":26,"column":73}},"type":"binary-expr","locations":[{"start":{"line":26,"column":37},"end":{"line":26,"column":67}},{"start":{"line":26,"column":71},"end":{"line":26,"column":73}}],"line":26},"1":{"loc":{"start":{"line":35,"column":8},"end":{"line":38,"column":9}},"type":"if","locations":[{"start":{"line":35,"column":8},"end":{"line":38,"column":9}},{"start":{},"end":{}}],"line":35},"2":{"loc":{"start":{"line":52,"column":8},"end":{"line":56,"column":9}},"type":"if","locations":[{"start":{"line":52,"column":8},"end":{"line":56,"column":9}},{"start":{"line":54,"column":15},"end":{"line":56,"column":9}}],"line":52},"3":{"loc":{"start":{"line":93,"column":51},"end":{"line":93,"column":104}},"type":"cond-expr","locations":[{"start":{"line":93,"column":63},"end":{"line":93,"column":77}},{"start":{"line":93,"column":80},"end":{"line":93,"column":104}}],"line":93},"4":{"loc":{"start":{"line":94,"column":62},"end":{"line":94,"column":89}},"type":"cond-expr","locations":[{"start":{"line":94,"column":74},"end":{"line":94,"column":80}},{"start":{"line":94,"column":83},"end":{"line":94,"column":89}}],"line":94},"5":{"loc":{"start":{"line":101,"column":38},"end":{"line":101,"column":96}},"type":"cond-expr","locations":[{"start":{"line":101,"column":50},"end":{"line":101,"column":54}},{"start":{"line":101,"column":58},"end":{"line":101,"column":95}}],"line":101},"6":{"loc":{"start":{"line":101,"column":58},"end":{"line":101,"column":95}},"type":"binary-expr","locations":[{"start":{"line":101,"column":58},"end":{"line":101,"column":88}},{"start":{"line":101,"column":92},"end":{"line":101,"column":95}}],"line":101},"7":{"loc":{"start":{"line":105,"column":33},"end":{"line":118,"column":33}},"type":"cond-expr","locations":[{"start":{"line":106,"column":36},"end":{"line":113,"column":38}},{"start":{"line":115,"column":36},"end":{"line":117,"column":43}}],"line":105},"8":{"loc":{"start":{"line":116,"column":41},"end":{"line":116,"column":82}},"type":"binary-expr","locations":[{"start":{"line":116,"column":41},"end":{"line":116,"column":71}},{"start":{"line":116,"column":75},"end":{"line":116,"column":82}}],"line":116},"9":{"loc":{"start":{"line":120,"column":37},"end":{"line":120,"column":67}},"type":"binary-expr","locations":[{"start":{"line":120,"column":37},"end":{"line":120,"column":48}},{"start":{"line":120,"column":52},"end":{"line":120,"column":67}}],"line":120},"10":{"loc":{"start":{"line":138,"column":42},"end":{"line":138,"column":87}},"type":"cond-expr","locations":[{"start":{"line":138,"column":54},"end":{"line":138,"column":60}},{"start":{"line":138,"column":63},"end":{"line":138,"column":87}}],"line":138},"11":{"loc":{"start":{"line":140,"column":43},"end":{"line":140,"column":100}},"type":"cond-expr","locations":[{"start":{"line":140,"column":55},"end":{"line":140,"column":76}},{"start":{"line":140,"column":79},"end":{"line":140,"column":100}}],"line":140},"12":{"loc":{"start":{"line":142,"column":63},"end":{"line":142,"column":108}},"type":"binary-expr","locations":[{"start":{"line":142,"column":63},"end":{"line":142,"column":72}},{"start":{"line":142,"column":76},"end":{"line":142,"column":108}}],"line":142},"13":{"loc":{"start":{"line":143,"column":37},"end":{"line":143,"column":95}},"type":"cond-expr","locations":[{"start":{"line":143,"column":49},"end":{"line":143,"column":73}},{"start":{"line":143,"column":76},"end":{"line":143,"column":95}}],"line":143},"14":{"loc":{"start":{"line":146,"column":29},"end":{"line":146,"column":114}},"type":"binary-expr","locations":[{"start":{"line":146,"column":29},"end":{"line":146,"column":39}},{"start":{"line":146,"column":43},"end":{"line":146,"column":114}}],"line":146}},"s":{"0":0,"1":0,"2":0,"3":0,"4":0,"5":0,"6":0,"7":0,"8":0,"9":0,"10":0,"11":0,"12":0,"13":0,"14":0,"15":0,"16":0,"17":0,"18":0,"19":0,"20":0,"21":0,"22":0,"23":0,"24":0,"25":0,"26":0,"27":0,"28":0},"f":{"0":0,"1":0,"2":0,"3":0,"4":0,"5":0,"6":0,"7":0,"8":0},"b":{"0":[0,0],"1":[0,0],"2":[0,0],"3":[0,0],"4":[0,0],"5":[0,0],"6":[0,0],"7":[0,0],"8":[0,0],"9":[0,0],"10":[0,0],"11":[0,0],"12":[0,0],"13":[0,0],"14":[0,0]}}
,"C:\\Users\\yejin\\Downloads\\cryo\\chalk-app\\app\\exam\\[id].tsx": {"path":"C:\\Users\\yejin\\Downloads\\cryo\\chalk-app\\app\\exam\\[id].tsx","statementMap":{"0":{"start":{"line":16,"column":55},"end":{"line":16,"column":79}},"1":{"start":{"line":40,"column":35},"end":{"line":46,"column":1}},"2":{"start":{"line":48,"column":27},"end":{"line":48,"column":34}},"3":{"start":{"line":55,"column":19},"end":{"line":55,"column":57}},"4":{"start":{"line":56,"column":19},"end":{"line":56,"column":30}},"5":{"start":{"line":57,"column":19},"end":{"line":57,"column":44}},"6":{"start":{"line":60,"column":50},"end":{"line":60,"column":61}},"7":{"start":{"line":61,"column":44},"end":{"line":61,"column":65}},"8":{"start":{"line":62,"column":30},"end":{"line":62,"column":74}},"9":{"start":{"line":63,"column":42},"end":{"line":63,"column":71}},"10":{"start":{"line":64,"column":46},"end":{"line":64,"column":74}},"11":{"start":{"line":65,"column":52},"end":{"line":65,"column":84}},"12":{"start":{"line":66,"column":34},"end":{"line":66,"column":74}},"13":{"start":{"line":68,"column":22},"end":{"line":68,"column":40}},"14":{"start":{"line":71,"column":25},"end":{"line":75,"column":5}},"15":{"start":{"line":82,"column":4},"end":{"line":89,"column":17}},"16":{"start":{"line":83,"column":8},"end":{"line":83,"column":64}},"17":{"start":{"line":84,"column":8},"end":{"line":84,"column":39}},"18":{"start":{"line":86,"column":8},"end":{"line":88,"column":10}},"19":{"start":{"line":87,"column":12},"end":{"line":87,"column":37}},"20":{"start":{"line":92,"column":4},"end":{"line":105,"column":11}},"21":{"start":{"line":93,"column":22},"end":{"line":102,"column":16}},"22":{"start":{"line":94,"column":12},"end":{"line":101,"column":15}},"23":{"start":{"line":95,"column":16},"end":{"line":99,"column":17}},"24":{"start":{"line":96,"column":20},"end":{"line":96,"column":41}},"25":{"start":{"line":97,"column":20},"end":{"line":97,"column":35}},"26":{"start":{"line":98,"column":20},"end":{"line":98,"column":29}},"27":{"start":{"line":100,"column":16},"end":{"line":100,"column":32}},"28":{"start":{"line":104,"column":8},"end":{"line":104,"column":42}},"29":{"start":{"line":104,"column":21},"end":{"line":104,"column":41}},"30":{"start":{"line":111,"column":33},"end":{"line":116,"column":10}},"31":{"start":{"line":112,"column":8},"end":{"line":112,"column":75}},"32":{"start":{"line":112,"column":68},"end":{"line":112,"column":75}},"33":{"start":{"line":114,"column":8},"end":{"line":114,"column":49}},"34":{"start":{"line":115,"column":8},"end":{"line":115,"column":40}},"35":{"start":{"line":118,"column":29},"end":{"line":120,"column":10}},"36":{"start":{"line":119,"column":8},"end":{"line":119,"column":30}},"37":{"start":{"line":122,"column":29},"end":{"line":133,"column":22}},"38":{"start":{"line":123,"column":41},"end":{"line":123,"column":58}},"39":{"start":{"line":124,"column":21},"end":{"line":124,"column":37}},"40":{"start":{"line":125,"column":8},"end":{"line":125,"column":42}},"41":{"start":{"line":126,"column":8},"end":{"line":126,"column":29}},"42":{"start":{"line":128,"column":8},"end":{"line":132,"column":9}},"43":{"start":{"line":129,"column":12},"end":{"line":129,"column":34}},"44":{"start":{"line":131,"column":12},"end":{"line":131,"column":36}},"45":{"start":{"line":135,"column":28},"end":{"line":141,"column":21}},"46":{"start":{"line":136,"column":8},"end":{"line":136,"column":33}},"47":{"start":{"line":136,"column":26},"end":{"line":136,"column":33}},"48":{"start":{"line":137,"column":41},"end":{"line":137,"column":58}},"49":{"start":{"line":138,"column":8},"end":{"line":138,"column":49}},"50":{"start":{"line":140,"column":8},"end":{"line":140,"column":87}},"51":{"start":{"line":143,"column":27},"end":{"line":164,"column":52}},"52":{"start":{"line":144,"column":8},"end":{"line":144,"column":33}},"53":{"start":{"line":144,"column":26},"end":{"line":144,"column":33}},"54":{"start":{"line":146,"column":8},"end":{"line":146,"column":30}},"55":{"start":{"line":148,"column":8},"end":{"line":161,"column":9}},"56":{"start":{"line":149,"column":38},"end":{"line":153,"column":13}},"57":{"start":{"line":155,"column":12},"end":{"line":160,"column":15}},"58":{"start":{"line":156,"column":32},"end":{"line":156,"column":45}},"59":{"start":{"line":157,"column":38},"end":{"line":157,"column":72}},"60":{"start":{"line":158,"column":16},"end":{"line":158,"column":74}},"61":{"start":{"line":159,"column":16},"end":{"line":159,"column":31}},"62":{"start":{"line":163,"column":8},"end":{"line":163,"column":29}},"63":{"start":{"line":166,"column":23},"end":{"line":177,"column":25}},"64":{"start":{"line":167,"column":8},"end":{"line":167,"column":44}},"65":{"start":{"line":168,"column":8},"end":{"line":176,"column":11}},"66":{"start":{"line":169,"column":28},"end":{"line":169,"column":41}},"67":{"start":{"line":170,"column":12},"end":{"line":174,"column":13}},"68":{"start":{"line":171,"column":16},"end":{"line":171,"column":48}},"69":{"start":{"line":173,"column":16},"end":{"line":173,"column":45}},"70":{"start":{"line":175,"column":12},"end":{"line":175,"column":27}},"71":{"start":{"line":179,"column":31},"end":{"line":185,"column":34}},"72":{"start":{"line":180,"column":31},"end":{"line":180,"column":59}},"73":{"start":{"line":181,"column":8},"end":{"line":183,"column":9}},"74":{"start":{"line":182,"column":12},"end":{"line":182,"column":42}},"75":{"start":{"line":184,"column":8},"end":{"line":184,"column":73}},"76":{"start":{"line":184,"column":29},"end":{"line":184,"column":71}},"77":{"start":{"line":187,"column":30},"end":{"line":193,"column":25}},"78":{"start":{"line":188,"column":8},"end":{"line":192,"column":11}},"79":{"start":{"line":189,"column":28},"end":{"line":189,"column":41}},"80":{"start":{"line":190,"column":12},"end":{"line":190,"column":45}},"81":{"start":{"line":191,"column":12},"end":{"line":191,"column":27}},"82":{"start":{"line":195,"column":25},"end":{"line":205,"column":16}},"83":{"start":{"line":196,"column":24},"end":{"line":196,"column":48}},"84":{"start":{"line":197,"column":8},"end":{"line":204,"column":9}},"85":{"start":{"line":198,"column":12},"end":{"line":198,"column":63}},"86":{"start":{"line":199,"column":12},"end":{"line":203,"column":14}},"87":{"start":{"line":202,"column":56},"end":{"line":202,"column":87}},"88":{"start":{"line":211,"column":23},"end":{"line":215,"column":5}},"89":{"start":{"line":212,"column":21},"end":{"line":212,"column":45}},"90":{"start":{"line":213,"column":21},"end":{"line":213,"column":33}},"91":{"start":{"line":214,"column":8},"end":{"line":214,"column":89}},"92":{"start":{"line":217,"column":32},"end":{"line":217,"column":67}},"93":{"start":{"line":218,"column":26},"end":{"line":218,"column":58}},"94":{"start":{"line":224,"column":4},"end":{"line":392,"column":6}},"95":{"start":{"line":228,"column":49},"end":{"line":228,"column":62}},"96":{"start":{"line":254,"column":28},"end":{"line":268,"column":47}},"97":{"start":{"line":260,"column":47},"end":{"line":260,"column":73}},"98":{"start":{"line":285,"column":24},"end":{"line":293,"column":26}},"99":{"start":{"line":320,"column":35},"end":{"line":320,"column":58}},"100":{"start":{"line":328,"column":35},"end":{"line":328,"column":61}},"101":{"start":{"line":336,"column":35},"end":{"line":336,"column":66}},"102":{"start":{"line":352,"column":35},"end":{"line":352,"column":76}},"103":{"start":{"line":361,"column":24},"end":{"line":374,"column":43}},"104":{"start":{"line":369,"column":43},"end":{"line":369,"column":69}},"105":{"start":{"line":380,"column":35},"end":{"line":380,"column":76}},"106":{"start":{"line":399,"column":15},"end":{"line":601,"column":2}}},"fnMap":{"0":{"name":"ExamViewerScreen","decl":{"start":{"line":54,"column":24},"end":{"line":54,"column":40}},"loc":{"start":{"line":54,"column":43},"end":{"line":393,"column":1}},"line":54},"1":{"name":"(anonymous_1)","decl":{"start":{"line":82,"column":14},"end":{"line":82,"column":15}},"loc":{"start":{"line":82,"column":20},"end":{"line":89,"column":5}},"line":82},"2":{"name":"(anonymous_2)","decl":{"start":{"line":86,"column":15},"end":{"line":86,"column":16}},"loc":{"start":{"line":86,"column":21},"end":{"line":88,"column":9}},"line":86},"3":{"name":"(anonymous_3)","decl":{"start":{"line":92,"column":14},"end":{"line":92,"column":15}},"loc":{"start":{"line":92,"column":20},"end":{"line":105,"column":5}},"line":92},"4":{"name":"(anonymous_4)","decl":{"start":{"line":93,"column":34},"end":{"line":93,"column":35}},"loc":{"start":{"line":93,"column":40},"end":{"line":102,"column":9}},"line":93},"5":{"name":"(anonymous_5)","decl":{"start":{"line":94,"column":29},"end":{"line":94,"column":30}},"loc":{"start":{"line":94,"column":39},"end":{"line":101,"column":13}},"line":94},"6":{"name":"(anonymous_6)","decl":{"start":{"line":104,"column":15},"end":{"line":104,"column":16}},"loc":{"start":{"line":104,"column":21},"end":{"line":104,"column":41}},"line":104},"7":{"name":"(anonymous_7)","decl":{"start":{"line":111,"column":45},"end":{"line":111,"column":46}},"loc":{"start":{"line":111,"column":70},"end":{"line":116,"column":5}},"line":111},"8":{"name":"(anonymous_8)","decl":{"start":{"line":118,"column":41},"end":{"line":118,"column":42}},"loc":{"start":{"line":118,"column":57},"end":{"line":120,"column":5}},"line":118},"9":{"name":"(anonymous_9)","decl":{"start":{"line":122,"column":41},"end":{"line":122,"column":42}},"loc":{"start":{"line":122,"column":57},"end":{"line":133,"column":5}},"line":122},"10":{"name":"(anonymous_10)","decl":{"start":{"line":135,"column":40},"end":{"line":135,"column":41}},"loc":{"start":{"line":135,"column":56},"end":{"line":141,"column":5}},"line":135},"11":{"name":"(anonymous_11)","decl":{"start":{"line":143,"column":39},"end":{"line":143,"column":40}},"loc":{"start":{"line":143,"column":45},"end":{"line":164,"column":5}},"line":143},"12":{"name":"(anonymous_12)","decl":{"start":{"line":155,"column":21},"end":{"line":155,"column":22}},"loc":{"start":{"line":155,"column":31},"end":{"line":160,"column":13}},"line":155},"13":{"name":"(anonymous_13)","decl":{"start":{"line":166,"column":35},"end":{"line":166,"column":36}},"loc":{"start":{"line":166,"column":41},"end":{"line":177,"column":5}},"line":166},"14":{"name":"(anonymous_14)","decl":{"start":{"line":168,"column":28},"end":{"line":168,"column":29}},"loc":{"start":{"line":168,"column":38},"end":{"line":176,"column":9}},"line":168},"15":{"name":"(anonymous_15)","decl":{"start":{"line":179,"column":43},"end":{"line":179,"column":44}},"loc":{"start":{"line":179,"column":63},"end":{"line":185,"column":5}},"line":179},"16":{"name":"(anonymous_16)","decl":{"start":{"line":184,"column":19},"end":{"line":184,"column":20}},"loc":{"start":{"line":184,"column":29},"end":{"line":184,"column":71}},"line":184},"17":{"name":"(anonymous_17)","decl":{"start":{"line":187,"column":42},"end":{"line":187,"column":43}},"loc":{"start":{"line":187,"column":48},"end":{"line":193,"column":5}},"line":187},"18":{"name":"(anonymous_18)","decl":{"start":{"line":188,"column":17},"end":{"line":188,"column":18}},"loc":{"start":{"line":188,"column":27},"end":{"line":192,"column":9}},"line":188},"19":{"name":"(anonymous_19)","decl":{"start":{"line":195,"column":37},"end":{"line":195,"column":38}},"loc":{"start":{"line":195,"column":43},"end":{"line":205,"column":5}},"line":195},"20":{"name":"(anonymous_20)","decl":{"start":{"line":202,"column":50},"end":{"line":202,"column":51}},"loc":{"start":{"line":202,"column":56},"end":{"line":202,"column":87}},"line":202},"21":{"name":"(anonymous_21)","decl":{"start":{"line":211,"column":23},"end":{"line":211,"column":24}},"loc":{"start":{"line":211,"column":52},"end":{"line":215,"column":5}},"line":211},"22":{"name":"(anonymous_22)","decl":{"start":{"line":228,"column":43},"end":{"line":228,"column":44}},"loc":{"start":{"line":228,"column":49},"end":{"line":228,"column":62}},"line":228},"23":{"name":"(anonymous_23)","decl":{"start":{"line":253,"column":57},"end":{"line":253,"column":58}},"loc":{"start":{"line":254,"column":28},"end":{"line":268,"column":47}},"line":254},"24":{"name":"(anonymous_24)","decl":{"start":{"line":260,"column":41},"end":{"line":260,"column":42}},"loc":{"start":{"line":260,"column":47},"end":{"line":260,"column":73}},"line":260},"25":{"name":"(anonymous_25)","decl":{"start":{"line":284,"column":39},"end":{"line":284,"column":40}},"loc":{"start":{"line":285,"column":24},"end":{"line":293,"column":26}},"line":285},"26":{"name":"(anonymous_26)","decl":{"start":{"line":320,"column":29},"end":{"line":320,"column":30}},"loc":{"start":{"line":320,"column":35},"end":{"line":320,"column":58}},"line":320},"27":{"name":"(anonymous_27)","decl":{"start":{"line":328,"column":29},"end":{"line":328,"column":30}},"loc":{"start":{"line":328,"column":35},"end":{"line":328,"column":61}},"line":328},"28":{"name":"(anonymous_28)","decl":{"start":{"line":336,"column":29},"end":{"line":336,"column":30}},"loc":{"start":{"line":336,"column":35},"end":{"line":336,"column":66}},"line":336},"29":{"name":"(anonymous_29)","decl":{"start":{"line":352,"column":29},"end":{"line":352,"column":30}},"loc":{"start":{"line":352,"column":35},"end":{"line":352,"column":76}},"line":352},"30":{"name":"(anonymous_30)","decl":{"start":{"line":360,"column":40},"end":{"line":360,"column":41}},"loc":{"start":{"line":361,"column":24},"end":{"line":374,"column":43}},"line":361},"31":{"name":"(anonymous_31)","decl":{"start":{"line":369,"column":37},"end":{"line":369,"column":38}},"loc":{"start":{"line":369,"column":43},"end":{"line":369,"column":69}},"line":369},"32":{"name":"(anonymous_32)","decl":{"start":{"line":380,"column":29},"end":{"line":380,"column":30}},"loc":{"start":{"line":380,"column":35},"end":{"line":380,"column":76}},"line":380}},"branchMap":{"0":{"loc":{"start":{"line":57,"column":19},"end":{"line":57,"column":44}},"type":"binary-expr","locations":[{"start":{"line":57,"column":19},"end":{"line":57,"column":28}},{"start":{"line":57,"column":32},"end":{"line":57,"column":44}}],"line":57},"1":{"loc":{"start":{"line":95,"column":16},"end":{"line":99,"column":17}},"type":"if","locations":[{"start":{"line":95,"column":16},"end":{"line":99,"column":17}},{"start":{},"end":{}}],"line":95},"2":{"loc":{"start":{"line":112,"column":8},"end":{"line":112,"column":75}},"type":"if","locations":[{"start":{"line":112,"column":8},"end":{"line":112,"column":75}},{"start":{},"end":{}}],"line":112},"3":{"loc":{"start":{"line":112,"column":12},"end":{"line":112,"column":66}},"type":"binary-expr","locations":[{"start":{"line":112,"column":12},"end":{"line":112,"column":27}},{"start":{"line":112,"column":31},"end":{"line":112,"column":66}}],"line":112},"4":{"loc":{"start":{"line":128,"column":8},"end":{"line":132,"column":9}},"type":"if","locations":[{"start":{"line":128,"column":8},"end":{"line":132,"column":9}},{"start":{"line":130,"column":15},"end":{"line":132,"column":9}}],"line":128},"5":{"loc":{"start":{"line":136,"column":8},"end":{"line":136,"column":33}},"type":"if","locations":[{"start":{"line":136,"column":8},"end":{"line":136,"column":33}},{"start":{},"end":{}}],"line":136},"6":{"loc":{"start":{"line":140,"column":23},"end":{"line":140,"column":85}},"type":"binary-expr","locations":[{"start":{"line":140,"column":23},"end":{"line":140,"column":77}},{"start":{"line":140,"column":81},"end":{"line":140,"column":85}}],"line":140},"7":{"loc":{"start":{"line":144,"column":8},"end":{"line":144,"column":33}},"type":"if","locations":[{"start":{"line":144,"column":8},"end":{"line":144,"column":33}},{"start":{},"end":{}}],"line":144},"8":{"loc":{"start":{"line":148,"column":8},"end":{"line":161,"column":9}},"type":"if","locations":[{"start":{"line":148,"column":8},"end":{"line":161,"column":9}},{"start":{},"end":{}}],"line":148},"9":{"loc":{"start":{"line":157,"column":38},"end":{"line":157,"column":72}},"type":"binary-expr","locations":[{"start":{"line":157,"column":38},"end":{"line":157,"column":66}},{"start":{"line":157,"column":70},"end":{"line":157,"column":72}}],"line":157},"10":{"loc":{"start":{"line":170,"column":12},"end":{"line":174,"column":13}},"type":"if","locations":[{"start":{"line":170,"column":12},"end":{"line":174,"column":13}},{"start":{"line":172,"column":19},"end":{"line":174,"column":13}}],"line":170},"11":{"loc":{"start":{"line":181,"column":8},"end":{"line":183,"column":9}},"type":"if","locations":[{"start":{"line":181,"column":8},"end":{"line":183,"column":9}},{"start":{},"end":{}}],"line":181},"12":{"loc":{"start":{"line":181,"column":12},"end":{"line":181,"column":55}},"type":"binary-expr","locations":[{"start":{"line":181,"column":12},"end":{"line":181,"column":26}},{"start":{"line":181,"column":30},"end":{"line":181,"column":55}}],"line":181},"13":{"loc":{"start":{"line":197,"column":8},"end":{"line":204,"column":9}},"type":"if","locations":[{"start":{"line":197,"column":8},"end":{"line":204,"column":9}},{"start":{},"end":{}}],"line":197},"14":{"loc":{"start":{"line":218,"column":26},"end":{"line":218,"column":58}},"type":"binary-expr","locations":[{"start":{"line":218,"column":26},"end":{"line":218,"column":52}},{"start":{"line":218,"column":56},"end":{"line":218,"column":58}}],"line":218},"15":{"loc":{"start":{"line":233,"column":52},"end":{"line":233,"column":94}},"type":"binary-expr","locations":[{"start":{"line":233,"column":52},"end":{"line":233,"column":71}},{"start":{"line":233,"column":75},"end":{"line":233,"column":94}}],"line":233},"16":{"loc":{"start":{"line":244,"column":55},"end":{"line":244,"column":104}},"type":"cond-expr","locations":[{"start":{"line":244,"column":95},"end":{"line":244,"column":98}},{"start":{"line":244,"column":101},"end":{"line":244,"column":104}}],"line":244},"17":{"loc":{"start":{"line":251,"column":17},"end":{"line":271,"column":17}},"type":"binary-expr","locations":[{"start":{"line":251,"column":17},"end":{"line":251,"column":44}},{"start":{"line":252,"column":20},"end":{"line":270,"column":27}}],"line":251},"18":{"loc":{"start":{"line":258,"column":36},"end":{"line":258,"column":100}},"type":"binary-expr","locations":[{"start":{"line":258,"column":36},"end":{"line":258,"column":75}},{"start":{"line":258,"column":79},"end":{"line":258,"column":100}}],"line":258},"19":{"loc":{"start":{"line":264,"column":36},"end":{"line":264,"column":104}},"type":"binary-expr","locations":[{"start":{"line":264,"column":36},"end":{"line":264,"column":75}},{"start":{"line":264,"column":79},"end":{"line":264,"column":104}}],"line":264},"20":{"loc":{"start":{"line":296,"column":21},"end":{"line":305,"column":21}},"type":"binary-expr","locations":[{"start":{"line":296,"column":21},"end":{"line":296,"column":32}},{"start":{"line":297,"column":24},"end":{"line":304,"column":26}}],"line":296},"21":{"loc":{"start":{"line":309,"column":17},"end":{"line":313,"column":17}},"type":"binary-expr","locations":[{"start":{"line":309,"column":17},"end":{"line":309,"column":43}},{"start":{"line":309,"column":47},"end":{"line":309,"column":59}},{"start":{"line":310,"column":20},"end":{"line":312,"column":27}}],"line":309},"22":{"loc":{"start":{"line":319,"column":47},"end":{"line":319,"column":92}},"type":"binary-expr","locations":[{"start":{"line":319,"column":47},"end":{"line":319,"column":69}},{"start":{"line":319,"column":73},"end":{"line":319,"column":92}}],"line":319},"23":{"loc":{"start":{"line":327,"column":47},"end":{"line":327,"column":95}},"type":"binary-expr","locations":[{"start":{"line":327,"column":47},"end":{"line":327,"column":72}},{"start":{"line":327,"column":76},"end":{"line":327,"column":95}}],"line":327},"24":{"loc":{"start":{"line":335,"column":47},"end":{"line":335,"column":100}},"type":"binary-expr","locations":[{"start":{"line":335,"column":47},"end":{"line":335,"column":77}},{"start":{"line":335,"column":81},"end":{"line":335,"column":100}}],"line":335},"25":{"loc":{"start":{"line":351,"column":46},"end":{"line":351,"column":89}},"type":"binary-expr","locations":[{"start":{"line":351,"column":46},"end":{"line":351,"column":67}},{"start":{"line":351,"column":71},"end":{"line":351,"column":89}}],"line":351},"26":{"loc":{"start":{"line":365,"column":32},"end":{"line":365,"column":77}},"type":"binary-expr","locations":[{"start":{"line":365,"column":32},"end":{"line":365,"column":56}},{"start":{"line":365,"column":60},"end":{"line":365,"column":77}}],"line":365},"27":{"loc":{"start":{"line":366,"column":32},"end":{"line":366,"column":80}},"type":"binary-expr","locations":[{"start":{"line":366,"column":32},"end":{"line":366,"column":58}},{"start":{"line":366,"column":62},"end":{"line":366,"column":80}}],"line":366},"28":{"loc":{"start":{"line":367,"column":32},"end":{"line":367,"column":72}},"type":"binary-expr","locations":[{"start":{"line":367,"column":32},"end":{"line":367,"column":49}},{"start":{"line":367,"column":53},"end":{"line":367,"column":72}}],"line":367},"29":{"loc":{"start":{"line":371,"column":59},"end":{"line":371,"column":108}},"type":"binary-expr","locations":[{"start":{"line":371,"column":59},"end":{"line":371,"column":83}},{"start":{"line":371,"column":87},"end":{"line":371,"column":108}}],"line":371},"30":{"loc":{"start":{"line":379,"column":46},"end":{"line":379,"column":109}},"type":"binary-expr","locations":[{"start":{"line":379,"column":46},"end":{"line":379,"column":87}},{"start":{"line":379,"column":91},"end":{"line":379,"column":109}}],"line":379},"31":{"loc":{"start":{"line":409,"column":20},"end":{"line":409,"column":51}},"type":"cond-expr","locations":[{"start":{"line":409,"column":44},"end":{"line":409,"column":46}},{"start":{"line":409,"column":49},"end":{"line":409,"column":51}}],"line":409},"32":{"loc":{"start":{"line":591,"column":22},"end":{"line":591,"column":53}},"type":"cond-expr","locations":[{"start":{"line":591,"column":46},"end":{"line":591,"column":48}},{"start":{"line":591,"column":51},"end":{"line":591,"column":53}}],"line":591}},"s":{"0":0,"1":0,"2":0,"3":0,"4":0,"5":0,"6":0,"7":0,"8":0,"9":0,"10":0,"11":0,"12":0,"13":0,"14":0,"15":0,"16":0,"17":0,"18":0,"19":0,"20":0,"21":0,"22":0,"23":0,"24":0,"25":0,"26":0,"27":0,"28":0,"29":0,"30":0,"31":0,"32":0,"33":0,"34":0,"35":0,"36":0,"37":0,"38":0,"39":0,"40":0,"41":0,"42":0,"43":0,"44":0,"45":0,"46":0,"47":0,"48":0,"49":0,"50":0,"51":0,"52":0,"53":0,"54":0,"55":0,"56":0,"57":0,"58":0,"59":0,"60":0,"61":0,"62":0,"63":0,"64":0,"65":0,"66":0,"67":0,"68":0,"69":0,"70":0,"71":0,"72":0,"73":0,"74":0,"75":0,"76":0,"77":0,"78":0,"79":0,"80":0,"81":0,"82":0,"83":0,"84":0,"85":0,"86":0,"87":0,"88":0,"89":0,"90":0,"91":0,"92":0,"93":0,"94":0,"95":0,"96":0,"97":0,"98":0,"99":0,"100":0,"101":0,"102":0,"103":0,"104":0,"105":0,"106":0},"f":{"0":0,"1":0,"2":0,"3":0,"4":0,"5":0,"6":0,"7":0,"8":0,"9":0,"10":0,"11":0,"12":0,"13":0,"14":0,"15":0,"16":0,"17":0,"18":0,"19":0,"20":0,"21":0,"22":0,"23":0,"24":0,"25":0,"26":0,"27":0,"28":0,"29":0,"30":0,"31":0,"32":0},"b":{"0":[0,0],"1":[0,0],"2":[0,0],"3":[0,0],"4":[0,0],"5":[0,0],"6":[0,0],"7":[0,0],"8":[0,0],"9":[0,0],"10":[0,0],"11":[0,0],"12":[0,0],"13":[0,0],"14":[0,0],"15":[0,0],"16":[0,0],"17":[0,0],"18":[0,0],"19":[0,0],"20":[0,0],"21":[0,0,0],"22":[0,0],"23":[0,0],"24":[0,0],"25":[0,0],"26":[0,0],"27":[0,0],"28":[0,0],"29":[0,0],"30":[0,0],"31":[0,0],"32":[0,0]}}
,"C:\\Users\\yejin\\Downloads\\cryo\\chalk-app\\app\\onboarding\\calendar.tsx": {"path":"C:\\Users\\yejin\\Downloads\\cryo\\chalk-app\\app\\onboarding\\calendar.tsx","statementMap":{"0":{"start":{"line":27,"column":22},"end":{"line":27,"column":48}},"1":{"start":{"line":30,"column":69},"end":{"line":30,"column":88}},"2":{"start":{"line":31,"column":50},"end":{"line":31,"column":65}},"3":{"start":{"line":32,"column":50},"end":{"line":32,"column":69}},"4":{"start":{"line":33,"column":52},"end":{"line":33,"column":67}},"5":{"start":{"line":36,"column":4},"end":{"line":40,"column":22}},"6":{"start":{"line":37,"column":8},"end":{"line":39,"column":9}},"7":{"start":{"line":38,"column":12},"end":{"line":38,"column":34}},"8":{"start":{"line":42,"column":32},"end":{"line":58,"column":5}},"9":{"start":{"line":43,"column":8},"end":{"line":43,"column":34}},"10":{"start":{"line":44,"column":8},"end":{"line":57,"column":9}},"11":{"start":{"line":45,"column":12},"end":{"line":45,"column":32}},"12":{"start":{"line":47,"column":32},"end":{"line":51,"column":13}},"13":{"start":{"line":52,"column":12},"end":{"line":52,"column":44}},"14":{"start":{"line":54,"column":12},"end":{"line":54,"column":71}},"15":{"start":{"line":56,"column":12},"end":{"line":56,"column":39}},"16":{"start":{"line":60,"column":27},"end":{"line":64,"column":5}},"17":{"start":{"line":61,"column":25},"end":{"line":61,"column":41}},"18":{"start":{"line":62,"column":8},"end":{"line":62,"column":37}},"19":{"start":{"line":63,"column":8},"end":{"line":63,"column":76}},"20":{"start":{"line":66,"column":27},"end":{"line":69,"column":5}},"21":{"start":{"line":68,"column":8},"end":{"line":68,"column":44}},"22":{"start":{"line":71,"column":23},"end":{"line":73,"column":5}},"23":{"start":{"line":72,"column":8},"end":{"line":72,"column":44}},"24":{"start":{"line":75,"column":4},"end":{"line":252,"column":6}},"25":{"start":{"line":147,"column":36},"end":{"line":162,"column":43}},"26":{"start":{"line":255,"column":15},"end":{"line":534,"column":2}}},"fnMap":{"0":{"name":"CalendarOnboardingScreen","decl":{"start":{"line":29,"column":24},"end":{"line":29,"column":48}},"loc":{"start":{"line":29,"column":51},"end":{"line":253,"column":1}},"line":29},"1":{"name":"(anonymous_1)","decl":{"start":{"line":36,"column":14},"end":{"line":36,"column":15}},"loc":{"start":{"line":36,"column":20},"end":{"line":40,"column":5}},"line":36},"2":{"name":"(anonymous_2)","decl":{"start":{"line":42,"column":32},"end":{"line":42,"column":33}},"loc":{"start":{"line":42,"column":44},"end":{"line":58,"column":5}},"line":42},"3":{"name":"(anonymous_3)","decl":{"start":{"line":60,"column":27},"end":{"line":60,"column":28}},"loc":{"start":{"line":60,"column":39},"end":{"line":64,"column":5}},"line":60},"4":{"name":"(anonymous_4)","decl":{"start":{"line":66,"column":27},"end":{"line":66,"column":28}},"loc":{"start":{"line":66,"column":33},"end":{"line":69,"column":5}},"line":66},"5":{"name":"(anonymous_5)","decl":{"start":{"line":71,"column":23},"end":{"line":71,"column":24}},"loc":{"start":{"line":71,"column":29},"end":{"line":73,"column":5}},"line":71},"6":{"name":"(anonymous_6)","decl":{"start":{"line":146,"column":53},"end":{"line":146,"column":54}},"loc":{"start":{"line":147,"column":36},"end":{"line":162,"column":43}},"line":147}},"branchMap":{"0":{"loc":{"start":{"line":37,"column":8},"end":{"line":39,"column":9}},"type":"if","locations":[{"start":{"line":37,"column":8},"end":{"line":39,"column":9}},{"start":{},"end":{}}],"line":37},"1":{"loc":{"start":{"line":106,"column":28},"end":{"line":106,"column":67}},"type":"binary-expr","locations":[{"start":{"line":106,"column":28},"end":{"line":106,"column":39}},{"start":{"line":106,"column":43},"end":{"line":106,"column":67}}],"line":106},"2":{"loc":{"start":{"line":109,"column":34},"end":{"line":109,"column":58}},"type":"binary-expr","locations":[{"start":{"line":109,"column":34},"end":{"line":109,"column":43}},{"start":{"line":109,"column":47},"end":{"line":109,"column":58}}],"line":109},"3":{"loc":{"start":{"line":118,"column":37},"end":{"line":120,"column":72}},"type":"cond-expr","locations":[{"start":{"line":119,"column":42},"end":{"line":119,"column":76}},{"start":{"line":120,"column":42},"end":{"line":120,"column":72}}],"line":118},"4":{"loc":{"start":{"line":124,"column":25},"end":{"line":130,"column":25}},"type":"cond-expr","locations":[{"start":{"line":125,"column":28},"end":{"line":125,"column":92}},{"start":{"line":126,"column":28},"end":{"line":130,"column":25}}],"line":124},"5":{"loc":{"start":{"line":126,"column":28},"end":{"line":130,"column":25}},"type":"cond-expr","locations":[{"start":{"line":127,"column":28},"end":{"line":127,"column":83}},{"start":{"line":129,"column":28},"end":{"line":129,"column":80}}],"line":126},"6":{"loc":{"start":{"line":135,"column":17},"end":{"line":171,"column":17}},"type":"binary-expr","locations":[{"start":{"line":135,"column":17},"end":{"line":135,"column":28}},{"start":{"line":136,"column":20},"end":{"line":170,"column":27}}],"line":135},"7":{"loc":{"start":{"line":139,"column":25},"end":{"line":169,"column":25}},"type":"cond-expr","locations":[{"start":{"line":140,"column":28},"end":{"line":143,"column":35}},{"start":{"line":145,"column":28},"end":{"line":168,"column":31}}],"line":139},"8":{"loc":{"start":{"line":150,"column":63},"end":{"line":150,"column":113}},"type":"cond-expr","locations":[{"start":{"line":150,"column":88},"end":{"line":150,"column":99}},{"start":{"line":150,"column":102},"end":{"line":150,"column":113}}],"line":150},"9":{"loc":{"start":{"line":154,"column":55},"end":{"line":154,"column":101}},"type":"cond-expr","locations":[{"start":{"line":154,"column":80},"end":{"line":154,"column":89}},{"start":{"line":154,"column":92},"end":{"line":154,"column":101}}],"line":154},"10":{"loc":{"start":{"line":174,"column":17},"end":{"line":204,"column":17}},"type":"binary-expr","locations":[{"start":{"line":174,"column":17},"end":{"line":174,"column":28}},{"start":{"line":175,"column":20},"end":{"line":203,"column":27}}],"line":174},"11":{"loc":{"start":{"line":195,"column":32},"end":{"line":195,"column":70}},"type":"binary-expr","locations":[{"start":{"line":195,"column":32},"end":{"line":195,"column":47}},{"start":{"line":195,"column":51},"end":{"line":195,"column":70}}],"line":195},"12":{"loc":{"start":{"line":199,"column":36},"end":{"line":199,"column":78}},"type":"binary-expr","locations":[{"start":{"line":199,"column":36},"end":{"line":199,"column":51}},{"start":{"line":199,"column":55},"end":{"line":199,"column":78}}],"line":199},"13":{"loc":{"start":{"line":233,"column":24},"end":{"line":233,"column":70}},"type":"binary-expr","locations":[{"start":{"line":233,"column":24},"end":{"line":233,"column":36}},{"start":{"line":233,"column":40},"end":{"line":233,"column":70}}],"line":233},"14":{"loc":{"start":{"line":239,"column":24},"end":{"line":239,"column":74}},"type":"binary-expr","locations":[{"start":{"line":239,"column":24},"end":{"line":239,"column":36}},{"start":{"line":239,"column":40},"end":{"line":239,"column":74}}],"line":239},"15":{"loc":{"start":{"line":241,"column":25},"end":{"line":241,"column":66}},"type":"cond-expr","locations":[{"start":{"line":241,"column":39},"end":{"line":241,"column":49}},{"start":{"line":241,"column":52},"end":{"line":241,"column":66}}],"line":241},"16":{"loc":{"start":{"line":245,"column":17},"end":{"line":249,"column":17}},"type":"binary-expr","locations":[{"start":{"line":245,"column":17},"end":{"line":245,"column":29}},{"start":{"line":246,"column":20},"end":{"line":248,"column":27}}],"line":245}},"s":{"0":0,"1":0,"2":0,"3":0,"4":0,"5":0,"6":0,"7":0,"8":0,"9":0,"10":0,"11":0,"12":0,"13":0,"14":0,"15":0,"16":0,"17":0,"18":0,"19":0,"20":0,"21":0,"22":0,"23":0,"24":0,"25":0,"26":0},"f":{"0":0,"1":0,"2":0,"3":0,"4":0,"5":0,"6":0},"b":{"0":[0,0],"1":[0,0],"2":[0,0],"3":[0,0],"4":[0,0],"5":[0,0],"6":[0,0],"7":[0,0],"8":[0,0],"9":[0,0],"10":[0,0],"11":[0,0],"12":[0,0],"13":[0,0],"14":[0,0],"15":[0,0],"16":[0,0]}}
,"C:\\Users\\yejin\\Downloads\\cryo\\chalk-app\\app\\onboarding\\complete.tsx": {"path":"C:\\Users\\yejin\\Downloads\\cryo\\chalk-app\\app\\onboarding\\complete.tsx","statementMap":{"0":{"start":{"line":20,"column":21},"end":{"line":20,"column":58}},"1":{"start":{"line":21,"column":22},"end":{"line":21,"column":60}},"2":{"start":{"line":22,"column":22},"end":{"line":22,"column":61}},"3":{"start":{"line":24,"column":4},"end":{"line":45,"column":11}},"4":{"start":{"line":26,"column":8},"end":{"line":44,"column":19}},"5":{"start":{"line":47,"column":29},"end":{"line":50,"column":5}},"6":{"start":{"line":49,"column":8},"end":{"line":49,"column":28}},"7":{"start":{"line":52,"column":21},"end":{"line":57,"column":5}},"8":{"start":{"line":59,"column":4},"end":{"line":144,"column":6}},"9":{"start":{"line":106,"column":24},"end":{"line":112,"column":31}},"10":{"start":{"line":147,"column":15},"end":{"line":275,"column":2}}},"fnMap":{"0":{"name":"OnboardingCompleteScreen","decl":{"start":{"line":19,"column":24},"end":{"line":19,"column":48}},"loc":{"start":{"line":19,"column":51},"end":{"line":145,"column":1}},"line":19},"1":{"name":"(anonymous_1)","decl":{"start":{"line":24,"column":14},"end":{"line":24,"column":15}},"loc":{"start":{"line":24,"column":20},"end":{"line":45,"column":5}},"line":24},"2":{"name":"(anonymous_2)","decl":{"start":{"line":47,"column":29},"end":{"line":47,"column":30}},"loc":{"start":{"line":47,"column":35},"end":{"line":50,"column":5}},"line":47},"3":{"name":"(anonymous_3)","decl":{"start":{"line":105,"column":34},"end":{"line":105,"column":35}},"loc":{"start":{"line":106,"column":24},"end":{"line":112,"column":31}},"line":106}},"branchMap":{},"s":{"0":0,"1":0,"2":0,"3":0,"4":0,"5":0,"6":0,"7":0,"8":0,"9":0,"10":0},"f":{"0":0,"1":0,"2":0,"3":0},"b":{}}
,"C:\\Users\\yejin\\Downloads\\cryo\\chalk-app\\app\\onboarding\\index.tsx": {"path":"C:\\Users\\yejin\\Downloads\\cryo\\chalk-app\\app\\onboarding\\index.tsx","statementMap":{"0":{"start":{"line":20,"column":28},"end":{"line":20,"column":39}},"1":{"start":{"line":21,"column":38},"end":{"line":21,"column":50}},"2":{"start":{"line":22,"column":40},"end":{"line":22,"column":52}},"3":{"start":{"line":23,"column":48},"end":{"line":23,"column":67}},"4":{"start":{"line":25,"column":24},"end":{"line":28,"column":5}},"5":{"start":{"line":26,"column":22},"end":{"line":26,"column":45}},"6":{"start":{"line":27,"column":8},"end":{"line":27,"column":32}},"7":{"start":{"line":30,"column":23},"end":{"line":42,"column":5}},"8":{"start":{"line":31,"column":8},"end":{"line":34,"column":9}},"9":{"start":{"line":32,"column":12},"end":{"line":32,"column":64}},"10":{"start":{"line":33,"column":12},"end":{"line":33,"column":19}},"11":{"start":{"line":36,"column":8},"end":{"line":41,"column":9}},"12":{"start":{"line":37,"column":12},"end":{"line":37,"column":30}},"13":{"start":{"line":40,"column":12},"end":{"line":40,"column":32}},"14":{"start":{"line":44,"column":23},"end":{"line":48,"column":5}},"15":{"start":{"line":45,"column":8},"end":{"line":45,"column":60}},"16":{"start":{"line":45,"column":24},"end":{"line":45,"column":60}},"17":{"start":{"line":46,"column":8},"end":{"line":46,"column":36}},"18":{"start":{"line":46,"column":24},"end":{"line":46,"column":36}},"19":{"start":{"line":47,"column":8},"end":{"line":47,"column":20}},"20":{"start":{"line":50,"column":4},"end":{"line":190,"column":6}},"21":{"start":{"line":55,"column":20},"end":{"line":61,"column":22}},"22":{"start":{"line":184,"column":53},"end":{"line":184,"column":70}},"23":{"start":{"line":193,"column":15},"end":{"line":323,"column":2}}},"fnMap":{"0":{"name":"OnboardingIndex","decl":{"start":{"line":19,"column":24},"end":{"line":19,"column":39}},"loc":{"start":{"line":19,"column":42},"end":{"line":191,"column":1}},"line":19},"1":{"name":"(anonymous_1)","decl":{"start":{"line":25,"column":24},"end":{"line":25,"column":25}},"loc":{"start":{"line":25,"column":42},"end":{"line":28,"column":5}},"line":25},"2":{"name":"(anonymous_2)","decl":{"start":{"line":30,"column":23},"end":{"line":30,"column":24}},"loc":{"start":{"line":30,"column":29},"end":{"line":42,"column":5}},"line":30},"3":{"name":"(anonymous_3)","decl":{"start":{"line":44,"column":23},"end":{"line":44,"column":24}},"loc":{"start":{"line":44,"column":29},"end":{"line":48,"column":5}},"line":44},"4":{"name":"(anonymous_4)","decl":{"start":{"line":54,"column":31},"end":{"line":54,"column":32}},"loc":{"start":{"line":55,"column":20},"end":{"line":61,"column":22}},"line":55},"5":{"name":"(anonymous_5)","decl":{"start":{"line":184,"column":47},"end":{"line":184,"column":48}},"loc":{"start":{"line":184,"column":53},"end":{"line":184,"column":70}},"line":184}},"branchMap":{"0":{"loc":{"start":{"line":31,"column":8},"end":{"line":34,"column":9}},"type":"if","locations":[{"start":{"line":31,"column":8},"end":{"line":34,"column":9}},{"start":{},"end":{}}],"line":31},"1":{"loc":{"start":{"line":31,"column":12},"end":{"line":31,"column":49}},"type":"binary-expr","locations":[{"start":{"line":31,"column":12},"end":{"line":31,"column":22}},{"start":{"line":31,"column":26},"end":{"line":31,"column":49}}],"line":31},"2":{"loc":{"start":{"line":36,"column":8},"end":{"line":41,"column":9}},"type":"if","locations":[{"start":{"line":36,"column":8},"end":{"line":41,"column":9}},{"start":{"line":38,"column":15},"end":{"line":41,"column":9}}],"line":36},"3":{"loc":{"start":{"line":45,"column":8},"end":{"line":45,"column":60}},"type":"if","locations":[{"start":{"line":45,"column":8},"end":{"line":45,"column":60}},{"start":{},"end":{}}],"line":45},"4":{"loc":{"start":{"line":46,"column":8},"end":{"line":46,"column":36}},"type":"if","locations":[{"start":{"line":46,"column":8},"end":{"line":46,"column":36}},{"start":{},"end":{}}],"line":46},"5":{"loc":{"start":{"line":59,"column":28},"end":{"line":59,"column":65}},"type":"binary-expr","locations":[{"start":{"line":59,"column":28},"end":{"line":59,"column":37}},{"start":{"line":59,"column":41},"end":{"line":59,"column":65}}],"line":59},"6":{"loc":{"start":{"line":67,"column":17},"end":{"line":98,"column":17}},"type":"binary-expr","locations":[{"start":{"line":67,"column":17},"end":{"line":67,"column":27}},{"start":{"line":68,"column":20},"end":{"line":97,"column":23}}],"line":67},"7":{"loc":{"start":{"line":100,"column":17},"end":{"line":136,"column":17}},"type":"binary-expr","locations":[{"start":{"line":100,"column":17},"end":{"line":100,"column":27}},{"start":{"line":101,"column":20},"end":{"line":135,"column":23}}],"line":100},"8":{"loc":{"start":{"line":111,"column":32},"end":{"line":111,"column":73}},"type":"binary-expr","locations":[{"start":{"line":111,"column":32},"end":{"line":111,"column":43}},{"start":{"line":111,"column":47},"end":{"line":111,"column":73}}],"line":111},"9":{"loc":{"start":{"line":114,"column":38},"end":{"line":114,"column":62}},"type":"binary-expr","locations":[{"start":{"line":114,"column":38},"end":{"line":114,"column":47}},{"start":{"line":114,"column":51},"end":{"line":114,"column":62}}],"line":114},"10":{"loc":{"start":{"line":121,"column":41},"end":{"line":121,"column":79}},"type":"cond-expr","locations":[{"start":{"line":121,"column":55},"end":{"line":121,"column":62}},{"start":{"line":121,"column":65},"end":{"line":121,"column":79}}],"line":121},"11":{"loc":{"start":{"line":125,"column":29},"end":{"line":129,"column":29}},"type":"cond-expr","locations":[{"start":{"line":126,"column":32},"end":{"line":126,"column":87}},{"start":{"line":128,"column":32},"end":{"line":128,"column":84}}],"line":125},"12":{"loc":{"start":{"line":138,"column":17},"end":{"line":165,"column":17}},"type":"binary-expr","locations":[{"start":{"line":138,"column":17},"end":{"line":138,"column":27}},{"start":{"line":139,"column":20},"end":{"line":164,"column":23}}],"line":138},"13":{"loc":{"start":{"line":173,"column":24},"end":{"line":173,"column":66}},"type":"binary-expr","locations":[{"start":{"line":173,"column":24},"end":{"line":173,"column":37}},{"start":{"line":173,"column":41},"end":{"line":173,"column":66}}],"line":173},"14":{"loc":{"start":{"line":179,"column":25},"end":{"line":179,"column":51}},"type":"cond-expr","locations":[{"start":{"line":179,"column":38},"end":{"line":179,"column":44}},{"start":{"line":179,"column":47},"end":{"line":179,"column":51}}],"line":179},"15":{"loc":{"start":{"line":183,"column":17},"end":{"line":187,"column":17}},"type":"binary-expr","locations":[{"start":{"line":183,"column":17},"end":{"line":183,"column":25}},{"start":{"line":184,"column":20},"end":{"line":186,"column":39}}],"line":183}},"s":{"0":0,"1":0,"2":0,"3":0,"4":0,"5":0,"6":0,"7":0,"8":0,"9":0,"10":0,"11":0,"12":0,"13":0,"14":0,"15":0,"16":0,"17":0,"18":0,"19":0,"20":0,"21":0,"22":0,"23":0},"f":{"0":0,"1":0,"2":0,"3":0,"4":0,"5":0},"b":{"0":[0,0],"1":[0,0],"2":[0,0],"3":[0,0],"4":[0,0],"5":[0,0],"6":[0,0],"7":[0,0],"8":[0,0],"9":[0,0],"10":[0,0],"11":[0,0],"12":[0,0],"13":[0,0],"14":[0,0],"15":[0,0]}}
,"C:\\Users\\yejin\\Downloads\\cryo\\chalk-app\\app\\onboarding\\subject.tsx": {"path":"C:\\Users\\yejin\\Downloads\\cryo\\chalk-app\\app\\onboarding\\subject.tsx","statementMap":{"0":{"start":{"line":21,"column":21},"end":{"line":21,"column":34}},"1":{"start":{"line":22,"column":50},"end":{"line":22,"column":79}},"2":{"start":{"line":23,"column":37},"end":{"line":23,"column":47}},"3":{"start":{"line":25,"column":27},"end":{"line":30,"column":5}},"4":{"start":{"line":26,"column":8},"end":{"line":29,"column":9}},"5":{"start":{"line":27,"column":12},"end":{"line":27,"column":50}},"6":{"start":{"line":28,"column":12},"end":{"line":28,"column":48}},"7":{"start":{"line":32,"column":4},"end":{"line":152,"column":6}},"8":{"start":{"line":36,"column":49},"end":{"line":36,"column":62}},"9":{"start":{"line":57,"column":43},"end":{"line":57,"column":73}},"10":{"start":{"line":58,"column":43},"end":{"line":58,"column":69}},"11":{"start":{"line":60,"column":24},"end":{"line":103,"column":26}},"12":{"start":{"line":67,"column":47},"end":{"line":67,"column":77}},"13":{"start":{"line":91,"column":44},"end":{"line":93,"column":51}},"14":{"start":{"line":112,"column":39},"end":{"line":112,"column":66}},"15":{"start":{"line":155,"column":15},"end":{"line":293,"column":2}}},"fnMap":{"0":{"name":"SubjectSelectionScreen","decl":{"start":{"line":20,"column":24},"end":{"line":20,"column":46}},"loc":{"start":{"line":20,"column":49},"end":{"line":153,"column":1}},"line":20},"1":{"name":"(anonymous_1)","decl":{"start":{"line":25,"column":27},"end":{"line":25,"column":28}},"loc":{"start":{"line":25,"column":33},"end":{"line":30,"column":5}},"line":25},"2":{"name":"(anonymous_2)","decl":{"start":{"line":36,"column":43},"end":{"line":36,"column":44}},"loc":{"start":{"line":36,"column":49},"end":{"line":36,"column":62}},"line":36},"3":{"name":"(anonymous_3)","decl":{"start":{"line":56,"column":34},"end":{"line":56,"column":35}},"loc":{"start":{"line":56,"column":47},"end":{"line":104,"column":21}},"line":56},"4":{"name":"(anonymous_4)","decl":{"start":{"line":67,"column":41},"end":{"line":67,"column":42}},"loc":{"start":{"line":67,"column":47},"end":{"line":67,"column":77}},"line":67},"5":{"name":"(anonymous_5)","decl":{"start":{"line":90,"column":71},"end":{"line":90,"column":72}},"loc":{"start":{"line":91,"column":44},"end":{"line":93,"column":51}},"line":91},"6":{"name":"(anonymous_6)","decl":{"start":{"line":112,"column":33},"end":{"line":112,"column":34}},"loc":{"start":{"line":112,"column":39},"end":{"line":112,"column":66}},"line":112}},"branchMap":{"0":{"loc":{"start":{"line":26,"column":8},"end":{"line":29,"column":9}},"type":"if","locations":[{"start":{"line":26,"column":8},"end":{"line":29,"column":9}},{"start":{},"end":{}}],"line":26},"1":{"loc":{"start":{"line":65,"column":36},"end":{"line":65,"column":76}},"type":"binary-expr","locations":[{"start":{"line":65,"column":36},"end":{"line":65,"column":46}},{"start":{"line":65,"column":50},"end":{"line":65,"column":76}}],"line":65},"2":{"loc":{"start":{"line":72,"column":40},"end":{"line":72,"column":79}},"type":"binary-expr","locations":[{"start":{"line":72,"column":40},"end":{"line":72,"column":50}},{"start":{"line":72,"column":54},"end":{"line":72,"column":79}}],"line":72},"3":{"loc":{"start":{"line":74,"column":41},"end":{"line":74,"column":89}},"type":"binary-expr","locations":[{"start":{"line":74,"column":41},"end":{"line":74,"column":51}},{"start":{"line":74,"column":55},"end":{"line":74,"column":89}}],"line":74},"4":{"loc":{"start":{"line":79,"column":44},"end":{"line":79,"column":84}},"type":"binary-expr","locations":[{"start":{"line":79,"column":44},"end":{"line":79,"column":54}},{"start":{"line":79,"column":58},"end":{"line":79,"column":84}}],"line":79},"5":{"loc":{"start":{"line":88,"column":33},"end":{"line":101,"column":33}},"type":"binary-expr","locations":[{"start":{"line":88,"column":33},"end":{"line":88,"column":43}},{"start":{"line":89,"column":36},"end":{"line":100,"column":43}}],"line":88},"6":{"loc":{"start":{"line":95,"column":41},"end":{"line":99,"column":41}},"type":"binary-expr","locations":[{"start":{"line":95,"column":41},"end":{"line":95,"column":65}},{"start":{"line":96,"column":44},"end":{"line":98,"column":51}}],"line":95},"7":{"loc":{"start":{"line":110,"column":28},"end":{"line":110,"column":85}},"type":"binary-expr","locations":[{"start":{"line":110,"column":28},"end":{"line":110,"column":55}},{"start":{"line":110,"column":59},"end":{"line":110,"column":85}}],"line":110},"8":{"loc":{"start":{"line":117,"column":32},"end":{"line":117,"column":88}},"type":"binary-expr","locations":[{"start":{"line":117,"column":32},"end":{"line":117,"column":59}},{"start":{"line":117,"column":63},"end":{"line":117,"column":88}}],"line":117},"9":{"loc":{"start":{"line":119,"column":33},"end":{"line":119,"column":98}},"type":"binary-expr","locations":[{"start":{"line":119,"column":33},"end":{"line":119,"column":60}},{"start":{"line":119,"column":64},"end":{"line":119,"column":98}}],"line":119},"10":{"loc":{"start":{"line":124,"column":36},"end":{"line":124,"column":93}},"type":"binary-expr","locations":[{"start":{"line":124,"column":36},"end":{"line":124,"column":63}},{"start":{"line":124,"column":67},"end":{"line":124,"column":93}}],"line":124},"11":{"loc":{"start":{"line":142,"column":24},"end":{"line":142,"column":73}},"type":"binary-expr","locations":[{"start":{"line":142,"column":24},"end":{"line":142,"column":40}},{"start":{"line":142,"column":44},"end":{"line":142,"column":73}}],"line":142}},"s":{"0":0,"1":0,"2":0,"3":0,"4":0,"5":0,"6":0,"7":0,"8":0,"9":0,"10":0,"11":0,"12":0,"13":0,"14":0,"15":0},"f":{"0":0,"1":0,"2":0,"3":0,"4":0,"5":0,"6":0},"b":{"0":[0,0],"1":[0,0],"2":[0,0],"3":[0,0],"4":[0,0],"5":[0,0],"6":[0,0],"7":[0,0],"8":[0,0],"9":[0,0],"10":[0,0],"11":[0,0]}}
,"C:\\Users\\yejin\\Downloads\\cryo\\chalk-app\\app\\recording\\index.tsx": {"path":"C:\\Users\\yejin\\Downloads\\cryo\\chalk-app\\app\\recording\\index.tsx","statementMap":{"0":{"start":{"line":25,"column":17},"end":{"line":68,"column":1}},"1":{"start":{"line":26,"column":17},"end":{"line":26,"column":43}},"2":{"start":{"line":27,"column":23},"end":{"line":27,"column":78}},"3":{"start":{"line":27,"column":45},"end":{"line":27,"column":68}},"4":{"start":{"line":29,"column":4},"end":{"line":50,"column":22}},"5":{"start":{"line":30,"column":8},"end":{"line":49,"column":9}},"6":{"start":{"line":31,"column":31},"end":{"line":46,"column":14}},"7":{"start":{"line":32,"column":16},"end":{"line":45,"column":18}},"8":{"start":{"line":47,"column":12},"end":{"line":47,"column":47}},"9":{"start":{"line":47,"column":36},"end":{"line":47,"column":45}},"10":{"start":{"line":48,"column":12},"end":{"line":48,"column":59}},"11":{"start":{"line":48,"column":25},"end":{"line":48,"column":58}},"12":{"start":{"line":48,"column":49},"end":{"line":48,"column":57}},"13":{"start":{"line":52,"column":4},"end":{"line":67,"column":6}},"14":{"start":{"line":55,"column":16},"end":{"line":64,"column":18}},"15":{"start":{"line":70,"column":23},"end":{"line":84,"column":2}},"16":{"start":{"line":93,"column":30},"end":{"line":93,"column":65}},"17":{"start":{"line":94,"column":36},"end":{"line":94,"column":47}},"18":{"start":{"line":95,"column":48},"end":{"line":95,"column":67}},"19":{"start":{"line":96,"column":44},"end":{"line":96,"column":73}},"20":{"start":{"line":97,"column":58},"end":{"line":97,"column":73}},"21":{"start":{"line":99,"column":25},"end":{"line":99,"column":61}},"22":{"start":{"line":100,"column":21},"end":{"line":100,"column":56}},"23":{"start":{"line":101,"column":22},"end":{"line":101,"column":59}},"24":{"start":{"line":103,"column":32},"end":{"line":103,"column":42}},"25":{"start":{"line":108,"column":4},"end":{"line":157,"column":11}},"26":{"start":{"line":109,"column":24},"end":{"line":109,"column":28}},"27":{"start":{"line":111,"column":27},"end":{"line":143,"column":9}},"28":{"start":{"line":112,"column":12},"end":{"line":142,"column":13}},"29":{"start":{"line":113,"column":16},"end":{"line":113,"column":63}},"30":{"start":{"line":116,"column":35},"end":{"line":116,"column":72}},"31":{"start":{"line":118,"column":16},"end":{"line":118,"column":39}},"32":{"start":{"line":118,"column":32},"end":{"line":118,"column":39}},"33":{"start":{"line":120,"column":16},"end":{"line":124,"column":17}},"34":{"start":{"line":121,"column":20},"end":{"line":121,"column":73}},"35":{"start":{"line":122,"column":20},"end":{"line":122,"column":37}},"36":{"start":{"line":123,"column":20},"end":{"line":123,"column":27}},"37":{"start":{"line":127,"column":16},"end":{"line":131,"column":19}},"38":{"start":{"line":133,"column":16},"end":{"line":133,"column":65}},"39":{"start":{"line":134,"column":16},"end":{"line":134,"column":33}},"40":{"start":{"line":137,"column":16},"end":{"line":137,"column":64}},"41":{"start":{"line":138,"column":16},"end":{"line":141,"column":17}},"42":{"start":{"line":139,"column":20},"end":{"line":139,"column":66}},"43":{"start":{"line":140,"column":20},"end":{"line":140,"column":37}},"44":{"start":{"line":145,"column":8},"end":{"line":145,"column":21}},"45":{"start":{"line":148,"column":8},"end":{"line":156,"column":10}},"46":{"start":{"line":149,"column":12},"end":{"line":149,"column":30}},"47":{"start":{"line":150,"column":12},"end":{"line":152,"column":13}},"48":{"start":{"line":151,"column":16},"end":{"line":151,"column":75}},"49":{"start":{"line":153,"column":12},"end":{"line":155,"column":13}},"50":{"start":{"line":154,"column":16},"end":{"line":154,"column":48}},"51":{"start":{"line":162,"column":4},"end":{"line":182,"column":16}},"52":{"start":{"line":163,"column":8},"end":{"line":181,"column":9}},"53":{"start":{"line":164,"column":12},"end":{"line":177,"column":22}},"54":{"start":{"line":179,"column":12},"end":{"line":179,"column":38}},"55":{"start":{"line":180,"column":12},"end":{"line":180,"column":34}},"56":{"start":{"line":187,"column":4},"end":{"line":201,"column":16}},"57":{"start":{"line":188,"column":8},"end":{"line":197,"column":9}},"58":{"start":{"line":189,"column":12},"end":{"line":191,"column":21}},"59":{"start":{"line":190,"column":16},"end":{"line":190,"column":40}},"60":{"start":{"line":190,"column":33},"end":{"line":190,"column":38}},"61":{"start":{"line":193,"column":12},"end":{"line":196,"column":13}},"62":{"start":{"line":194,"column":16},"end":{"line":194,"column":48}},"63":{"start":{"line":195,"column":16},"end":{"line":195,"column":40}},"64":{"start":{"line":198,"column":8},"end":{"line":200,"column":10}},"65":{"start":{"line":199,"column":12},"end":{"line":199,"column":66}},"66":{"start":{"line":199,"column":34},"end":{"line":199,"column":66}},"67":{"start":{"line":203,"column":27},"end":{"line":207,"column":5}},"68":{"start":{"line":204,"column":21},"end":{"line":204,"column":45}},"69":{"start":{"line":205,"column":21},"end":{"line":205,"column":33}},"70":{"start":{"line":206,"column":8},"end":{"line":206,"column":89}},"71":{"start":{"line":212,"column":27},"end":{"line":246,"column":5}},"72":{"start":{"line":213,"column":8},"end":{"line":245,"column":9}},"73":{"start":{"line":214,"column":12},"end":{"line":214,"column":34}},"74":{"start":{"line":215,"column":12},"end":{"line":215,"column":51}},"75":{"start":{"line":218,"column":31},"end":{"line":218,"column":68}},"76":{"start":{"line":219,"column":12},"end":{"line":222,"column":13}},"77":{"start":{"line":220,"column":16},"end":{"line":220,"column":104}},"78":{"start":{"line":221,"column":16},"end":{"line":221,"column":23}},"79":{"start":{"line":225,"column":12},"end":{"line":228,"column":15}},"80":{"start":{"line":231,"column":30},"end":{"line":231,"column":51}},"81":{"start":{"line":232,"column":12},"end":{"line":232,"column":93}},"82":{"start":{"line":233,"column":12},"end":{"line":233,"column":41}},"83":{"start":{"line":235,"column":12},"end":{"line":235,"column":45}},"84":{"start":{"line":236,"column":12},"end":{"line":236,"column":34}},"85":{"start":{"line":237,"column":12},"end":{"line":237,"column":27}},"86":{"start":{"line":239,"column":12},"end":{"line":239,"column":61}},"87":{"start":{"line":242,"column":12},"end":{"line":242,"column":63}},"88":{"start":{"line":243,"column":12},"end":{"line":243,"column":81}},"89":{"start":{"line":244,"column":12},"end":{"line":244,"column":29}},"90":{"start":{"line":251,"column":26},"end":{"line":333,"column":5}},"91":{"start":{"line":252,"column":8},"end":{"line":252,"column":42}},"92":{"start":{"line":252,"column":35},"end":{"line":252,"column":42}},"93":{"start":{"line":254,"column":8},"end":{"line":332,"column":9}},"94":{"start":{"line":255,"column":12},"end":{"line":255,"column":51}},"95":{"start":{"line":258,"column":12},"end":{"line":261,"column":13}},"96":{"start":{"line":259,"column":16},"end":{"line":259,"column":48}},"97":{"start":{"line":260,"column":16},"end":{"line":260,"column":40}},"98":{"start":{"line":263,"column":12},"end":{"line":263,"column":34}},"99":{"start":{"line":266,"column":12},"end":{"line":266,"column":60}},"100":{"start":{"line":267,"column":24},"end":{"line":267,"column":53}},"101":{"start":{"line":268,"column":12},"end":{"line":268,"column":54}},"102":{"start":{"line":271,"column":12},"end":{"line":273,"column":15}},"103":{"start":{"line":275,"column":12},"end":{"line":275,"column":40}},"104":{"start":{"line":278,"column":12},"end":{"line":326,"column":13}},"105":{"start":{"line":279,"column":43},"end":{"line":279,"column":87}},"106":{"start":{"line":282,"column":36},"end":{"line":290,"column":17}},"107":{"start":{"line":292,"column":16},"end":{"line":292,"column":66}},"108":{"start":{"line":293,"column":31},"end":{"line":296,"column":18}},"109":{"start":{"line":299,"column":16},"end":{"line":312,"column":19}},"110":{"start":{"line":313,"column":16},"end":{"line":313,"column":37}},"111":{"start":{"line":316,"column":16},"end":{"line":316,"column":68}},"112":{"start":{"line":318,"column":16},"end":{"line":324,"column":19}},"113":{"start":{"line":325,"column":16},"end":{"line":325,"column":37}},"114":{"start":{"line":329,"column":12},"end":{"line":329,"column":59}},"115":{"start":{"line":330,"column":12},"end":{"line":330,"column":80}},"116":{"start":{"line":331,"column":12},"end":{"line":331,"column":29}},"117":{"start":{"line":338,"column":25},"end":{"line":351,"column":5}},"118":{"start":{"line":339,"column":8},"end":{"line":350,"column":9}},"119":{"start":{"line":340,"column":12},"end":{"line":340,"column":34}},"120":{"start":{"line":343,"column":12},"end":{"line":343,"column":68}},"121":{"start":{"line":343,"column":41},"end":{"line":343,"column":66}},"122":{"start":{"line":345,"column":12},"end":{"line":345,"column":41}},"123":{"start":{"line":348,"column":12},"end":{"line":348,"column":59}},"124":{"start":{"line":349,"column":12},"end":{"line":349,"column":33}},"125":{"start":{"line":353,"column":36},"end":{"line":356,"column":5}},"126":{"start":{"line":354,"column":8},"end":{"line":354,"column":38}},"127":{"start":{"line":355,"column":8},"end":{"line":355,"column":28}},"128":{"start":{"line":361,"column":4},"end":{"line":370,"column":5}},"129":{"start":{"line":362,"column":8},"end":{"line":369,"column":10}},"130":{"start":{"line":375,"column":4},"end":{"line":597,"column":6}},"131":{"start":{"line":380,"column":35},"end":{"line":380,"column":48}},"132":{"start":{"line":481,"column":36},"end":{"line":483,"column":43}},"133":{"start":{"line":500,"column":40},"end":{"line":500,"column":96}},"134":{"start":{"line":513,"column":40},"end":{"line":513,"column":96}},"135":{"start":{"line":558,"column":43},"end":{"line":558,"column":59}},"136":{"start":{"line":603,"column":15},"end":{"line":969,"column":2}}},"fnMap":{"0":{"name":"(anonymous_0)","decl":{"start":{"line":25,"column":17},"end":{"line":25,"column":18}},"loc":{"start":{"line":25,"column":64},"end":{"line":68,"column":1}},"line":25},"1":{"name":"(anonymous_1)","decl":{"start":{
[...]
,"C:\\Users\\yejin\\Downloads\\cryo\\chalk-app\\supabase\\functions\\recall-webhook\\index.ts": {"path":"C:\\Users\\yejin\\Downloads\\cryo\\chalk-app\\supabase\\functions\\recall-webhook\\index.ts","statementMap":{"0":{"start":{"line":9,"column":20},"end":{"line":12,"column":1}},"1":{"start":{"line":14,"column":23},"end":{"line":14,"column":53}},"2":{"start":{"line":15,"column":23},"end":{"line":15,"column":113}},"3":{"start":{"line":39,"column":0},"end":{"line":142,"column":3}},"4":{"start":{"line":40,"column":4},"end":{"line":42,"column":5}},"5":{"start":{"line":41,"column":8},"end":{"line":41,"column":60}},"6":{"start":{"line":44,"column":4},"end":{"line":141,"column":5}},"7":{"start":{"line":45,"column":40},"end":{"line":45,"column":56}},"8":{"start":{"line":46,"column":8},"end":{"line":46,"column":58}},"9":{"start":{"line":49,"column":8},"end":{"line":53,"column":9}},"10":{"start":{"line":50,"column":12},"end":{"line":52,"column":15}},"11":{"start":{"line":55,"column":49},"end":{"line":55,"column":61}},"12":{"start":{"line":56,"column":26},"end":{"line":56,"column":46}},"13":{"start":{"line":57,"column":28},"end":{"line":57,"column":50}},"14":{"start":{"line":59,"column":8},"end":{"line":65,"column":9}},"15":{"start":{"line":60,"column":12},"end":{"line":60,"column":60}},"16":{"start":{"line":61,"column":12},"end":{"line":64,"column":15}},"17":{"start":{"line":68,"column":31},"end":{"line":70,"column":23}},"18":{"start":{"line":69,"column":24},"end":{"line":69,"column":55}},"19":{"start":{"line":73,"column":23},"end":{"line":73,"column":82}},"20":{"start":{"line":76,"column":25},"end":{"line":79,"column":9}},"21":{"start":{"line":82,"column":8},"end":{"line":90,"column":9}},"22":{"start":{"line":83,"column":12},"end":{"line":89,"column":37}},"23":{"start":{"line":93,"column":38},"end":{"line":104,"column":21}},"24":{"start":{"line":107,"column":8},"end":{"line":120,"column":9}},"25":{"start":{"line":108,"column":12},"end":{"line":119,"column":13}},"26":{"start":{"line":109,"column":16},"end":{"line":118,"column":65}},"27":{"start":{"line":123,"column":8},"end":{"line":125,"column":9}},"28":{"start":{"line":124,"column":12},"end":{"line":124,"column":68}},"29":{"start":{"line":127,"column":8},"end":{"line":133,"column":10}},"30":{"start":{"line":136,"column":8},"end":{"line":136,"column":49}},"31":{"start":{"line":137,"column":8},"end":{"line":140,"column":10}},"32":{"start":{"line":146,"column":4},"end":{"line":148,"column":5}},"33":{"start":{"line":147,"column":8},"end":{"line":147,"column":42}},"34":{"start":{"line":150,"column":19},"end":{"line":173,"column":1}},"35":{"start":{"line":175,"column":4},"end":{"line":198,"column":5}},"36":{"start":{"line":176,"column":25},"end":{"line":186,"column":10}},"37":{"start":{"line":188,"column":23},"end":{"line":188,"column":44}},"38":{"start":{"line":189,"column":21},"end":{"line":189,"column":76}},"39":{"start":{"line":192,"column":26},"end":{"line":192,"column":51}},"40":{"start":{"line":193,"column":8},"end":{"line":195,"column":9}},"41":{"start":{"line":194,"column":12},"end":{"line":194,"column":44}},"42":{"start":{"line":197,"column":8},"end":{"line":197,"column":48}},"43":{"start":{"line":200,"column":4},"end":{"line":200,"column":38}},"44":{"start":{"line":205,"column":4},"end":{"line":212,"column":6}},"45":{"start":{"line":217,"column":4},"end":{"line":237,"column":15}},"46":{"start":{"line":223,"column":35},"end":{"line":223,"column":43}},"47":{"start":{"line":226,"column":38},"end":{"line":226,"column":46}},"48":{"start":{"line":229,"column":41},"end":{"line":229,"column":49}},"49":{"start":{"line":242,"column":4},"end":{"line":242,"column":27}},"50":{"start":{"line":242,"column":20},"end":{"line":242,"column":27}},"51":{"start":{"line":245,"column":30},"end":{"line":249,"column":17}},"52":{"start":{"line":251,"column":4},"end":{"line":251,"column":37}},"53":{"start":{"line":251,"column":30},"end":{"line":251,"column":37}},"54":{"start":{"line":254,"column":30},"end":{"line":258,"column":17}},"55":{"start":{"line":260,"column":4},"end":{"line":263,"column":5}},"56":{"start":{"line":261,"column":8},"end":{"line":261,"column":56}},"57":{"start":{"line":262,"column":8},"end":{"line":262,"column":15}},"58":{"start":{"line":266,"column":4},"end":{"line":272,"column":7}}},"fnMap":{"0":{"name":"(anonymous_0)","decl":{"start":{"line":39,"column":6},"end":{"line":39,"column":7}},"loc":{"start":{"line":39,"column":21},"end":{"line":142,"column":1}},"line":39},"1":{"name":"(anonymous_1)","decl":{"start":{"line":69,"column":17},"end":{"line":69,"column":18}},"loc":{"start":{"line":69,"column":24},"end":{"line":69,"column":55}},"line":69},"2":{"name":"generateAIReport","decl":{"start":{"line":145,"column":15},"end":{"line":145,"column":31}},"loc":{"start":{"line":145,"column":73},"end":{"line":201,"column":1}},"line":145},"3":{"name":"getDemoReport","decl":{"start":{"line":204,"column":9},"end":{"line":204,"column":22}},"loc":{"start":{"line":204,"column":44},"end":{"line":213,"column":1}},"line":204},"4":{"name":"formatReportForParent","decl":{"start":{"line":216,"column":9},"end":{"line":216,"column":30}},"loc":{"start":{"line":216,"column":73},"end":{"line":238,"column":1}},"line":216},"5":{"name":"(anonymous_5)","decl":{"start":{"line":223,"column":20},"end":{"line":223,"column":21}},"loc":{"start":{"line":223,"column":35},"end":{"line":223,"column":43}},"line":223},"6":{"name":"(anonymous_6)","decl":{"start":{"line":226,"column":23},"end":{"line":226,"column":24}},"loc":{"start":{"line":226,"column":38},"end":{"line":226,"column":46}},"line":226},"7":{"name":"(anonymous_7)","decl":{"start":{"line":229,"column":26},"end":{"line":229,"column":27}},"loc":{"start":{"line":229,"column":41},"end":{"line":229,"column":49}},"line":229},"8":{"name":"sendToParent","decl":{"start":{"line":241,"column":15},"end":{"line":241,"column":27}},"loc":{"start":{"line":241,"column":92},"end":{"line":273,"column":1}},"line":241}},"branchMap":{"0":{"loc":{"start":{"line":40,"column":4},"end":{"line":42,"column":5}},"type":"if","locations":[{"start":{"line":40,"column":4},"end":{"line":42,"column":5}},{"start":{},"end":{}}],"line":40},"1":{"loc":{"start":{"line":49,"column":8},"end":{"line":53,"column":9}},"type":"if","locations":[{"start":{"line":49,"column":8},"end":{"line":53,"column":9}},{"start":{},"end":{}}],"line":49},"2":{"loc":{"start":{"line":59,"column":8},"end":{"line":65,"column":9}},"type":"if","locations":[{"start":{"line":59,"column":8},"end":{"line":65,"column":9}},{"start":{},"end":{}}],"line":59},"3":{"loc":{"start":{"line":59,"column":12},"end":{"line":59,"column":50}},"type":"binary-expr","locations":[{"start":{"line":59,"column":12},"end":{"line":59,"column":23}},{"start":{"line":59,"column":27},"end":{"line":59,"column":50}}],"line":59},"4":{"loc":{"start":{"line":73,"column":62},"end":{"line":73,"column":81}},"type":"binary-expr","locations":[{"start":{"line":73,"column":62},"end":{"line":73,"column":73}},{"start":{"line":73,"column":77},"end":{"line":73,"column":81}}],"line":73},"5":{"loc":{"start":{"line":77,"column":12},"end":{"line":77,"column":46}},"type":"binary-expr","locations":[{"start":{"line":77,"column":12},"end":{"line":77,"column":40}},{"start":{"line":77,"column":44},"end":{"line":77,"column":46}}],"line":77},"6":{"loc":{"start":{"line":78,"column":12},"end":{"line":78,"column":59}},"type":"binary-expr","locations":[{"start":{"line":78,"column":12},"end":{"line":78,"column":53}},{"start":{"line":78,"column":57},"end":{"line":78,"column":59}}],"line":78},"7":{"loc":{"start":{"line":82,"column":8},"end":{"line":90,"column":9}},"type":"if","locations":[{"start":{"line":82,"column":8},"end":{"line":90,"column":9}},{"start":{},"end":{}}],"line":82},"8":{"loc":{"start":{"line":100,"column":65},"end":{"line":100,"column":84}},"type":"binary-expr","locations":[{"start":{"line":100,"column":65},"end":{"line":100,"column":76}},{"start":{"line":100,"column":80},"end":{"line":100,"column":84}}],"line":100},"9":{"loc":{"start":{"line":107,"column":8},"end":{"line":120,"column":9}},"type":"if","locations":[{"start":{"line":107,"column":8},"end":{"line":120,"column":9}},{"start":{},"end":{}}],"line":107},"10":{"loc":{"start":{"line":107,"column":12},"end":{"line":107,"column":95}},"type":"binary-expr","locations":[{"start":{"line":107,"column":12},"end":{"line":107,"column":34}},{"start":{"line":107,"column":38},"end":{"line":107,"column":71}},{"start":{"line":107,"column":75},"end":{"line":107,"column":95}}],"line":107},"11":{"loc":{"start":{"line":115,"column":38},"end":{"line":115,"column":73}},"type":"binary-expr","locations":[{"start":{"line":115,"column":38},"end":{"line":115,"column":60}},{"start":{"line":115,"column":64},"end":{"line":115,"column":73}}],"line":115},"12":{"loc":{"start":{"line":123,"column":8},"end":{"line":125,"column":9}},"type":"if","locations":[{"start":{"line":123,"column":8},"end":{"line":125,"column":9}},{"start":{},"end":{}}],"line":123},"13":{"loc":{"start":{"line":146,"column":4},"end":{"line":148,"column":5}},"type":"if","locations":[{"start":{"line":146,"column":4},"end":{"line":148,"column":5}},{"start":{},"end":{}}],"line":146},"14":{"loc":{"start":{"line":189,"column":21},"end":{"line":189,"column":76}},"type":"binary-expr","locations":[{"start":{"line":189,"column":21},"end":{"line":189,"column":70}},{"start":{"line":189,"column":74},"end":{"line":189,"column":76}}],"line":189},"15":{"loc":{"start":{"line":193,"column":8},"end":{"line":195,"column":9}},"type":"if","locations":[{"start":{"line":193,"column":8},"end":{"line":195,"column":9}},{"start":{},"end":{}}],"line":193},"16":{"loc":{"start":{"line":232,"column":2},"end":{"line":232,"column":25}},"type":"binary-expr","locations":[{"start":{"line":232,"column":2},"end":{"line":232,"column":17}},{"start":{"line":232,"column":21},"end":{"line":232,"column":25}}],"line":232},"17":{"loc":{"start":{"line":235,"column":2},"end":{"line":235,"column":25}},"type":"binary-expr","locations":[{"start":{"line":235,"column":2},"end":{"line":235,"column":17}},{"start":{"line":235,"column":21},"end":{"line":235,"column":25}}],"line":235},"18":{"loc":{"start":{"line":242,"column":4},"end":{"line":242,"column":27}},"type":"if","locations":[{"start":{"line":242,"column":4},"end":{"line":242,"column":27}},{"start":{},"end":{}}],"line":242},"19":{"loc":{"start":{"line":251,"column":4},"end":{"line":251,"column":37}},"type":"if","locations":[{"start":{"line":251,"column":4},"end":{"line":251,"column":37}},{"start":{},"end":{}}],"line":251},"20":{"loc":{"start":{"line":260,"column":4},"end":{"line":263,"column":5}},"type":"if","locations":[{"start":{"line":260,"column":4},"end":{"line":263,"column":5}},{"start":{},"end":{}}],"line":260},"21":{"loc":{"start":{"line":260,"column":8},"end":{"line":260,"column":56}},"type":"binary-expr","locations":[{"start":{"line":260,"column":8},"end":{"line":260,"column":30}},{"start":{"line":260,"column":34},"end":{"line":260,"column":56}}],"line":260},"22":{"loc":{"start":{"line":268,"column":16},"end":{"line":268,"column":60}},"type":"binary-expr","locations":[{"start":{"line":268,"column":16},"end":{"line":268,"column":36}},{"start":{"line":268,"column":40},"end":{"line":268,"column":60}}],"line":268},"23":{"loc":{"start":{"line":269,"column":20},"end":{"line":269,"column":58}},"type":"cond-expr","locations":[{"start":{"line":269,"column":43},"end":{"line":269,"column":48}},{"start":{"line":269,"column":51},"end":{"line":269,"column":58}}],"line":269}},"s":{"0":0,"1":0,"2":0,"3":0,"4":0,"5":0,"6":0,"7":0,"8":0,"9":0,"10":0,"11":0,"12":0,"13":0,"14":0,"15":0,"16":0,"17":0,"18":0,"19":0,"20":0,"21":0,"22":0,"23":0,"24":0,"25":0,"26":0,"27":0,"28":0,"29":0,"30":0,"31":0,"32":0,"33":0,"34":0,"35":0,"36":0,"37":0,"38":0,"39":0,"40":0,"41":0,"42":0,"43":0,"44":0,"45":0,"46":0,"47":0,"48":0,"49":0,"50":0,"51":0,"52":0,"53":0,"54":0,"55":0,"56":0,"57":0,"58":0},"f":{"0":0,"1":0,"2":0,"3":0,"4":0,"5":0,"6":0,"7":0,"8":0},"b":{"0":[0,0],"1":[0,0],"2":[0,0],"3":[0,0],"4":[0,0],"5":[0,0],"6":[0,0],"7":[0,0],"8":[0,0],"9":[0,0],"10":[0,0,0],"11":[0,0],"12":[0,0],"13":[0,0],"14":[0,0],"15":[0,0],"16":[0,0],"17":[0,0],"18":[0,0],"19":[0,0],"20":[0,0],"21":[0,0],"22":[0,0],"23":[0,0]}}
,"C:\\Users\\yejin\\Downloads\\cryo\\chalk-app\\supabase\\functions\\send-notification\\index.ts": {"path":"C:\\Users\\yejin\\Downloads\\cryo\\chalk-app\\supabase\\functions\\send-notification\\index.ts","statementMap":{"0":{"start":{"line":8,"column":20},"end":{"line":11,"column":1}},"1":{"start":{"line":20,"column":0},"end":{"line":63,"column":3}},"2":{"start":{"line":22,"column":4},"end":{"line":24,"column":5}},"3":{"start":{"line":23,"column":8},"end":{"line":23,"column":60}},"4":{"start":{"line":26,"column":4},"end":{"line":62,"column":5}},"5":{"start":{"line":27,"column":71},"end":{"line":27,"column":87}},"6":{"start":{"line":29,"column":8},"end":{"line":34,"column":9}},"7":{"start":{"line":30,"column":12},"end":{"line":33,"column":14}},"8":{"start":{"line":38,"column":8},"end":{"line":50,"column":9}},"9":{"start":{"line":40,"column":16},"end":{"line":40,"column":52}},"10":{"start":{"line":41,"column":16},"end":{"line":41,"column":22}},"11":{"start":{"line":43,"column":16},"end":{"line":43,"column":54}},"12":{"start":{"line":44,"column":16},"end":{"line":44,"column":22}},"13":{"start":{"line":46,"column":16},"end":{"line":46,"column":54}},"14":{"start":{"line":47,"column":16},"end":{"line":47,"column":22}},"15":{"start":{"line":49,"column":16},"end":{"line":49,"column":54}},"16":{"start":{"line":52,"column":8},"end":{"line":55,"column":10}},"17":{"start":{"line":57,"column":8},"end":{"line":57,"column":52}},"18":{"start":{"line":58,"column":8},"end":{"line":61,"column":10}},"19":{"start":{"line":67,"column":26},"end":{"line":67,"column":55}},"20":{"start":{"line":68,"column":26},"end":{"line":68,"column":55}},"21":{"start":{"line":69,"column":25},"end":{"line":69,"column":53}},"22":{"start":{"line":71,"column":4},"end":{"line":74,"column":5}},"23":{"start":{"line":72,"column":8},"end":{"line":72,"column":65}},"24":{"start":{"line":73,"column":8},"end":{"line":73,"column":51}},"25":{"start":{"line":76,"column":21},"end":{"line":76,"column":35}},"26":{"start":{"line":77,"column":4},"end":{"line":77,"column":42}},"27":{"start":{"line":78,"column":4},"end":{"line":78,"column":46}},"28":{"start":{"line":79,"column":4},"end":{"line":79,"column":44}},"29":{"start":{"line":80,"column":4},"end":{"line":80,"column":54}},"30":{"start":{"line":81,"column":4},"end":{"line":81,"column":36}},"31":{"start":{"line":82,"column":4},"end":{"line":82,"column":39}},"32":{"start":{"line":84,"column":21},"end":{"line":87,"column":6}},"33":{"start":{"line":89,"column":19},"end":{"line":89,"column":40}},"34":{"start":{"line":91,"column":4},"end":{"line":93,"column":5}},"35":{"start":{"line":92,"column":8},"end":{"line":92,"column":61}},"36":{"start":{"line":95,"column":4},"end":{"line":95,"column":40}},"37":{"start":{"line":100,"column":29},"end":{"line":100,"column":61}},"38":{"start":{"line":101,"column":23},"end":{"line":101,"column":72}},"39":{"start":{"line":103,"column":4},"end":{"line":106,"column":5}},"40":{"start":{"line":104,"column":8},"end":{"line":104,"column":66}},"41":{"start":{"line":105,"column":8},"end":{"line":105,"column":51}},"42":{"start":{"line":108,"column":21},"end":{"line":123,"column":6}},"43":{"start":{"line":125,"column":4},"end":{"line":127,"column":5}},"44":{"start":{"line":126,"column":8},"end":{"line":126,"column":45}},"45":{"start":{"line":129,"column":4},"end":{"line":129,"column":88}},"46":{"start":{"line":135,"column":4},"end":{"line":135,"column":55}},"47":{"start":{"line":136,"column":4},"end":{"line":136,"column":53}}},"fnMap":{"0":{"name":"(anonymous_0)","decl":{"start":{"line":20,"column":6},"end":{"line":20,"column":7}},"loc":{"start":{"line":20,"column":21},"end":{"line":63,"column":1}},"line":20},"1":{"name":"sendSMS","decl":{"start":{"line":66,"column":15},"end":{"line":66,"column":22}},"loc":{"start":{"line":66,"column":52},"end":{"line":96,"column":1}},"line":66},"2":{"name":"sendEmail","decl":{"start":{"line":99,"column":15},"end":{"line":99,"column":24}},"loc":{"start":{"line":99,"column":54},"end":{"line":130,"column":1}},"line":99},"3":{"name":"sendKakao","decl":{"start":{"line":133,"column":15},"end":{"line":133,"column":24}},"loc":{"start":{"line":133,"column":54},"end":{"line":137,"column":1}},"line":133}},"branchMap":{"0":{"loc":{"start":{"line":22,"column":4},"end":{"line":24,"column":5}},"type":"if","locations":[{"start":{"line":22,"column":4},"end":{"line":24,"column":5}},{"start":{},"end":{}}],"line":22},"1":{"loc":{"start":{"line":29,"column":8},"end":{"line":34,"column":9}},"type":"if","locations":[{"start":{"line":29,"column":8},"end":{"line":34,"column":9}},{"start":{},"end":{}}],"line":29},"2":{"loc":{"start":{"line":29,"column":12},"end":{"line":29,"column":38}},"type":"binary-expr","locations":[{"start":{"line":29,"column":12},"end":{"line":29,"column":15}},{"start":{"line":29,"column":19},"end":{"line":29,"column":27}},{"start":{"line":29,"column":31},"end":{"line":29,"column":38}}],"line":29},"3":{"loc":{"start":{"line":38,"column":8},"end":{"line":50,"column":9}},"type":"switch","locations":[{"start":{"line":39,"column":12},"end":{"line":41,"column":22}},{"start":{"line":42,"column":12},"end":{"line":44,"column":22}},{"start":{"line":45,"column":12},"end":{"line":47,"column":22}},{"start":{"line":48,"column":12},"end":{"line":49,"column":54}}],"line":38},"4":{"loc":{"start":{"line":71,"column":4},"end":{"line":74,"column":5}},"type":"if","locations":[{"start":{"line":71,"column":4},"end":{"line":74,"column":5}},{"start":{},"end":{}}],"line":71},"5":{"loc":{"start":{"line":71,"column":8},"end":{"line":71,"column":57}},"type":"binary-expr","locations":[{"start":{"line":71,"column":8},"end":{"line":71,"column":22}},{"start":{"line":71,"column":26},"end":{"line":71,"column":40}},{"start":{"line":71,"column":44},"end":{"line":71,"column":57}}],"line":71},"6":{"loc":{"start":{"line":91,"column":4},"end":{"line":93,"column":5}},"type":"if","locations":[{"start":{"line":91,"column":4},"end":{"line":93,"column":5}},{"start":{},"end":{}}],"line":91},"7":{"loc":{"start":{"line":92,"column":24},"end":{"line":92,"column":59}},"type":"binary-expr","locations":[{"start":{"line":92,"column":24},"end":{"line":92,"column":38}},{"start":{"line":92,"column":42},"end":{"line":92,"column":59}}],"line":92},"8":{"loc":{"start":{"line":101,"column":23},"end":{"line":101,"column":72}},"type":"binary-expr","locations":[{"start":{"line":101,"column":23},"end":{"line":101,"column":49}},{"start":{"line":101,"column":53},"end":{"line":101,"column":72}}],"line":101},"9":{"loc":{"start":{"line":103,"column":4},"end":{"line":106,"column":5}},"type":"if","locations":[{"start":{"line":103,"column":4},"end":{"line":106,"column":5}},{"start":{},"end":{}}],"line":103},"10":{"loc":{"start":{"line":125,"column":4},"end":{"line":127,"column":5}},"type":"if","locations":[{"start":{"line":125,"column":4},"end":{"line":127,"column":5}},{"start":{},"end":{}}],"line":125},"11":{"loc":{"start":{"line":129,"column":24},"end":{"line":129,"column":85}},"type":"binary-expr","locations":[{"start":{"line":129,"column":24},"end":{"line":129,"column":60}},{"start":{"line":129,"column":64},"end":{"line":129,"column":85}}],"line":129}},"s":{"0":0,"1":0,"2":0,"3":0,"4":0,"5":0,"6":0,"7":0,"8":0,"9":0,"10":0,"11":0,"12":0,"13":0,"14":0,"15":0,"16":0,"17":0,"18":0,"19":0,"20":0,"21":0,"22":0,"23":0,"24":0,"25":0,"26":0,"27":0,"28":0,"29":0,"30":0,"31":0,"32":0,"33":0,"34":0,"35":0,"36":0,"37":0,"38":0,"39":0,"40":0,"41":0,"42":0,"43":0,"44":0,"45":0,"46":0,"47":0},"f":{"0":0,"1":0,"2":0,"3":0},"b":{"0":[0,0],"1":[0,0],"2":[0,0,0],"3":[0,0,0,0],"4":[0,0],"5":[0,0,0],"6":[0,0],"7":[0,0],"8":[0,0],"9":[0,0],"10":[0,0],"11":[0,0]}}
}
