TN:
SF:App.tsx
FN:4,App
FNF:1
FNH:0
FNDA:0,App
DA:5,0
DA:13,0
LF:2
LH:0
BRF:0
BRH:0
end_of_record
TN:
SF:expo-env.d.ts
FNF:0
FNH:0
LF:0
LH:0
BRF:0
BRH:0
end_of_record
TN:
SF:index.ts
FNF:0
FNH:0
DA:8,0
LF:1
LH:0
BRF:0
BRH:0
end_of_record
TN:
SF:.expo\types\router.d.ts
FNF:0
FNH:0
LF:0
LH:0
BRF:0
BRH:0
end_of_record
TN:
SF:app\_layout.tsx
FN:8,RootLayout
FN:9,(anonymous_1)
FNF:2
FNH:0
FNDA:0,RootLayout
FNDA:0,(anonymous_1)
DA:9,0
DA:10,0
DA:13,0
LF:3
LH:0
BRF:0
BRH:0
end_of_record
TN:
SF:app\index.tsx
FN:21,getScoreColor
FN:29,(anonymous_1)
FN:32,(anonymous_2)
FN:62,Dashboard
FN:73,(anonymous_4)
FN:78,(anonymous_5)
FN:86,(anonymous_6)
FN:88,(anonymous_7)
FN:118,(anonymous_8)
FN:126,(anonymous_9)
FN:138,(anonymous_10)
FN:177,(anonymous_11)
FN:190,(anonymous_12)
FN:197,(anonymous_13)
FN:229,(anonymous_14)
FN:243,(anonymous_15)
FNF:16
FNH:0
FNDA:0,getScoreColor
FNDA:0,(anonymous_1)
FNDA:0,(anonymous_2)
FNDA:0,Dashboard
FNDA:0,(anonymous_4)
FNDA:0,(anonymous_5)
FNDA:0,(anonymous_6)
FNDA:0,(anonymous_7)
FNDA:0,(anonymous_8)
FNDA:0,(anonymous_9)
FNDA:0,(anonymous_10)
FNDA:0,(anonymous_11)
FNDA:0,(anonymous_12)
FNDA:0,(anonymous_13)
FNDA:0,(anonymous_14)
FNDA:0,(anonymous_15)
DA:22,0
DA:23,0
DA:24,0
DA:25,0
DA:26,0
DA:29,0
DA:30,0
DA:32,0
DA:33,0
DA:49,0
DA:69,0
DA:71,0
DA:73,0
DA:74,0
DA:75,0
DA:78,0
DA:79,0
DA:80,0
DA:81,0
DA:85,0
DA:86,0
DA:87,0
DA:88,0
DA:91,0
DA:118,0
DA:126,0
DA:138,0
DA:178,0
DA:191,0
DA:197,0
DA:229,0
DA:243,0
DA:255,0
LF:33
LH:0
BRDA:22,0,0,0
BRDA:22,0,1,0
BRDA:23,1,0,0
BRDA:23,1,1,0
BRDA:24,2,0,0
BRDA:24,2,1,0
BRDA:25,3,0,0
BRDA:25,3,1,0
BRDA:29,4,0,0
BRDA:85,5,0,0
BRDA:85,5,1,0
BRDA:86,6,0,0
BRDA:86,6,1,0
BRDA:87,7,0,0
BRDA:87,7,1,0
BRDA:88,8,0,0
BRDA:88,8,1,0
BRDA:152,9,0,0
BRDA:152,9,1,0
BRDA:156,10,0,0
BRDA:156,10,1,0
BRDA:160,11,0,0
BRDA:160,11,1,0
BRDA:176,12,0,0
BRDA:176,12,1,0
BRDA:178,13,0,0
BRDA:178,13,1,0
BRDA:195,14,0,0
BRDA:195,14,1,0
BRDA:211,15,0,0
BRDA:211,15,1,0
BRDA:212,16,0,0
BRDA:212,16,1,0
BRDA:218,17,0,0
BRDA:218,17,1,0
BRDA:218,17,2,0
BRF:36
BRH:0
end_of_record
TN:
SF:app\login.tsx
FN:24,LoginScreen
FN:33,(anonymous_1)
FN:40,(anonymous_2)
FN:58,(anonymous_3)
FN:84,(anonymous_4)
FNF:5
FNH:0
FNDA:0,LoginScreen
FNDA:0,(anonymous_1)
FNDA:0,(anonymous_2)
FNDA:0,(anonymous_3)
FNDA:0,(anonymous_4)
DA:22,0
DA:25,0
DA:27,0
DA:33,0
DA:34,0
DA:35,0
DA:36,0
DA:40,0
DA:41,0
DA:42,0
DA:47,0
DA:49,0
DA:50,0
DA:51,0
DA:54,0
DA:58,0
DA:60,0
DA:63,0
DA:84,0
DA:120,0
LF:20
LH:0
BRDA:34,0,0,0
BRDA:34,0,1,0
BRDA:47,1,0,0
BRDA:47,1,1,0
BRDA:49,2,0,0
BRDA:49,2,1,0
BRF:6
BRH:0
end_of_record
TN:
SF:app\settings.tsx
FN:23,SettingsScreen
FN:29,(anonymous_1)
FN:34,(anonymous_2)
FN:48,(anonymous_3)
FN:59,(anonymous_4)
FN:68,(anonymous_5)
FN:81,(anonymous_6)
FN:93,(anonymous_7)
FN:151,(anonymous_8)
FNF:9
FNH:0
FNDA:0,SettingsScreen
FNDA:0,(anonymous_1)
FNDA:0,(anonymous_2)
FNDA:0,(anonymous_3)
FNDA:0,(anonymous_4)
FNDA:0,(anonymous_5)
FNDA:0,(anonymous_6)
FNDA:0,(anonymous_7)
FNDA:0,(anonymous_8)
DA:24,0
DA:25,0
DA:26,0
DA:27,0
DA:29,0
DA:30,0
DA:31,0
DA:34,0
DA:35,0
DA:36,0
DA:37,0
DA:44,0
DA:45,0
DA:48,0
DA:49,0
DA:50,0
DA:51,0
DA:52,0
DA:53,0
DA:55,0
DA:59,0
DA:60,0
DA:69,0
DA:70,0
DA:77,0
DA:81,0
DA:93,0
DA:151,0
DA:177,0
LF:29
LH:0
BRDA:26,0,0,0
BRDA:26,0,1,0
BRDA:35,1,0,0
BRDA:35,1,1,0
BRDA:52,2,0,0
BRDA:52,2,1,0
BRDA:93,3,0,0
BRDA:93,3,1,0
BRDA:94,4,0,0
BRDA:94,4,1,0
BRDA:101,5,0,0
BRDA:101,5,1,0
BRDA:101,6,0,0
BRDA:101,6,1,0
BRDA:105,7,0,0
BRDA:105,7,1,0
BRDA:116,8,0,0
BRDA:116,8,1,0
BRDA:120,9,0,0
BRDA:120,9,1,0
BRDA:138,10,0,0
BRDA:138,10,1,0
BRDA:140,11,0,0
BRDA:140,11,1,0
BRDA:142,12,0,0
BRDA:142,12,1,0
BRDA:143,13,0,0
BRDA:143,13,1,0
BRDA:146,14,0,0
BRDA:146,14,1,0
BRF:30
BRH:0
end_of_record
TN:
SF:app\exam\[id].tsx
FN:54,ExamViewerScreen
FN:82,(anonymous_1)
FN:86,(anonymous_2)
FN:92,(anonymous_3)
FN:93,(anonymous_4)
FN:94,(anonymous_5)
FN:104,(anonymous_6)
FN:111,(anonymous_7)
FN:118,(anonymous_8)
FN:122,(anonymous_9)
FN:135,(anonymous_10)
FN:143,(anonymous_11)
FN:155,(anonymous_12)
FN:166,(anonymous_13)
FN:168,(anonymous_14)
FN:179,(anonymous_15)
FN:184,(anonymous_16)
FN:187,(anonymous_17)
FN:188,(anonymous_18)
FN:195,(anonymous_19)
FN:202,(anonymous_20)
FN:211,(anonymous_21)
FN:228,(anonymous_22)
FN:253,(anonymous_23)
FN:260,(anonymous_24)
FN:284,(anonymous_25)
FN:320,(anonymous_26)
FN:328,(anonymous_27)
FN:336,(anonymous_28)
FN:352,(anonymous_29)
FN:360,(anonymous_30)
FN:369,(anonymous_31)
FN:380,(anonymous_32)
FNF:33
FNH:0
FNDA:0,ExamViewerScreen
FNDA:0,(anonymous_1)
FNDA:0,(anonymous_2)
FNDA:0,(anonymous_3)
FNDA:0,(anonymous_4)
FNDA:0,(anonymous_5)
FNDA:0,(anonymous_6)
FNDA:0,(anonymous_7)
FNDA:0,(anonymous_8)
FNDA:0,(anonymous_9)
FNDA:0,(anonymous_10)
FNDA:0,(anonymous_11)
FNDA:0,(anonymous_12)
FNDA:0,(anonymous_13)
FNDA:0,(anonymous_14)
FNDA:0,(anonymous_15)
FNDA:0,(anonymous_16)
FNDA:0,(anonymous_17)
FNDA:0,(anonymous_18)
FNDA:0,(anonymous_19)
FNDA:0,(anonymous_20)
FNDA:0,(anonymous_21)
FNDA:0,(anonymous_22)
FNDA:0,(anonymous_23)
FNDA:0,(anonymous_24)
FNDA:0,(anonymous_25)
FNDA:0,(anonymous_26)
FNDA:0,(anonymous_27)
FNDA:0,(anonymous_28)
FNDA:0,(anonymous_29)
FNDA:0,(anonymous_30)
FNDA:0,(anonymous_31)
FNDA:0,(anonymous_32)
DA:16,0
DA:40,0
DA:48,0
DA:55,0
DA:56,0
DA:57,0
DA:60,0
DA:61,0
DA:62,0
DA:63,0
DA:64,0
DA:65,0
DA:66,0
DA:68,0
DA:71,0
DA:82,0
DA:83,0
DA:84,0
DA:86,0
DA:87,0
DA:92,0
DA:93,0
DA:94,0
DA:95,0
DA:96,0
DA:97,0
DA:98,0
DA:100,0
DA:104,0
DA:111,0
DA:112,0
DA:114,0
DA:115,0
DA:118,0
DA:119,0
DA:122,0
DA:123,0
DA:124,0
DA:125,0
DA:126,0
DA:128,0
DA:129,0
DA:131,0
DA:135,0
DA:136,0
DA:137,0
DA:138,0
DA:140,0
DA:143,0
DA:144,0
DA:146,0
DA:148,0
DA:149,0
DA:155,0
DA:156,0
DA:157,0
DA:158,0
DA:159,0
DA:163,0
DA:166,0
DA:167,0
DA:168,0
DA:169,0
DA:170,0
DA:171,0
DA:173,0
DA:175,0
DA:179,0
DA:180,0
DA:181,0
DA:182,0
DA:184,0
DA:187,0
DA:188,0
DA:189,0
DA:190,0
DA:191,0
DA:195,0
DA:196,0
DA:197,0
DA:198,0
DA:199,0
DA:202,0
DA:211,0
DA:212,0
DA:213,0
DA:214,0
DA:217,0
DA:218,0
DA:224,0
DA:228,0
DA:254,0
DA:260,0
DA:285,0
DA:320,0
DA:328,0
DA:336,0
DA:352,0
DA:361,0
DA:369,0
DA:380,0
DA:399,0
LF:102
LH:0
BRDA:57,0,0,0
BRDA:57,0,1,0
BRDA:95,1,0,0
BRDA:95,1,1,0
BRDA:112,2,0,0
BRDA:112,2,1,0
BRDA:112,3,0,0
BRDA:112,3,1,0
BRDA:128,4,0,0
BRDA:128,4,1,0
BRDA:136,5,0,0
BRDA:136,5,1,0
BRDA:140,6,0,0
BRDA:140,6,1,0
BRDA:144,7,0,0
BRDA:144,7,1,0
BRDA:148,8,0,0
BRDA:148,8,1,0
BRDA:157,9,0,0
BRDA:157,9,1,0
BRDA:170,10,0,0
BRDA:170,10,1,0
BRDA:181,11,0,0
BRDA:181,11,1,0
BRDA:181,12,0,0
BRDA:181,12,1,0
BRDA:197,13,0,0
BRDA:197,13,1,0
BRDA:218,14,0,0
BRDA:218,14,1,0
BRDA:233,15,0,0
BRDA:233,15,1,0
BRDA:244,16,0,0
BRDA:244,16,1,0
BRDA:251,17,0,0
BRDA:251,17,1,0
BRDA:258,18,0,0
BRDA:258,18,1,0
BRDA:264,19,0,0
BRDA:264,19,1,0
BRDA:296,20,0,0
BRDA:296,20,1,0
BRDA:309,21,0,0
BRDA:309,21,1,0
BRDA:309,21,2,0
BRDA:319,22,0,0
BRDA:319,22,1,0
BRDA:327,23,0,0
BRDA:327,23,1,0
BRDA:335,24,0,0
BRDA:335,24,1,0
BRDA:351,25,0,0
BRDA:351,25,1,0
BRDA:365,26,0,0
BRDA:365,26,1,0
BRDA:366,27,0,0
BRDA:366,27,1,0
BRDA:367,28,0,0
BRDA:367,28,1,0
BRDA:371,29,0,0
BRDA:371,29,1,0
BRDA:379,30,0,0
BRDA:379,30,1,0
BRDA:409,31,0,0
BRDA:409,31,1,0
BRDA:591,32,0,0
BRDA:591,32,1,0
BRF:67
BRH:0
end_of_record
TN:
SF:app\onboarding\calendar.tsx
FN:29,CalendarOnboardingScreen
FN:36,(anonymous_1)
FN:42,(anonymous_2)
FN:60,(anonymous_3)
FN:66,(anonymous_4)
FN:71,(anonymous_5)
FN:146,(anonymous_6)
FNF:7
FNH:0
FNDA:0,CalendarOnboardingScreen
FNDA:0,(anonymous_1)
FNDA:0,(anonymous_2)
FNDA:0,(anonymous_3)
FNDA:0,(anonymous_4)
FNDA:0,(anonymous_5)
FNDA:0,(anonymous_6)
DA:27,0
DA:30,0
DA:31,0
DA:32,0
DA:33,0
DA:36,0
DA:37,0
DA:38,0
DA:42,0
DA:43,0
DA:44,0
DA:45,0
DA:47,0
DA:52,0
DA:54,0
DA:56,0
DA:60,0
DA:61,0
DA:62,0
DA:63,0
DA:66,0
DA:68,0
DA:71,0
DA:72,0
DA:75,0
DA:147,0
DA:255,0
LF:27
LH:0
BRDA:37,0,0,0
BRDA:37,0,1,0
BRDA:106,1,0,0
BRDA:106,1,1,0
BRDA:109,2,0,0
BRDA:109,2,1,0
BRDA:118,3,0,0
BRDA:118,3,1,0
BRDA:124,4,0,0
BRDA:124,4,1,0
BRDA:126,5,0,0
BRDA:126,5,1,0
BRDA:135,6,0,0
BRDA:135,6,1,0
BRDA:139,7,0,0
BRDA:139,7,1,0
BRDA:150,8,0,0
BRDA:150,8,1,0
BRDA:154,9,0,0
BRDA:154,9,1,0
BRDA:174,10,0,0
BRDA:174,10,1,0
BRDA:195,11,0,0
BRDA:195,11,1,0
BRDA:199,12,0,0
BRDA:199,12,1,0
BRDA:233,13,0,0
BRDA:233,13,1,0
BRDA:239,14,0,0
BRDA:239,14,1,0
BRDA:241,15,0,0
BRDA:241,15,1,0
BRDA:245,16,0,0
BRDA:245,16,1,0
BRF:34
BRH:0
end_of_record
TN:
SF:app\onboarding\complete.tsx
FN:19,OnboardingCompleteScreen
FN:24,(anonymous_1)
FN:47,(anonymous_2)
FN:105,(anonymous_3)
FNF:4
FNH:0
FNDA:0,OnboardingCompleteScreen
FNDA:0,(anonymous_1)
FNDA:0,(anonymous_2)
FNDA:0,(anonymous_3)
DA:20,0
DA:21,0
DA:22,0
DA:24,0
DA:26,0
DA:47,0
DA:49,0
DA:52,0
DA:59,0
DA:106,0
DA:147,0
LF:11
LH:0
BRF:0
BRH:0
end_of_record
TN:
SF:app\onboarding\index.tsx
FN:19,OnboardingIndex
FN:25,(anonymous_1)
FN:30,(anonymous_2)
FN:44,(anonymous_3)
FN:54,(anonymous_4)
FN:184,(anonymous_5)
FNF:6
FNH:0
FNDA:0,OnboardingIndex
FNDA:0,(anonymous_1)
FNDA:0,(anonymous_2)
FNDA:0,(anonymous_3)
FNDA:0,(anonymous_4)
FNDA:0,(anonymous_5)
DA:20,0
DA:21,0
DA:22,0
DA:23,0
DA:25,0
DA:26,0
DA:27,0
DA:30,0
DA:31,0
DA:32,0
DA:33,0
DA:36,0
DA:37,0
DA:40,0
DA:44,0
DA:45,0
DA:46,0
DA:47,0
DA:50,0
DA:55,0
DA:184,0
DA:193,0
LF:22
LH:0
BRDA:31,0,0,0
BRDA:31,0,1,0
BRDA:31,1,0,0
BRDA:31,1,1,0
BRDA:36,2,0,0
BRDA:36,2,1,0
BRDA:45,3,0,0
BRDA:45,3,1,0
BRDA:46,4,0,0
BRDA:46,4,1,0
BRDA:59,5,0,0
BRDA:59,5,1,0
BRDA:67,6,0,0
BRDA:67,6,1,0
BRDA:100,7,0,0
BRDA:100,7,1,0
BRDA:111,8,0,0
BRDA:111,8,1,0
BRDA:114,9,0,0
BRDA:114,9,1,0
BRDA:121,10,0,0
BRDA:121,10,1,0
BRDA:125,11,0,0
BRDA:125,11,1,0
BRDA:138,12,0,0
BRDA:138,12,1,0
BRDA:173,13,0,0
BRDA:173,13,1,0
BRDA:179,14,0,0
BRDA:179,14,1,0
BRDA:183,15,0,0
BRDA:183,15,1,0
BRF:32
BRH:0
end_of_record
TN:
SF:app\onboarding\subject.tsx
FN:20,SubjectSelectionScreen
FN:25,(anonymous_1)
FN:36,(anonymous_2)
FN:56,(anonymous_3)
FN:67,(anonymous_4)
FN:90,(anonymous_5)
FN:112,(anonymous_6)
FNF:7
FNH:0
FNDA:0,SubjectSelectionScreen
FNDA:0,(anonymous_1)
FNDA:0,(anonymous_2)
FNDA:0,(anonymous_3)
FNDA:0,(anonymous_4)
FNDA:0,(anonymous_5)
FNDA:0,(anonymous_6)
DA:21,0
DA:22,0
DA:23,0
DA:25,0
DA:26,0
DA:27,0
DA:28,0
DA:32,0
DA:36,0
DA:57,0
DA:58,0
DA:60,0
DA:67,0
DA:91,0
DA:112,0
DA:155,0
LF:16
LH:0
BRDA:26,0,0,0
BRDA:26,0,1,0
BRDA:65,1,0,0
BRDA:65,1,1,0
BRDA:72,2,0,0
BRDA:72,2,1,0
BRDA:74,3,0,0
BRDA:74,3,1,0
BRDA:79,4,0,0
BRDA:79,4,1,0
BRDA:88,5,0,0
BRDA:88,5,1,0
BRDA:95,6,0,0
BRDA:95,6,1,0
BRDA:110,7,0,0
BRDA:110,7,1,0
BRDA:117,8,0,0
BRDA:117,8,1,0
BRDA:119,9,0,0
BRDA:119,9,1,0
BRDA:124,10,0,0
BRDA:124,10,1,0
BRDA:142,11,0,0
BRDA:142,11,1,0
BRF:24
BRH:0
end_of_record
TN:
SF:app\recording\index.tsx
FN:25,(anonymous_0)
FN:27,(anonymous_1)
FN:29,(anonymous_2)
FN:31,(anonymous_3)
FN:47,(anonymous_4)
FN:48,(anonymous_5)
FN:48,(anonymous_6)
FN:54,(anonymous_7)
FN:92,RecordingScreen
FN:108,(anonymous_9)
FN:111,(anonymous_10)
FN:148,(anonymous_11)
FN:151,(anonymous_12)
FN:162,(anonymous_13)
FN:187,(anonymous_14)
FN:189,(anonymous_15)
FN:190,(anonymous_16)
FN:198,(anonymous_17)
FN:203,(anonymous_18)
FN:212,(anonymous_19)
FN:251,(anonymous_20)
FN:338,(anonymous_21)
FN:343,(anonymous_22)
FN:353,(anonymous_23)
FN:380,(anonymous_24)
FN:480,(anonymous_25)
FN:499,(anonymous_26)
FN:512,(anonymous_27)
FN:558,(anonymous_28)
FNF:29
FNH:0
FNDA:0,(anonymous_0)
FNDA:0,(anonymous_1)
FNDA:0,(anonymous_2)
FNDA:0,(anonymous_3)
FNDA:0,(anonymous_4)
FNDA:0,(anonymous_5)
FNDA:0,(anonymous_6)
FNDA:0,(anonymous_7)
FNDA:0,RecordingScreen
FNDA:0,(anonymous_9)
FNDA:0,(anonymous_10)
FNDA:0,(anonymous_11)
FNDA:0,(anonymous_12)
FNDA:0,(anonymous_13)
FNDA:0,(anonymous_14)
FNDA:0,(anonymous_15)
FNDA:0,(anonymous_16)
FNDA:0,(anonymous_17)
FNDA:0,(anonymous_18)
FNDA:0,(anonymous_19)
FNDA:0,(anonymous_20)
FNDA:0,(anonymous_21)
FNDA:0,(anonymous_22)
FNDA:0,(anonymous_23)
FNDA:0,(anonymous_24)
FNDA:0,(anonymous_25)
FNDA:0,(anonymous_26)
FNDA:0,(anonymous_27)
FNDA:0,(anonymous_28)
DA:25,0
DA:26,0
DA:27,0
DA:29,0
DA:30,0
DA:31,0
DA:32,0
DA:47,0
DA:48,0
DA:52,0
DA:55,0
DA:70,0
DA:93,0
DA:94,0
DA:95,0
DA:96,0
DA:97,0
DA:99,0
DA:100,0
DA:101,0
DA:103,0
DA:108,0
DA:109,0
DA:111,0
DA:112,0
DA:113,0
DA:116,0
DA:118,0
DA:120,0
DA:121,0
DA:122,0
DA:123,0
DA:127,0
DA:133,0
DA:134,0
DA:137,0
DA:138,0
DA:139,0
DA:140,0
DA:145,0
DA:148,0
DA:149,0
DA:150,0
DA:151,0
DA:153,0
DA:154,0
DA:162,0
DA:163,0
DA:164,0
DA:179,0
DA:180,0
DA:187,0
DA:188,0
DA:189,0
DA:190,0
DA:193,0
DA:194,0
DA:195,0
DA:198,0
DA:199,0
DA:203,0
DA:204,0
DA:205,0
DA:206,0
DA:212,0
DA:213,0
DA:214,0
DA:215,0
DA:218,0
DA:219,0
DA:220,0
DA:221,0
DA:225,0
DA:231,0
DA:232,0
DA:233,0
DA:235,0
DA:236,0
DA:237,0
DA:239,0
DA:242,0
DA:243,0
DA:244,0
DA:251,0
DA:252,0
DA:254,0
DA:255,0
DA:258,0
DA:259,0
DA:260,0
DA:263,0
DA:266,0
DA:267,0
DA:268,0
DA:271,0
DA:275,0
DA:278,0
DA:279,0
DA:282,0
DA:292,0
DA:293,0
DA:299,0
DA:313,0
DA:316,0
DA:318,0
DA:325,0
DA:329,0
DA:330,0
DA:331,0
DA:338,0
DA:339,0
DA:340,0
DA:343,0
DA:345,0
DA:348,0
DA:349,0
DA:353,0
DA:354,0
DA:355,0
DA:361,0
DA:362,0
DA:375,0
DA:380,0
DA:481,0
DA:500,0
DA:513,0
DA:558,0
DA:603,0
LF:128
LH:0
BRDA:30,0,0,0
BRDA:30,0,1,0
BRDA:61,1,0,0
BRDA:61,1,1,0
BRDA:118,2,0,0
BRDA:118,2,1,0
BRDA:120,3,0,0
BRDA:120,3,1,0
BRDA:138,4,0,0
BRDA:138,4,1,0
BRDA:150,5,0,0
BRDA:150,5,1,0
BRDA:153,6,0,0
BRDA:153,6,1,0
BRDA:163,7,0,0
BRDA:163,7,1,0
BRDA:188,8,0,0
BRDA:188,8,1,0
BRDA:193,9,0,0
BRDA:193,9,1,0
BRDA:199,10,0,0
BRDA:199,10,1,0
BRDA:219,11,0,0
BRDA:219,11,1,0
BRDA:252,12,0,0
BRDA:252,12,1,0
BRDA:258,13,0,0
BRDA:258,13,1,0
BRDA:284,14,0,0
BRDA:284,14,1,0
BRDA:285,15,0,0
BRDA:285,15,1,0
BRDA:286,16,0,0
BRDA:286,16,1,0
BRDA:301,17,0,0
BRDA:301,17,1,0
BRDA:302,18,0,0
BRDA:302,18,1,0
BRDA:305,19,0,0
BRDA:305,19,1,0
BRDA:308,20,0,0
BRDA:308,20,1,0
BRDA:309,21,0,0
BRDA:309,21,1,0
BRDA:322,22,0,0
BRDA:322,22,1,0
BRDA:361,23,0,0
BRDA:361,23,1,0
BRDA:386,24,0,0
BRDA:386,24,1,0
BRDA:399,25,0,0
BRDA:399,25,1,0
BRDA:399,26,0,0
BRDA:399,26,1,0
BRDA:401,27,0,0
BRDA:401,27,1,0
BRDA:406,28,0,0
BRDA:406,28,1,0
BRDA:416,29,0,0
BRDA:416,29,1,0
BRDA:431,30,0,0
BRDA:431,30,1,0
BRDA:458,31,0,0
BRDA:458,31,1,0
BRDA:469,32,0,0
BRDA:469,32,1,0
BRDA:469,32,2,0
BRDA:493,33,0,0
BRDA:493,33,1,0
BRDA:493,33,2,0
BRDA:506,34,0,0
BRDA:506,34,1,0
BRDA:506,34,2,0
BRDA:519,35,0,0
BRDA:519,35,1,0
BRDA:519,35,2,0
BRDA:521,36,0,0
BRDA:521,36,1,0
BRDA:530,37,0,0
BRDA:530,37,1,0
BRDA:532,38,0,0
BRDA:532,38,1,0
BRDA:546,39,0,0
BRDA:546,39,1,0
BRF:84
BRH:0
end_of_record
TN:
SF:app\report\[token].tsx
FN:42,ReportViewPage
FN:48,(anonymous_1)
FN:52,(anonymous_2)
FN:95,(anonymous_3)
FN:155,(anonymous_4)
FN:166,(anonymous_5)
FN:178,(anonymous_6)
FNF:7
FNH:0
FNDA:0,ReportViewPage
FNDA:0,(anonymous_1)
FNDA:0,(anonymous_2)
FNDA:0,(anonymous_3)
FNDA:0,(anonymous_4)
FNDA:0,(anonymous_5)
FNDA:0,(anonymous_6)
DA:43,0
DA:44,0
DA:45,0
DA:46,0
DA:48,0
DA:49,0
DA:52,0
DA:53,0
DA:54,0
DA:55,0
DA:56,0
DA:59,0
DA:61,0
DA:71,0
DA:72,0
DA:73,0
DA:77,0
DA:79,0
DA:88,0
DA:89,0
DA:91,0
DA:95,0
DA:96,0
DA:104,0
DA:105,0
DA:115,0
DA:116,0
DA:127,0
DA:156,0
DA:167,0
DA:179,0
DA:214,0
LF:32
LH:0
BRDA:53,0,0,0
BRDA:53,0,1,0
BRDA:71,1,0,0
BRDA:71,1,1,0
BRDA:71,2,0,0
BRDA:71,2,1,0
BRDA:81,3,0,0
BRDA:81,3,1,0
BRDA:104,4,0,0
BRDA:104,4,1,0
BRDA:115,5,0,0
BRDA:115,5,1,0
BRDA:115,6,0,0
BRDA:115,6,1,0
BRDA:121,7,0,0
BRDA:121,7,1,0
BRDA:175,8,0,0
BRDA:175,8,1,0
BRDA:188,9,0,0
BRDA:188,9,1,0
BRDA:198,10,0,0
BRDA:198,10,1,0
BRF:22
BRH:0
end_of_record
TN:
SF:app\sessions\add.tsx
FN:22,AddSessionScreen
FN:34,(anonymous_1)
FN:35,(anonymous_2)
FN:38,(anonymous_3)
FN:45,(anonymous_4)
FN:63,(anonymous_5)
FN:68,(anonymous_6)
FN:79,(anonymous_7)
FN:97,(anonymous_8)
FN:104,(anonymous_9)
FN:111,(anonymous_10)
FN:136,(anonymous_11)
FN:147,(anonymous_12)
FN:155,(anonymous_13)
FN:162,(anonymous_14)
FN:183,(anonymous_15)
FNF:16
FNH:0
FNDA:0,AddSessionScreen
FNDA:0,(anonymous_1)
FNDA:0,(anonymous_2)
FNDA:0,(anonymous_3)
FNDA:0,(anonymous_4)
FNDA:0,(anonymous_5)
FNDA:0,(anonymous_6)
FNDA:0,(anonymous_7)
FNDA:0,(anonymous_8)
FNDA:0,(anonymous_9)
FNDA:0,(anonymous_10)
FNDA:0,(anonymous_11)
FNDA:0,(anonymous_12)
FNDA:0,(anonymous_13)
FNDA:0,(anonymous_14)
FNDA:0,(anonymous_15)
DA:23,0
DA:24,0
DA:25,0
DA:27,0
DA:34,0
DA:35,0
DA:38,0
DA:39,0
DA:40,0
DA:41,0
DA:44,0
DA:45,0
DA:47,0
DA:48,0
DA:50,0
DA:59,0
DA:61,0
DA:62,0
DA:63,0
DA:66,0
DA:67,0
DA:68,0
DA:71,0
DA:75,0
DA:79,0
DA:97,0
DA:105,0
DA:111,0
DA:136,0
DA:147,0
DA:156,0
DA:162,0
DA:183,0
DA:193,0
LF:34
LH:0
BRDA:39,0,0,0
BRDA:39,0,1,0
BRDA:52,1,0,0
BRDA:52,1,1,0
BRDA:53,2,0,0
BRDA:53,2,1,0
BRDA:55,3,0,0
BRDA:55,3,1,0
BRDA:59,4,0,0
BRDA:59,4,1,0
BRDA:84,5,0,0
BRDA:84,5,1,0
BRDA:85,6,0,0
BRDA:85,6,1,0
BRDA:94,7,0,0
BRDA:94,7,1,0
BRDA:109,8,0,0
BRDA:109,8,1,0
BRDA:115,9,0,0
BRDA:115,9,1,0
BRDA:160,10,0,0
BRDA:160,10,1,0
BRDA:166,11,0,0
BRDA:166,11,1,0
BRF:24
BRH:0
end_of_record
TN:
SF:app\students\[id].tsx
FN:19,getScoreColor
FN:26,StudentDetailScreen
FN:31,(anonymous_2)
FN:32,(anonymous_3)
FN:40,(anonymous_4)
FN:54,(anonymous_5)
FN:56,(anonymous_6)
FN:70,(anonymous_7)
FN:108,(anonymous_8)
FN:137,(anonymous_9)
FN:172,(anonymous_10)
FNF:11
FNH:0
FNDA:0,getScoreColor
FNDA:0,StudentDetailScreen
FNDA:0,(anonymous_2)
FNDA:0,(anonymous_3)
FNDA:0,(anonymous_4)
FNDA:0,(anonymous_5)
FNDA:0,(anonymous_6)
FNDA:0,(anonymous_7)
FNDA:0,(anonymous_8)
FNDA:0,(anonymous_9)
FNDA:0,(anonymous_10)
DA:20,0
DA:21,0
DA:22,0
DA:23,0
DA:27,0
DA:28,0
DA:29,0
DA:31,0
DA:32,0
DA:33,0
DA:36,0
DA:37,0
DA:40,0
DA:54,0
DA:55,0
DA:56,0
DA:59,0
DA:66,0
DA:70,0
DA:109,0
DA:138,0
DA:173,0
DA:174,0
DA:185,0
LF:24
LH:0
BRDA:20,0,0,0
BRDA:20,0,1,0
BRDA:21,1,0,0
BRDA:21,1,1,0
BRDA:22,2,0,0
BRDA:22,2,1,0
BRDA:36,3,0,0
BRDA:36,3,1,0
BRDA:54,4,0,0
BRDA:54,4,1,0
BRDA:56,5,0,0
BRDA:56,5,1,0
BRDA:132,6,0,0
BRDA:132,6,1,0
BRDA:142,7,0,0
BRDA:142,7,1,0
BRDA:150,8,0,0
BRDA:150,8,1,0
BRDA:155,9,0,0
BRDA:155,9,1,0
BRDA:159,10,0,0
BRDA:159,10,1,0
BRF:22
BRH:0
end_of_record
TN:
SF:app\students\add.tsx
FN:33,AddStudentScreen
FN:40,(anonymous_1)
FN:86,(anonymous_2)
FN:119,(anonymous_3)
FN:126,(anonymous_4)
FNF:5
FNH:0
FNDA:0,AddStudentScreen
FNDA:0,(anonymous_1)
FNDA:0,(anonymous_2)
FNDA:0,(anonymous_3)
FNDA:0,(anonymous_4)
DA:23,0
DA:34,0
DA:35,0
DA:36,0
DA:37,0
DA:38,0
DA:40,0
DA:41,0
DA:42,0
DA:43,0
DA:45,0
DA:46,0
DA:47,0
DA:50,0
DA:51,0
DA:52,0
DA:59,0
DA:61,0
DA:62,0
DA:63,0
DA:66,0
DA:67,0
DA:73,0
DA:75,0
DA:76,0
DA:78,0
DA:82,0
DA:86,0
DA:120,0
DA:126,0
DA:161,0
LF:31
LH:0
BRDA:41,0,0,0
BRDA:41,0,1,0
BRDA:45,1,0,0
BRDA:45,1,1,0
BRDA:59,2,0,0
BRDA:59,2,1,0
BRDA:91,3,0,0
BRDA:91,3,1,0
BRDA:92,4,0,0
BRDA:92,4,1,0
BRDA:98,5,0,0
BRDA:98,5,1,0
BRDA:124,6,0,0
BRDA:124,6,1,0
BRDA:131,7,0,0
BRDA:131,7,1,0
BRF:16
BRH:0
end_of_record
TN:
SF:app\students\index.tsx
FN:20,getScoreColor
FN:27,StudentsScreen
FN:31,(anonymous_2)
FN:35,(anonymous_3)
FN:43,(anonymous_4)
FN:47,(anonymous_5)
FN:75,(anonymous_6)
FN:83,(anonymous_7)
FN:87,(anonymous_8)
FNF:9
FNH:0
FNDA:0,getScoreColor
FNDA:0,StudentsScreen
FNDA:0,(anonymous_2)
FNDA:0,(anonymous_3)
FNDA:0,(anonymous_4)
FNDA:0,(anonymous_5)
FNDA:0,(anonymous_6)
FNDA:0,(anonymous_7)
FNDA:0,(anonymous_8)
DA:21,0
DA:22,0
DA:23,0
DA:24,0
DA:28,0
DA:29,0
DA:31,0
DA:32,0
DA:35,0
DA:36,0
DA:39,0
DA:43,0
DA:47,0
DA:75,0
DA:84,0
DA:87,0
DA:120,0
LF:17
LH:0
BRDA:21,0,0,0
BRDA:21,0,1,0
BRDA:22,1,0,0
BRDA:22,1,1,0
BRDA:23,2,0,0
BRDA:23,2,1,0
BRDA:35,3,0,0
BRDA:35,3,1,0
BRDA:68,4,0,0
BRDA:68,4,1,0
BRF:10
BRH:0
end_of_record
TN:
SF:app\test\[sessionId].tsx
FN:51,TestSessionScreen
FN:63,(anonymous_1)
FN:64,(anonymous_2)
FN:82,(anonymous_3)
FN:86,(anonymous_4)
FN:90,(anonymous_5)
FN:96,(anonymous_6)
FN:104,(anonymous_7)
FN:110,(anonymous_8)
FN:123,(anonymous_9)
FN:124,(anonymous_10)
FN:136,(anonymous_11)
FN:148,(anonymous_12)
FN:154,(anonymous_13)
FN:165,(anonymous_14)
FN:180,(anonymous_15)
FN:200,(anonymous_16)
FN:206,(anonymous_17)
FN:229,(anonymous_18)
FN:273,(anonymous_19)
FN:284,(anonymous_20)
FN:327,(anonymous_21)
FN:329,(anonymous_22)
FN:362,(anonymous_23)
FNF:24
FNH:0
FNDA:0,TestSessionScreen
FNDA:0,(anonymous_1)
FNDA:0,(anonymous_2)
FNDA:0,(anonymous_3)
FNDA:0,(anonymous_4)
FNDA:0,(anonymous_5)
FNDA:0,(anonymous_6)
FNDA:0,(anonymous_7)
FNDA:0,(anonymous_8)
FNDA:0,(anonymous_9)
FNDA:0,(anonymous_10)
FNDA:0,(anonymous_11)
FNDA:0,(anonymous_12)
FNDA:0,(anonymous_13)
FNDA:0,(anonymous_14)
FNDA:0,(anonymous_15)
FNDA:0,(anonymous_16)
FNDA:0,(anonymous_17)
FNDA:0,(anonymous_18)
FNDA:0,(anonymous_19)
FNDA:0,(anonymous_20)
FNDA:0,(anonymous_21)
FNDA:0,(anonymous_22)
FNDA:0,(anonymous_23)
DA:49,0
DA:52,0
DA:59,0
DA:60,0
DA:63,0
DA:64,0
DA:65,0
DA:68,0
DA:69,0
DA:70,0
DA:71,0
DA:72,0
DA:73,0
DA:75,0
DA:76,0
DA:77,0
DA:79,0
DA:82,0
DA:83,0
DA:84,0
DA:86,0
DA:87,0
DA:90,0
DA:91,0
DA:96,0
DA:97,0
DA:104,0
DA:105,0
DA:106,0
DA:107,0
DA:110,0
DA:111,0
DA:112,0
DA:114,0
DA:123,0
DA:124,0
DA:125,0
DA:126,0
DA:127,0
DA:128,0
DA:130,0
DA:133,0
DA:136,0
DA:137,0
DA:138,0
DA:139,0
DA:141,0
DA:142,0
DA:144,0
DA:148,0
DA:149,0
DA:150,0
DA:151,0
DA:154,0
DA:155,0
DA:156,0
DA:157,0
DA:159,0
DA:160,0
DA:165,0
DA:166,0
DA:169,0
DA:170,0
DA:180,0
DA:181,0
DA:182,0
DA:184,0
DA:188,0
DA:200,0
DA:201,0
DA:206,0
DA:211,0
DA:229,0
DA:274,0
DA:275,0
DA:277,0
DA:284,0
DA:328,0
DA:329,0
DA:330,0
DA:362,0
DA:363,0
DA:370,0
DA:373,0
LF:84
LH:0
BRDA:60,0,0,0
BRDA:60,0,1,0
BRDA:91,1,0,0
BRDA:91,1,1,0
BRDA:125,2,0,0
BRDA:125,2,1,0
BRDA:141,3,0,0
BRDA:141,3,1,0
BRDA:149,4,0,0
BRDA:149,4,1,0
BRDA:155,5,0,0
BRDA:155,5,1,0
BRDA:181,6,0,0
BRDA:181,6,1,0
BRDA:195,7,0,0
BRDA:195,7,1,0
BRDA:228,8,0,0
BRDA:228,8,1,0
BRDA:232,9,0,0
BRDA:232,9,1,0
BRDA:234,10,0,0
BRDA:234,10,1,0
BRDA:282,11,0,0
BRDA:282,11,1,0
BRDA:288,12,0,0
BRDA:288,12,1,0
BRDA:292,13,0,0
BRDA:292,13,1,0
BRDA:299,14,0,0
BRDA:299,14,1,0
BRDA:312,15,0,0
BRDA:312,15,1,0
BRDA:316,16,0,0
BRDA:316,16,1,0
BRDA:317,17,0,0
BRDA:317,17,1,0
BRDA:335,18,0,0
BRDA:335,18,1,0
BRDA:336,19,0,0
BRDA:336,19,1,0
BRDA:337,20,0,0
BRDA:337,20,1,0
BRDA:349,21,0,0
BRDA:349,21,1,0
BRDA:352,22,0,0
BRDA:352,22,1,0
BRF:46
BRH:0
end_of_record
TN:
SF:app\test\index.tsx
FN:66,TestSelectionScreen
FN:72,(anonymous_1)
FN:74,(anonymous_2)
FN:102,(anonymous_3)
FN:126,(anonymous_4)
FN:134,(anonymous_5)
FN:158,(anonymous_6)
FN:167,(anonymous_7)
FN:174,(anonymous_8)
FN:193,(anonymous_9)
FN:200,(anonymous_10)
FNF:11
FNH:0
FNDA:0,TestSelectionScreen
FNDA:0,(anonymous_1)
FNDA:0,(anonymous_2)
FNDA:0,(anonymous_3)
FNDA:0,(anonymous_4)
FNDA:0,(anonymous_5)
FNDA:0,(anonymous_6)
FNDA:0,(anonymous_7)
FNDA:0,(anonymous_8)
FNDA:0,(anonymous_9)
FNDA:0,(anonymous_10)
DA:31,0
DA:67,0
DA:68,0
DA:69,0
DA:70,0
DA:72,0
DA:74,0
DA:75,0
DA:76,0
DA:77,0
DA:80,0
DA:81,0
DA:82,0
DA:86,0
DA:87,0
DA:98,0
DA:102,0
DA:127,0
DA:135,0
DA:136,0
DA:158,0
DA:168,0
DA:174,0
DA:194,0
DA:200,0
DA:256,0
LF:26
LH:0
BRDA:75,0,0,0
BRDA:75,0,1,0
BRDA:80,1,0,0
BRDA:80,1,1,0
BRDA:92,2,0,0
BRDA:92,2,1,0
BRDA:115,3,0,0
BRDA:115,3,1,0
BRDA:118,4,0,0
BRDA:118,4,1,0
BRDA:131,5,0,0
BRDA:131,5,1,0
BRDA:132,6,0,0
BRDA:132,6,1,0
BRDA:149,7,0,0
BRDA:149,7,1,0
BRDA:156,8,0,0
BRDA:156,8,1,0
BRDA:162,9,0,0
BRDA:162,9,1,0
BRDA:172,10,0,0
BRDA:172,10,1,0
BRDA:178,11,0,0
BRDA:178,11,1,0
BRDA:189,12,0,0
BRDA:189,12,1,0
BRDA:198,13,0,0
BRDA:198,13,1,0
BRDA:204,14,0,0
BRDA:204,14,1,0
BRDA:215,15,0,0
BRDA:215,15,1,0
BRDA:224,16,0,0
BRDA:224,16,1,0
BRDA:243,17,0,0
BRDA:243,17,1,0
BRDA:243,17,2,0
BRDA:246,18,0,0
BRDA:246,18,1,0
BRF:39
BRH:0
end_of_record
TN:
SF:app\test\report.tsx
FN:24,ReportScreen
FN:36,(anonymous_1)
FN:40,(anonymous_2)
FN:59,(anonymous_3)
FN:72,(anonymous_4)
FN:98,(anonymous_5)
FN:110,(anonymous_6)
FN:177,(anonymous_7)
FN:204,(anonymous_8)
FN:232,(anonymous_9)
FN:247,(anonymous_10)
FN:268,(anonymous_11)
FN:287,(anonymous_12)
FN:294,(anonymous_13)
FN:305,(anonymous_14)
FN:316,(anonymous_15)
FN:327,(anonymous_16)
FN:338,(anonymous_17)
FNF:18
FNH:0
FNDA:0,ReportScreen
FNDA:0,(anonymous_1)
FNDA:0,(anonymous_2)
FNDA:0,(anonymous_3)
FNDA:0,(anonymous_4)
FNDA:0,(anonymous_5)
FNDA:0,(anonymous_6)
FNDA:0,(anonymous_7)
FNDA:0,(anonymous_8)
FNDA:0,(anonymous_9)
FNDA:0,(anonymous_10)
FNDA:0,(anonymous_11)
FNDA:0,(anonymous_12)
FNDA:0,(anonymous_13)
FNDA:0,(anonymous_14)
FNDA:0,(anonymous_15)
FNDA:0,(anonymous_16)
FNDA:0,(anonymous_17)
DA:22,0
DA:25,0
DA:33,0
DA:34,0
DA:36,0
DA:37,0
DA:40,0
DA:41,0
DA:42,0
DA:43,0
DA:45,0
DA:51,0
DA:53,0
DA:55,0
DA:59,0
DA:60,0
DA:62,0
DA:72,0
DA:77,0
DA:80,0
DA:81,0
DA:92,0
DA:93,0
DA:98,0
DA:106,0
DA:110,0
DA:178,0
DA:205,0
DA:233,0
DA:248,0
DA:269,0
DA:287,0
DA:294,0
DA:305,0
DA:306,0
DA:313,0
DA:316,0
DA:317,0
DA:324,0
DA:327,0
DA:328,0
DA:335,0
DA:338,0
DA:339,0
DA:340,0
DA:341,0
DA:342,0
DA:345,0
LF:48
LH:0
BRDA:42,0,0,0
BRDA:42,0,1,0
BRDA:43,1,0,0
BRDA:43,1,1,0
BRDA:48,2,0,0
BRDA:48,2,1,0
BRDA:60,3,0,0
BRDA:60,3,1,0
BRDA:80,4,0,0
BRDA:80,4,1,0
BRDA:92,5,0,0
BRDA:92,5,1,0
BRDA:171,6,0,0
BRDA:171,6,1,0
BRDA:229,7,0,0
BRDA:229,7,1,0
BRDA:244,8,0,0
BRDA:244,8,1,0
BRDA:313,9,0,0
BRDA:313,9,1,0
BRDA:324,10,0,0
BRDA:324,10,1,0
BRDA:335,11,0,0
BRDA:335,11,1,0
BRDA:339,12,0,0
BRDA:339,12,1,0
BRDA:340,13,0,0
BRDA:340,13,1,0
BRDA:341,14,0,0
BRDA:341,14,1,0
BRF:30
BRH:0
end_of_record
TN:
SF:components\Icons.tsx
FN:13,LiveDot
FN:21,CheckCircle
FN:35,Clock
FN:54,Settings
FN:75,ChevronRight
FN:93,BookOpen
FN:114,Send
FN:128,TrendingUp
FN:149,Users
FN:178,DollarSign
FN:192,Plus
FN:206,Calendar
FN:221,Video
FN:246,Mic
FNF:14
FNH:0
FNDA:0,LiveDot
FNDA:0,CheckCircle
FNDA:0,Clock
FNDA:0,Settings
FNDA:0,ChevronRight
FNDA:0,BookOpen
FNDA:0,Send
FNDA:0,TrendingUp
FNDA:0,Users
FNDA:0,DollarSign
FNDA:0,Plus
FNDA:0,Calendar
FNDA:0,Video
FNDA:0,Mic
DA:14,0
DA:22,0
DA:36,0
DA:55,0
DA:76,0
DA:94,0
DA:115,0
DA:129,0
DA:150,0
DA:179,0
DA:193,0
DA:207,0
DA:222,0
DA:247,0
LF:14
LH:0
BRDA:13,0,0,0
BRDA:13,1,0,0
BRDA:21,2,0,0
BRDA:21,3,0,0
BRDA:35,4,0,0
BRDA:35,5,0,0
BRDA:54,6,0,0
BRDA:54,7,0,0
BRDA:75,8,0,0
BRDA:75,9,0,0
BRDA:93,10,0,0
BRDA:93,11,0,0
BRDA:114,12,0,0
BRDA:114,13,0,0
BRDA:128,14,0,0
BRDA:128,15,0,0
BRDA:149,16,0,0
BRDA:149,17,0,0
BRDA:178,18,0,0
BRDA:178,19,0,0
BRDA:192,20,0,0
BRDA:192,21,0,0
BRDA:206,22,0,0
BRDA:206,23,0,0
BRDA:221,24,0,0
BRDA:221,25,0,0
BRDA:246,26,0,0
BRDA:246,27,0,0
BRF:28
BRH:0
end_of_record
TN:
SF:components\ZoomLinkModal.tsx
FN:29,ZoomLinkModal
FN:40,(anonymous_1)
FN:83,(anonymous_2)
FN:109,(anonymous_3)
FNF:4
FNH:0
FNDA:0,ZoomLinkModal
FNDA:0,(anonymous_1)
FNDA:0,(anonymous_2)
FNDA:0,(anonymous_3)
DA:36,0
DA:37,0
DA:38,0
DA:40,0
DA:41,0
DA:43,0
DA:44,0
DA:45,0
DA:48,0
DA:49,0
DA:50,0
DA:53,0
DA:55,0
DA:57,0
DA:65,0
DA:67,0
DA:68,0
DA:73,0
DA:76,0
DA:77,0
DA:79,0
DA:83,0
DA:84,0
DA:85,0
DA:86,0
DA:89,0
DA:110,0
DA:111,0
DA:154,0
LF:29
LH:0
BRDA:43,0,0,0
BRDA:43,0,1,0
BRDA:48,1,0,0
BRDA:48,1,1,0
BRDA:65,2,0,0
BRDA:65,2,1,0
BRDA:67,3,0,0
BRDA:67,3,1,0
BRDA:77,4,0,0
BRDA:77,4,1,0
BRDA:105,5,0,0
BRDA:105,5,1,0
BRDA:118,6,0,0
BRDA:118,6,1,0
BRDA:132,7,0,0
BRDA:132,7,1,0
BRDA:136,8,0,0
BRDA:136,8,1,0
BRF:18
BRH:0
end_of_record
TN:
SF:constants\theme.ts
FNF:0
FNH:0
DA:4,0
DA:38,0
DA:72,0
DA:81,0
LF:4
LH:0
BRF:0
BRH:0
end_of_record
TN:
SF:lib\examTracker.ts
FN:46,(anonymous_0)
FN:58,(anonymous_1)
FN:77,(anonymous_2)
FN:115,(anonymous_3)
FN:132,(anonymous_4)
FN:152,(anonymous_5)
FN:161,(anonymous_6)
FN:171,(anonymous_7)
FN:182,(anonymous_8)
FN:195,(anonymous_9)
FN:199,(anonymous_10)
FN:203,(anonymous_11)
FN:207,(anonymous_12)
FN:210,(anonymous_13)
FN:214,(anonymous_14)
FN:216,(anonymous_15)
FN:219,(anonymous_16)
FN:233,(anonymous_17)
FNF:18
FNH:14
FNDA:12,(anonymous_0)
FNDA:1,(anonymous_1)
FNDA:15,(anonymous_2)
FNDA:7,(anonymous_3)
FNDA:4,(anonymous_4)
FNDA:4,(anonymous_5)
FNDA:3,(anonymous_6)
FNDA:2,(anonymous_7)
FNDA:0,(anonymous_8)
FNDA:0,(anonymous_9)
FNDA:2,(anonymous_10)
FNDA:8,(anonymous_11)
FNDA:1,(anonymous_12)
FNDA:3,(anonymous_13)
FNDA:0,(anonymous_14)
FNDA:0,(anonymous_15)
FNDA:1,(anonymous_16)
FNDA:13,(anonymous_17)
DA:38,1
DA:39,1
DA:40,1
DA:47,12
DA:55,12
DA:59,1
DA:61,1
DA:62,1
DA:65,1
DA:66,0
DA:69,1
DA:70,1
DA:78,15
DA:79,0
DA:80,0
DA:84,15
DA:85,6
DA:88,15
DA:90,15
DA:92,1
DA:93,1
DA:94,1
DA:97,14
DA:108,14
DA:109,14
DA:112,15
DA:116,7
DA:118,7
DA:119,7
DA:121,7
DA:122,7
DA:123,7
DA:125,7
DA:133,4
DA:135,4
DA:137,4
DA:138,4
DA:139,4
DA:142,4
DA:143,2
DA:145,2
DA:146,1
DA:153,4
DA:154,4
DA:162,3
DA:164,3
DA:165,3
DA:166,3
DA:167,3
DA:172,2
DA:174,2
DA:175,2
DA:176,2
DA:177,2
DA:178,2
DA:183,0
DA:185,0
DA:186,0
DA:187,0
DA:196,0
DA:200,2
DA:204,8
DA:208,1
DA:209,1
DA:210,3
DA:215,0
DA:216,0
DA:220,1
DA:222,1
DA:223,1
DA:224,1
DA:226,1
DA:234,13
DA:235,13
DA:236,13
DA:237,13
DA:242,1
LF:77
LH:67
BRDA:59,0,0,0
BRDA:59,0,1,1
BRDA:65,1,0,0
BRDA:65,1,1,1
BRDA:78,2,0,0
BRDA:78,2,1,15
BRDA:84,3,0,6
BRDA:84,3,1,9
BRDA:84,4,0,15
BRDA:84,4,1,6
BRDA:90,5,0,1
BRDA:90,5,1,14
BRDA:116,6,0,0
BRDA:116,6,1,7
BRDA:119,7,0,0
BRDA:119,7,1,7
BRDA:133,8,0,0
BRDA:133,8,1,4
BRDA:138,9,0,4
BRDA:138,9,1,0
BRDA:142,10,0,2
BRDA:142,10,1,2
BRDA:145,11,0,1
BRDA:145,11,1,1
BRDA:153,12,0,0
BRDA:153,12,1,4
BRDA:162,13,0,0
BRDA:162,13,1,3
BRDA:165,14,0,3
BRDA:165,14,1,0
BRDA:172,15,0,0
BRDA:172,15,1,2
BRDA:174,16,0,2
BRDA:174,16,1,2
BRDA:176,17,0,2
BRDA:176,17,1,0
BRDA:183,18,0,0
BRDA:183,18,1,0
BRDA:186,19,0,0
BRDA:186,19,1,0
BRDA:196,20,0,0
BRDA:196,20,1,0
BRDA:208,21,0,0
BRDA:208,21,1,1
BRDA:215,22,0,0
BRDA:215,22,1,0
BRDA:220,23,0,0
BRDA:220,23,1,1
BRF:48
BRH:26
end_of_record
TN:
SF:lib\notificationService.ts
FN:22,sendNotification
FN:44,sendReportToParent
FN:97,updateReportSendStatus
FN:109,sendLessonReminder
FN:125,sendPaymentRequest
FNF:5
FNH:0
FNDA:0,sendNotification
FNDA:0,sendReportToParent
FNDA:0,updateReportSendStatus
FNDA:0,sendLessonReminder
FNDA:0,sendPaymentRequest
DA:23,0
DA:24,0
DA:28,0
DA:30,0
DA:35,0
DA:36,0
DA:51,0
DA:57,0
DA:58,0
DA:61,0
DA:62,0
DA:65,0
DA:66,0
DA:73,0
DA:74,0
DA:75,0
DA:79,0
DA:80,0
DA:87,0
DA:88,0
DA:89,0
DA:93,0
DA:98,0
DA:115,0
DA:117,0
DA:131,0
DA:133,0
LF:27
LH:0
BRDA:28,0,0,0
BRDA:28,0,1,0
BRDA:38,1,0,0
BRDA:38,1,1,0
BRDA:57,2,0,0
BRDA:57,2,1,0
BRDA:65,3,0,0
BRDA:65,3,1,0
BRDA:73,4,0,0
BRDA:73,4,1,0
BRDA:79,5,0,0
BRDA:79,5,1,0
BRDA:87,6,0,0
BRDA:87,6,1,0
BRF:14
BRH:0
end_of_record
TN:
SF:lib\paymentService.ts
FN:30,createPayment
FN:46,updatePaymentStatus
FN:68,linkPaymentToSession
FN:83,getPaymentSummary
FN:121,(anonymous_4)
FN:122,(anonymous_5)
FN:144,getUnpaidSessions
FN:162,generateMonthlyReport
FN:201,(anonymous_8)
FN:202,(anonymous_9)
FN:203,(anonymous_10)
FNF:11
FNH:0
FNDA:0,createPayment
FNDA:0,updatePaymentStatus
FNDA:0,linkPaymentToSession
FNDA:0,getPaymentSummary
FNDA:0,(anonymous_4)
FNDA:0,(anonymous_5)
FNDA:0,getUnpaidSessions
FNDA:0,generateMonthlyReport
FNDA:0,(anonymous_8)
FNDA:0,(anonymous_9)
FNDA:0,(anonymous_10)
DA:31,0
DA:37,0
DA:38,0
DA:39,0
DA:42,0
DA:51,0
DA:59,0
DA:60,0
DA:61,0
DA:64,0
DA:69,0
DA:77,0
DA:78,0
DA:84,0
DA:85,0
DA:86,0
DA:87,0
DA:89,0
DA:91,0
DA:98,0
DA:105,0
DA:113,0
DA:121,0
DA:122,0
DA:124,0
DA:132,0
DA:133,0
DA:145,0
DA:153,0
DA:154,0
DA:155,0
DA:158,0
DA:168,0
DA:169,0
DA:171,0
DA:179,0
DA:180,0
DA:188,0
DA:190,0
DA:191,0
DA:192,0
DA:193,0
DA:199,0
DA:201,0
DA:202,0
DA:203,0
LF:46
LH:0
BRDA:37,0,0,0
BRDA:37,0,1,0
BRDA:55,1,0,0
BRDA:55,1,1,0
BRDA:55,2,0,0
BRDA:55,2,1,0
BRDA:59,3,0,0
BRDA:59,3,1,0
BRDA:77,4,0,0
BRDA:77,4,1,0
BRDA:122,5,0,0
BRDA:122,5,1,0
BRDA:122,6,0,0
BRDA:122,6,1,0
BRDA:127,7,0,0
BRDA:127,7,1,0
BRDA:153,8,0,0
BRDA:153,8,1,0
BRDA:158,9,0,0
BRDA:158,9,1,0
BRDA:179,10,0,0
BRDA:179,10,1,0
BRDA:191,11,0,0
BRDA:191,11,1,0
BRDA:192,12,0,0
BRDA:192,12,1,0
BRDA:195,13,0,0
BRDA:195,13,1,0
BRDA:201,14,0,0
BRDA:201,14,1,0
BRDA:202,15,0,0
BRDA:202,15,1,0
BRF:32
BRH:0
end_of_record
TN:
SF:lib\recallService.ts
FN:33,createBot
FN:68,getBotStatus
FN:89,getTranscript
FN:111,leaveBot
FN:130,isValidZoomUrl
FN:136,transcriptToText
FN:138,(anonymous_6)
FN:146,createDemoBot
FN:155,getDemoTranscript
FNF:9
FNH:0
FNDA:0,createBot
FNDA:0,getBotStatus
FNDA:0,getTranscript
FNDA:0,leaveBot
FNDA:0,isValidZoomUrl
FNDA:0,transcriptToText
FNDA:0,(anonymous_6)
FNDA:0,createDemoBot
FNDA:0,getDemoTranscript
DA:8,0
DA:9,0
DA:34,0
DA:35,0
DA:36,0
DA:39,0
DA:40,0
DA:41,0
DA:50,0
DA:52,0
DA:53,0
DA:60,0
DA:63,0
DA:69,0
DA:70,0
DA:73,0
DA:74,0
DA:80,0
DA:81,0
DA:83,0
DA:84,0
DA:90,0
DA:91,0
DA:94,0
DA:95,0
DA:101,0
DA:102,0
DA:103,0
DA:105,0
DA:106,0
DA:112,0
DA:114,0
DA:115,0
DA:122,0
DA:124,0
DA:125,0
DA:131,0
DA:132,0
DA:137,0
DA:138,0
DA:147,0
DA:156,0
LF:42
LH:0
BRDA:9,0,0,0
BRDA:9,0,1,0
BRDA:34,1,0,0
BRDA:34,1,1,0
BRDA:50,2,0,0
BRDA:50,2,1,0
BRDA:69,3,0,0
BRDA:69,3,1,0
BRDA:80,4,0,0
BRDA:80,4,1,0
BRDA:90,5,0,0
BRDA:90,5,1,0
BRDA:101,6,0,0
BRDA:101,6,1,0
BRDA:103,7,0,0
BRDA:103,7,1,0
BRDA:112,8,0,0
BRDA:112,8,1,0
BRF:18
BRH:0
end_of_record
TN:
SF:lib\store.ts
FN:93,(anonymous_0)
FN:95,(anonymous_1)
FN:99,(anonymous_2)
FN:100,(anonymous_3)
FN:104,(anonymous_4)
FN:106,(anonymous_5)
FN:112,(anonymous_6)
FN:117,(anonymous_7)
FN:132,(anonymous_8)
FN:162,(anonymous_9)
FN:182,(anonymous_10)
FN:187,(anonymous_11)
FN:192,(anonymous_12)
FN:197,(anonymous_13)
FN:198,(anonymous_14)
FN:204,(anonymous_15)
FN:209,(anonymous_16)
FN:215,(anonymous_17)
FNF:18
FNH:0
FNDA:0,(anonymous_0)
FNDA:0,(anonymous_1)
FNDA:0,(anonymous_2)
FNDA:0,(anonymous_3)
FNDA:0,(anonymous_4)
FNDA:0,(anonymous_5)
FNDA:0,(anonymous_6)
FNDA:0,(anonymous_7)
FNDA:0,(anonymous_8)
FNDA:0,(anonymous_9)
FNDA:0,(anonymous_10)
FNDA:0,(anonymous_11)
FNDA:0,(anonymous_12)
FNDA:0,(anonymous_13)
FNDA:0,(anonymous_14)
FNDA:0,(anonymous_15)
FNDA:0,(anonymous_16)
FNDA:0,(anonymous_17)
DA:50,0
DA:86,0
DA:93,0
DA:94,0
DA:95,0
DA:99,0
DA:100,0
DA:104,0
DA:105,0
DA:106,0
DA:107,0
DA:110,0
DA:112,0
DA:117,0
DA:133,0
DA:134,0
DA:135,0
DA:138,0
DA:139,0
DA:140,0
DA:145,0
DA:147,0
DA:148,0
DA:155,0
DA:157,0
DA:163,0
DA:164,0
DA:165,0
DA:168,0
DA:169,0
DA:174,0
DA:175,0
DA:177,0
DA:183,0
DA:188,0
DA:193,0
DA:198,0
DA:205,0
DA:210,0
DA:211,0
DA:216,0
DA:217,0
LF:42
LH:0
BRDA:100,0,0,0
BRDA:100,0,1,0
BRDA:107,1,0,0
BRDA:107,1,1,0
BRDA:133,2,0,0
BRDA:133,2,1,0
BRDA:145,3,0,0
BRDA:145,3,1,0
BRDA:147,4,0,0
BRDA:147,4,1,0
BRDA:163,5,0,0
BRDA:163,5,1,0
BRDA:174,6,0,0
BRDA:174,6,1,0
BRDA:175,7,0,0
BRDA:175,7,1,0
BRDA:205,8,0,0
BRDA:205,8,1,0
BRF:18
BRH:0
end_of_record
TN:
SF:lib\supabase.ts
FNF:0
FNH:0
DA:5,0
DA:6,0
DA:9,0
DA:10,0
DA:11,0
DA:13,0
DA:14,0
DA:17,0
DA:24,0
LF:9
LH:0
BRDA:5,0,0,0
BRDA:5,0,1,0
BRDA:5,0,2,0
BRDA:6,1,0,0
BRDA:6,1,1,0
BRDA:6,1,2,0
BRDA:9,2,0,0
BRDA:9,2,1,0
BRDA:10,3,0,0
BRDA:10,3,1,0
BRDA:11,4,0,0
BRDA:11,4,1,0
BRDA:13,5,0,0
BRDA:13,5,1,0
BRF:14
BRH:0
end_of_record
TN:
SF:lib\useGoogleCalendar.ts
FN:30,useGoogleCalendar
FN:37,(anonymous_1)
FN:41,(anonymous_2)
FN:60,(anonymous_3)
FN:102,(anonymous_4)
FN:120,(anonymous_5)
FN:148,(anonymous_6)
FN:194,(anonymous_7)
FN:198,(anonymous_8)
FN:199,(anonymous_9)
FN:211,(anonymous_10)
FNF:11
FNH:0
FNDA:0,useGoogleCalendar
FNDA:0,(anonymous_1)
FNDA:0,(anonymous_2)
FNDA:0,(anonymous_3)
FNDA:0,(anonymous_4)
FNDA:0,(anonymous_5)
FNDA:0,(anonymous_6)
FNDA:0,(anonymous_7)
FNDA:0,(anonymous_8)
FNDA:0,(anonymous_9)
FNDA:0,(anonymous_10)
DA:12,0
DA:13,0
DA:31,0
DA:32,0
DA:33,0
DA:34,0
DA:37,0
DA:38,0
DA:41,0
DA:42,0
DA:43,0
DA:44,0
DA:45,0
DA:46,0
DA:47,0
DA:48,0
DA:51,0
DA:55,0
DA:60,0
DA:61,0
DA:62,0
DA:63,0
DA:64,0
DA:67,0
DA:68,0
DA:70,0
DA:71,0
DA:75,0
DA:83,0
DA:85,0
DA:86,0
DA:87,0
DA:89,0
DA:90,0
DA:94,0
DA:95,0
DA:97,0
DA:102,0
DA:103,0
DA:107,0
DA:109,0
DA:115,0
DA:116,0
DA:120,0
DA:121,0
DA:122,0
DA:123,0
DA:126,0
DA:127,0
DA:131,0
DA:133,0
DA:139,0
DA:140,0
DA:142,0
DA:143,0
DA:148,0
DA:149,0
DA:150,0
DA:152,0
DA:153,0
DA:154,0
DA:155,0
DA:158,0
DA:160,0
DA:161,0
DA:163,0
DA:175,0
DA:176,0
DA:179,0
DA:180,0
DA:183,0
DA:186,0
DA:187,0
DA:189,0
DA:194,0
DA:196,0
DA:198,0
DA:199,0
DA:200,0
DA:204,0
DA:211,0
DA:212,0
DA:213,0
DA:214,0
DA:217,0
LF:85
LH:0
BRDA:12,0,0,0
BRDA:12,0,1,0
BRDA:44,1,0,0
BRDA:44,1,1,0
BRDA:46,2,0,0
BRDA:46,2,1,0
BRDA:61,3,0,0
BRDA:61,3,1,0
BRDA:85,4,0,0
BRDA:85,4,1,0
BRDA:85,5,0,0
BRDA:85,5,1,0
BRDA:89,6,0,0
BRDA:89,6,1,0
BRDA:107,7,0,0
BRDA:107,7,1,0
BRDA:121,8,0,0
BRDA:121,8,1,0
BRDA:131,9,0,0
BRDA:131,9,1,0
BRDA:154,10,0,0
BRDA:154,10,1,0
BRDA:175,11,0,0
BRDA:175,11,1,0
BRDA:180,12,0,0
BRDA:180,12,1,0
BRDA:183,13,0,0
BRDA:183,13,1,0
BRF:28
BRH:0
end_of_record
TN:
SF:lib\curriculum\index.ts
FN:35,initializeCurriculum
FN:48,syncCurriculum
FN:56,(anonymous_2)
FN:71,getSubjects
FN:76,getSubjectById
FN:77,(anonymous_5)
FN:81,getUnits
FN:87,getTopics
FN:89,(anonymous_8)
FN:94,getTotalTopics
FN:96,(anonymous_10)
FN:100,createInitialMasteryMap
FN:104,(anonymous_12)
FN:105,(anonymous_13)
FN:114,calculateOverallMastery
FN:118,(anonymous_15)
FN:126,calculateUnitMastery
FN:135,(anonymous_17)
FNF:18
FNH:0
FNDA:0,initializeCurriculum
FNDA:0,syncCurriculum
FNDA:0,(anonymous_2)
FNDA:0,getSubjects
FNDA:0,getSubjectById
FNDA:0,(anonymous_5)
FNDA:0,getUnits
FNDA:0,getTopics
FNDA:0,(anonymous_8)
FNDA:0,getTotalTopics
FNDA:0,(anonymous_10)
FNDA:0,createInitialMasteryMap
FNDA:0,(anonymous_12)
FNDA:0,(anonymous_13)
FNDA:0,calculateOverallMastery
FNDA:0,(anonymous_15)
FNDA:0,calculateUnitMastery
FNDA:0,(anonymous_17)
DA:5,0
DA:32,0
DA:36,0
DA:37,0
DA:38,0
DA:39,0
DA:40,0
DA:43,0
DA:49,0
DA:50,0
DA:56,0
DA:59,0
DA:60,0
DA:62,0
DA:63,0
DA:65,0
DA:66,0
DA:72,0
DA:77,0
DA:82,0
DA:83,0
DA:88,0
DA:89,0
DA:90,0
DA:95,0
DA:96,0
DA:101,0
DA:102,0
DA:104,0
DA:105,0
DA:106,0
DA:110,0
DA:115,0
DA:117,0
DA:118,0
DA:119,0
DA:122,0
DA:131,0
DA:132,0
DA:134,0
DA:135,0
DA:136,0
DA:139,0
LF:43
LH:0
BRDA:38,0,0,0
BRDA:38,0,1,0
BRDA:83,1,0,0
BRDA:83,1,1,0
BRDA:90,2,0,0
BRDA:90,2,1,0
BRDA:115,3,0,0
BRDA:115,3,1,0
BRDA:132,4,0,0
BRDA:132,4,1,0
BRDA:136,5,0,0
BRDA:136,5,1,0
BRF:12
BRH:0
end_of_record
TN:
SF:services\esipService.ts
FN:84,analyzeTestResults
FN:106,(anonymous_1)
FN:106,(anonymous_2)
FN:107,(anonymous_3)
FN:107,(anonymous_4)
FN:112,calculateBasicStats
FN:113,(anonymous_6)
FN:114,(anonymous_7)
FN:125,analyzeByTopic
FN:128,(anonymous_9)
FN:129,(anonymous_10)
FN:142,(anonymous_11)
FN:151,analyzeErrorPatterns
FN:155,(anonymous_13)
FN:156,(anonymous_14)
FN:164,(anonymous_15)
FN:181,(anonymous_16)
FN:182,(anonymous_17)
FN:190,(anonymous_18)
FN:196,(anonymous_19)
FN:197,(anonymous_20)
FN:205,(anonymous_21)
FN:222,(anonymous_22)
FN:225,findConceptualGaps
FN:228,(anonymous_24)
FN:230,(anonymous_25)
FN:240,(anonymous_26)
FN:249,detectMentalFatigue
FN:256,(anonymous_28)
FN:257,(anonymous_29)
FN:271,getAIInsights
FN:319,buildAnalysisPrompt
FN:339,(anonymous_32)
FN:342,(anonymous_33)
FN:345,(anonymous_34)
FN:346,(anonymous_35)
FN:379,parseAIResponse
FN:401,generateDefaultInsights
FN:406,(anonymous_38)
FN:406,(anonymous_39)
FN:407,(anonymous_40)
FN:407,(anonymous_41)
FN:419,(anonymous_42)
FN:425,(anonymous_43)
FN:442,convertTrackerToResponses
FN:449,(anonymous_45)
FN:466,(anonymous_46)
FN:472,analyzeWithBehaviorData
FN:480,(anonymous_48)
FN:481,(anonymous_49)
FN:486,(anonymous_50)
FN:495,(anonymous_51)
FN:503,(anonymous_52)
FNF:53
FNH:0
FNDA:0,analyzeTestResults
FNDA:0,(anonymous_1)
FNDA:0,(anonymous_2)
FNDA:0,(anonymous_3)
FNDA:0,(anonymous_4)
FNDA:0,calculateBasicStats
FNDA:0,(anonymous_6)
FNDA:0,(anonymous_7)
FNDA:0,analyzeByTopic
FNDA:0,(anonymous_9)
FNDA:0,(anonymous_10)
FNDA:0,(anonymous_11)
FNDA:0,analyzeErrorPatterns
FNDA:0,(anonymous_13)
FNDA:0,(anonymous_14)
FNDA:0,(anonymous_15)
FNDA:0,(anonymous_16)
FNDA:0,(anonymous_17)
FNDA:0,(anonymous_18)
FNDA:0,(anonymous_19)
FNDA:0,(anonymous_20)
FNDA:0,(anonymous_21)
FNDA:0,(anonymous_22)
FNDA:0,findConceptualGaps
FNDA:0,(anonymous_24)
FNDA:0,(anonymous_25)
FNDA:0,(anonymous_26)
FNDA:0,detectMentalFatigue
FNDA:0,(anonymous_28)
FNDA:0,(anonymous_29)
FNDA:0,getAIInsights
FNDA:0,buildAnalysisPrompt
FNDA:0,(anonymous_32)
FNDA:0,(anonymous_33)
FNDA:0,(anonymous_34)
FNDA:0,(anonymous_35)
FNDA:0,parseAIResponse
FNDA:0,generateDefaultInsights
FNDA:0,(anonymous_38)
FNDA:0,(anonymous_39)
FNDA:0,(anonymous_40)
FNDA:0,(anonymous_41)
FNDA:0,(anonymous_42)
FNDA:0,(anonymous_43)
FNDA:0,convertTrackerToResponses
FNDA:0,(anonymous_45)
FNDA:0,(anonymous_46)
FNDA:0,analyzeWithBehaviorData
FNDA:0,(anonymous_48)
FNDA:0,(anonymous_49)
FNDA:0,(anonymous_50)
FNDA:0,(anonymous_51)
FNDA:0,(anonymous_52)
DA:6,0
DA:7,0
DA:90,0
DA:93,0
DA:96,0
DA:99,0
DA:101,0
DA:106,0
DA:107,0
DA:113,0
DA:114,0
DA:116,0
DA:126,0
DA:128,0
DA:129,0
DA:130,0
DA:132,0
DA:133,0
DA:135,0
DA:142,0
DA:152,0
DA:155,0
DA:156,0
DA:157,0
DA:160,0
DA:161,0
DA:164,0
DA:170,0
DA:171,0
DA:172,0
DA:181,0
DA:182,0
DA:183,0
DA:186,0
DA:187,0
DA:190,0
DA:196,0
DA:197,0
DA:198,0
DA:201,0
DA:202,0
DA:205,0
DA:211,0
DA:212,0
DA:213,0
DA:222,0
DA:226,0
DA:228,0
DA:229,0
DA:230,0
DA:231,0
DA:233,0
DA:234,0
DA:235,0
DA:239,0
DA:240,0
DA:241,0
DA:242,0
DA:246,0
DA:250,0
DA:252,0
DA:253,0
DA:254,0
DA:256,0
DA:257,0
DA:260,0
DA:261,0
DA:264,0
DA:288,0
DA:289,0
DA:292,0
DA:293,0
DA:295,0
DA:307,0
DA:309,0
DA:310,0
DA:312,0
DA:314,0
DA:315,0
DA:327,0
DA:339,0
DA:342,0
DA:346,0
DA:347,0
DA:380,0
DA:381,0
DA:382,0
DA:383,0
DA:384,0
DA:395,0
DA:398,0
DA:406,0
DA:407,0
DA:409,0
DA:419,0
DA:425,0
DA:447,0
DA:449,0
DA:450,0
DA:451,0
DA:453,0
DA:454,0
DA:456,0
DA:466,0
DA:477,0
DA:480,0
DA:481,0
DA:482,0
DA:485,0
DA:486,0
DA:487,0
DA:488,0
DA:489,0
DA:494,0
DA:495,0
DA:496,0
DA:497,0
DA:498,0
DA:503,0
LF:119
LH:0
BRDA:6,0,0,0
BRDA:6,0,1,0
BRDA:104,1,0,0
BRDA:104,1,1,0
BRDA:130,2,0,0
BRDA:130,2,1,0
BRDA:133,3,0,0
BRDA:133,3,1,0
BRDA:137,4,0,0
BRDA:137,4,1,0
BRDA:157,5,0,0
BRDA:157,5,1,0
BRDA:157,5,2,0
BRDA:157,5,3,0
BRDA:160,6,0,0
BRDA:160,6,1,0
BRDA:171,7,0,0
BRDA:171,7,1,0
BRDA:183,8,0,0
BRDA:183,8,1,0
BRDA:186,9,0,0
BRDA:186,9,1,0
BRDA:198,10,0,0
BRDA:198,10,1,0
BRDA:198,10,2,0
BRDA:201,11,0,0
BRDA:201,11,1,0
BRDA:212,12,0,0
BRDA:212,12,1,0
BRDA:229,13,0,0
BRDA:229,13,1,0
BRDA:231,14,0,0
BRDA:231,14,1,0
BRDA:233,15,0,0
BRDA:233,15,1,0
BRDA:241,16,0,0
BRDA:241,16,1,0
BRDA:250,17,0,0
BRDA:250,17,1,0
BRDA:260,18,0,0
BRDA:260,18,1,0
BRDA:288,19,0,0
BRDA:288,19,1,0
BRDA:307,20,0,0
BRDA:307,20,1,0
BRDA:382,21,0,0
BRDA:382,21,1,0
BRDA:385,22,0,0
BRDA:385,22,1,0
BRDA:386,23,0,0
BRDA:386,23,1,0
BRDA:387,24,0,0
BRDA:387,24,1,0
BRDA:389,25,0,0
BRDA:389,25,1,0
BRDA:390,26,0,0
BRDA:390,26,1,0
BRDA:391,27,0,0
BRDA:391,27,1,0
BRDA:412,28,0,0
BRDA:412,28,1,0
BRDA:417,29,0,0
BRDA:417,29,1,0
BRDA:417,30,0,0
BRDA:417,30,1,0
BRDA:419,31,0,0
BRDA:419,31,1,0
BRDA:422,32,0,0
BRDA:422,32,1,0
BRDA:425,33,0,0
BRDA:425,33,1,0
BRDA:451,34,0,0
BRDA:451,34,1,0
BRDA:453,35,0,0
BRDA:453,35,1,0
BRDA:454,36,0,0
BRDA:454,36,1,0
BRDA:482,37,0,0
BRDA:482,37,1,0
BRDA:482,38,0,0
BRDA:482,38,1,0
BRDA:485,39,0,0
BRDA:485,39,1,0
BRDA:487,40,0,0
BRDA:487,40,1,0
BRDA:487,41,0,0
BRDA:487,41,1,0
BRDA:494,42,0,0
BRDA:494,42,1,0
BRDA:496,43,0,0
BRDA:496,43,1,0
BRDA:496,44,0,0
BRDA:496,44,1,0
BRF:93
BRH:0
end_of_record
TN:
SF:services\geofencing.ts
FN:12,(anonymous_0)
FN:33,requestLocationPermissions
FN:53,addLessonLocation
FN:88,removeLessonLocation
FN:102,getCurrentLocation
FN:125,isGeofencingAvailable
FNF:6
FNH:0
FNDA:0,(anonymous_0)
FNDA:0,requestLocationPermissions
FNDA:0,addLessonLocation
FNDA:0,removeLessonLocation
FNDA:0,getCurrentLocation
FNDA:0,isGeofencingAvailable
DA:9,0
DA:12,0
DA:13,0
DA:14,0
DA:15,0
DA:18,0
DA:19,0
DA:20,0
DA:22,0
DA:24,0
DA:34,0
DA:36,0
DA:37,0
DA:38,0
DA:42,0
DA:44,0
DA:45,0
DA:46,0
DA:49,0
DA:60,0
DA:62,0
DA:63,0
DA:64,0
DA:67,0
DA:68,0
DA:79,0
DA:80,0
DA:82,0
DA:83,0
DA:89,0
DA:90,0
DA:92,0
DA:93,0
DA:94,0
DA:97,0
DA:103,0
DA:105,0
DA:106,0
DA:109,0
DA:110,0
DA:114,0
DA:119,0
DA:120,0
DA:126,0
LF:44
LH:0
BRDA:13,0,0,0
BRDA:13,0,1,0
BRDA:18,1,0,0
BRDA:18,1,1,0
BRDA:22,2,0,0
BRDA:22,2,1,0
BRDA:36,3,0,0
BRDA:36,3,1,0
BRDA:44,4,0,0
BRDA:44,4,1,0
BRDA:58,5,0,0
BRDA:62,6,0,0
BRDA:62,6,1,0
BRDA:92,7,0,0
BRDA:92,7,1,0
BRDA:105,8,0,0
BRDA:105,8,1,0
BRF:17
BRH:0
end_of_record
TN:
SF:services\notifications.ts
FN:11,(anonymous_0)
FN:20,registerForPushNotificationsAsync
FN:56,scheduleLessonReminder
FN:87,cancelLessonReminder
FN:92,cancelAllReminders
FN:97,addNotificationResponseListener
FN:104,sendTestNotification
FNF:7
FNH:0
FNDA:0,(anonymous_0)
FNDA:0,registerForPushNotificationsAsync
FNDA:0,scheduleLessonReminder
FNDA:0,cancelLessonReminder
FNDA:0,cancelAllReminders
FNDA:0,addNotificationResponseListener
FNDA:0,sendTestNotification
DA:10,0
DA:11,0
DA:23,0
DA:24,0
DA:32,0
DA:33,0
DA:34,0
DA:36,0
DA:37,0
DA:38,0
DA:41,0
DA:42,0
DA:43,0
DA:46,0
DA:47,0
DA:49,0
DA:52,0
DA:62,0
DA:64,0
DA:65,0
DA:66,0
DA:69,0
DA:82,0
DA:83,0
DA:88,0
DA:93,0
DA:100,0
DA:105,0
LF:28
LH:0
BRDA:23,0,0,0
BRDA:23,0,1,0
BRDA:32,1,0,0
BRDA:32,1,1,0
BRDA:36,2,0,0
BRDA:36,2,1,0
BRDA:41,3,0,0
BRDA:41,3,1,0
BRDA:64,4,0,0
BRDA:64,4,1,0
BRF:10
BRH:0
end_of_record
TN:
SF:services\reportService.ts
FN:27,generateReport
FN:72,buildPrompt
FN:103,parseReportResponse
FN:123,generateDemoReport
FN:162,formatReportForParent
FN:177,(anonymous_5)
FN:180,(anonymous_6)
FN:194,saveReport
FNF:8
FNH:0
FNDA:0,generateReport
FNDA:0,buildPrompt
FNDA:0,parseReportResponse
FNDA:0,generateDemoReport
FNDA:0,formatReportForParent
FNDA:0,(anonymous_5)
FNDA:0,(anonymous_6)
FNDA:0,saveReport
DA:8,0
DA:9,0
DA:29,0
DA:30,0
DA:31,0
DA:34,0
DA:35,0
DA:37,0
DA:53,0
DA:54,0
DA:57,0
DA:58,0
DA:60,0
DA:61,0
DA:64,0
DA:66,0
DA:67,0
DA:73,0
DA:104,0
DA:106,0
DA:107,0
DA:108,0
DA:110,0
DA:112,0
DA:113,0
DA:124,0
DA:151,0
DA:163,0
DA:169,0
DA:177,0
DA:180,0
DA:195,0
DA:203,0
DA:204,0
DA:205,0
LF:35
LH:0
BRDA:8,0,0,0
BRDA:8,0,1,0
BRDA:29,1,0,0
BRDA:29,1,1,0
BRDA:53,2,0,0
BRDA:53,2,1,0
BRDA:60,3,0,0
BRDA:60,3,1,0
BRDA:83,4,0,0
BRDA:83,4,1,0
BRDA:84,5,0,0
BRDA:84,5,1,0
BRDA:107,6,0,0
BRDA:107,6,1,0
BRDA:151,7,0,0
BRDA:151,7,1,0
BRDA:183,8,0,0
BRDA:183,8,1,0
BRDA:186,9,0,0
BRDA:186,9,1,0
BRDA:203,10,0,0
BRDA:203,10,1,0
BRF:22
BRH:0
end_of_record
TN:
SF:supabase\functions\google-auth\index.ts
FN:19,(anonymous_0)
FN:65,exchangeCodeForTokens
FN:91,refreshAccessToken
FNF:3
FNH:0
FNDA:0,(anonymous_0)
FNDA:0,exchangeCodeForTokens
FNDA:0,refreshAccessToken
DA:8,0
DA:19,0
DA:20,0
DA:21,0
DA:24,0
DA:25,0
DA:27,0
DA:28,0
DA:30,0
DA:31,0
DA:39,0
DA:41,0
DA:42,0
DA:44,0
DA:46,0
DA:52,0
DA:57,0
DA:58,0
DA:71,0
DA:83,0
DA:84,0
DA:85,0
DA:88,0
DA:96,0
DA:107,0
DA:108,0
DA:109,0
DA:112,0
LF:28
LH:0
BRDA:20,0,0,0
BRDA:20,0,1,0
BRDA:30,1,0,0
BRDA:30,1,1,0
BRDA:30,2,0,0
BRDA:30,2,1,0
BRDA:39,3,0,0
BRDA:39,3,1,0
BRDA:39,4,0,0
BRDA:39,4,1,0
BRDA:42,5,0,0
BRDA:42,5,1,0
BRDA:83,6,0,0
BRDA:83,6,1,0
BRDA:107,7,0,0
BRDA:107,7,1,0
BRF:16
BRH:0
end_of_record
TN:
SF:supabase\functions\recall-bot\index.ts
FN:24,(anonymous_0)
FNF:1
FNH:0
FNDA:0,(anonymous_0)
DA:9,0
DA:14,0
DA:15,0
DA:24,0
DA:25,0
DA:26,0
DA:29,0
DA:30,0
DA:32,0
DA:33,0
DA:40,0
DA:41,0
DA:42,0
DA:48,0
DA:50,0
DA:61,0
DA:84,0
DA:85,0
DA:86,0
DA:89,0
DA:92,0
DA:93,0
DA:98,0
DA:108,0
DA:118,0
DA:119,0
LF:26
LH:0
BRDA:25,0,0,0
BRDA:25,0,1,0
BRDA:32,1,0,0
BRDA:32,1,1,0
BRDA:41,2,0,0
BRDA:41,2,1,0
BRDA:48,3,0,0
BRDA:48,3,1,0
BRDA:69,4,0,0
BRDA:69,4,1,0
BRDA:80,5,0,0
BRDA:80,5,1,0
BRDA:84,6,0,0
BRDA:84,6,1,0
BRDA:92,7,0,0
BRDA:92,7,1,0
BRDA:94,8,0,0
BRDA:94,8,1,0
BRDA:95,9,0,0
BRDA:95,9,1,0
BRF:20
BRH:0
end_of_record
TN:
SF:supabase\functions\recall-webhook\index.ts
FN:39,(anonymous_0)
FN:69,(anonymous_1)
FN:145,generateAIReport
FN:204,getDemoReport
FN:216,formatReportForParent
FN:223,(anonymous_5)
FN:226,(anonymous_6)
FN:229,(anonymous_7)
FN:241,sendToParent
FNF:9
FNH:0
FNDA:0,(anonymous_0)
FNDA:0,(anonymous_1)
FNDA:0,generateAIReport
FNDA:0,getDemoReport
FNDA:0,formatReportForParent
FNDA:0,(anonymous_5)
FNDA:0,(anonymous_6)
FNDA:0,(anonymous_7)
FNDA:0,sendToParent
DA:9,0
DA:14,0
DA:15,0
DA:39,0
DA:40,0
DA:41,0
DA:44,0
DA:45,0
DA:46,0
DA:49,0
DA:50,0
DA:55,0
DA:56,0
DA:57,0
DA:59,0
DA:60,0
DA:61,0
DA:68,0
DA:69,0
DA:73,0
DA:76,0
DA:82,0
DA:83,0
DA:93,0
DA:107,0
DA:108,0
DA:109,0
DA:123,0
DA:124,0
DA:127,0
DA:136,0
DA:137,0
DA:146,0
DA:147,0
DA:150,0
DA:175,0
DA:176,0
DA:188,0
DA:189,0
DA:192,0
DA:193,0
DA:194,0
DA:197,0
DA:200,0
DA:205,0
DA:217,0
DA:223,0
DA:226,0
DA:229,0
DA:242,0
DA:245,0
DA:251,0
DA:254,0
DA:260,0
DA:261,0
DA:262,0
DA:266,0
LF:57
LH:0
BRDA:40,0,0,0
BRDA:40,0,1,0
BRDA:49,1,0,0
BRDA:49,1,1,0
BRDA:59,2,0,0
BRDA:59,2,1,0
BRDA:59,3,0,0
BRDA:59,3,1,0
BRDA:73,4,0,0
BRDA:73,4,1,0
BRDA:77,5,0,0
BRDA:77,5,1,0
BRDA:78,6,0,0
BRDA:78,6,1,0
BRDA:82,7,0,0
BRDA:82,7,1,0
BRDA:100,8,0,0
BRDA:100,8,1,0
BRDA:107,9,0,0
BRDA:107,9,1,0
BRDA:107,10,0,0
BRDA:107,10,1,0
BRDA:107,10,2,0
BRDA:115,11,0,0
BRDA:115,11,1,0
BRDA:123,12,0,0
BRDA:123,12,1,0
BRDA:146,13,0,0
BRDA:146,13,1,0
BRDA:189,14,0,0
BRDA:189,14,1,0
BRDA:193,15,0,0
BRDA:193,15,1,0
BRDA:232,16,0,0
BRDA:232,16,1,0
BRDA:235,17,0,0
BRDA:235,17,1,0
BRDA:242,18,0,0
BRDA:242,18,1,0
BRDA:251,19,0,0
BRDA:251,19,1,0
BRDA:260,20,0,0
BRDA:260,20,1,0
BRDA:260,21,0,0
BRDA:260,21,1,0
BRDA:268,22,0,0
BRDA:268,22,1,0
BRDA:269,23,0,0
BRDA:269,23,1,0
BRF:49
BRH:0
end_of_record
TN:
SF:supabase\functions\send-notification\index.ts
FN:20,(anonymous_0)
FN:66,sendSMS
FN:99,sendEmail
FN:133,sendKakao
FNF:4
FNH:0
FNDA:0,(anonymous_0)
FNDA:0,sendSMS
FNDA:0,sendEmail
FNDA:0,sendKakao
DA:8,0
DA:20,0
DA:22,0
DA:23,0
DA:26,0
DA:27,0
DA:29,0
DA:30,0
DA:38,0
DA:40,0
DA:41,0
DA:43,0
DA:44,0
DA:46,0
DA:47,0
DA:49,0
DA:52,0
DA:57,0
DA:58,0
DA:67,0
DA:68,0
DA:69,0
DA:71,0
DA:72,0
DA:73,0
DA:76,0
DA:77,0
DA:78,0
DA:79,0
DA:80,0
DA:81,0
DA:82,0
DA:84,0
DA:89,0
DA:91,0
DA:92,0
DA:95,0
DA:100,0
DA:101,0
DA:103,0
DA:104,0
DA:105,0
DA:108,0
DA:125,0
DA:126,0
DA:129,0
DA:135,0
DA:136,0
LF:48
LH:0
BRDA:22,0,0,0
BRDA:22,0,1,0
BRDA:29,1,0,0
BRDA:29,1,1,0
BRDA:29,2,0,0
BRDA:29,2,1,0
BRDA:29,2,2,0
BRDA:38,3,0,0
BRDA:38,3,1,0
BRDA:38,3,2,0
BRDA:38,3,3,0
BRDA:71,4,0,0
BRDA:71,4,1,0
BRDA:71,5,0,0
BRDA:71,5,1,0
BRDA:71,5,2,0
BRDA:91,6,0,0
BRDA:91,6,1,0
BRDA:92,7,0,0
BRDA:92,7,1,0
BRDA:101,8,0,0
BRDA:101,8,1,0
BRDA:103,9,0,0
BRDA:103,9,1,0
BRDA:125,10,0,0
BRDA:125,10,1,0
BRDA:129,11,0,0
BRDA:129,11,1,0
BRF:28
BRH:0
end_of_record
